2025-10-28 00:26:18.185 +02:00 [INF] Request starting HTTP/1.1 GET http://localhost:5087/swagger/index.html - null null
2025-10-28 00:26:18.195 +02:00 [INF] Request finished HTTP/1.1 GET http://localhost:5087/swagger/index.html - 200 null text/html;charset=utf-8 9.9161ms
2025-10-28 00:26:18.396 +02:00 [INF] Request starting HTTP/1.1 GET http://localhost:5087/swagger/v1/swagger.json - null null
2025-10-28 00:26:18.407 +02:00 [INF] Request finished HTTP/1.1 GET http://localhost:5087/swagger/v1/swagger.json - 200 null application/json;charset=utf-8 11.344ms
2025-10-28 00:26:46.500 +02:00 [INF] Request starting HTTP/1.1 POST http://localhost:5087/api/Auth/login - application/json 49
2025-10-28 00:26:46.504 +02:00 [INF] Executing endpoint 'Xavissa.Backend.Controllers.AuthController.Login (Xavissa.Backend)'
2025-10-28 00:26:46.509 +02:00 [INF] Route matched with {action = "Login", controller = "Auth"}. Executing controller action with signature System.Threading.Tasks.Task`1[Microsoft.AspNetCore.Mvc.IActionResult] Login(Xavissa.Backend.Controllers.LoginRequest) on controller Xavissa.Backend.Controllers.AuthController (Xavissa.Backend).
2025-10-28 00:26:47.939 +02:00 [INF] Executed DbCommand (203ms) [Parameters=[@__username_0='?'], CommandType='"Text"', CommandTimeout='120']
SELECT u."Id", u."Email", u."PasswordHash", u."Role", u."Username"
FROM "Users" AS u
WHERE u."Username" = @__username_0
LIMIT 1
2025-10-28 00:26:47.944 +02:00 [INF] Executing OkObjectResult, writing value of type '<>f__AnonymousType1`1[[System.String, System.Private.CoreLib, Version=9.0.0.0, Culture=neutral, PublicKeyToken=7cec85d7bea7798e]]'.
2025-10-28 00:26:47.946 +02:00 [INF] Executed action Xavissa.Backend.Controllers.AuthController.Login (Xavissa.Backend) in 1434.2656ms
2025-10-28 00:26:47.949 +02:00 [INF] Executed endpoint 'Xavissa.Backend.Controllers.AuthController.Login (Xavissa.Backend)'
2025-10-28 00:26:47.951 +02:00 [INF] Request finished HTTP/1.1 POST http://localhost:5087/api/Auth/login - 200 null application/json; charset=utf-8 1450.9956ms
2025-10-28 00:27:56.412 +02:00 [INF] Request starting HTTP/1.1 POST http://localhost:5087/api/UserManagement/create-admin - application/json 83
2025-10-28 00:27:56.416 +02:00 [INF] Authorization failed. These requirements were not met:
DenyAnonymousAuthorizationRequirement: Requires an authenticated user.
RolesAuthorizationRequirement:User.IsInRole must be true for one of the following roles: (All)
2025-10-28 00:27:56.418 +02:00 [INF] AuthenticationScheme: Bearer was challenged.
2025-10-28 00:27:56.419 +02:00 [INF] Request finished HTTP/1.1 POST http://localhost:5087/api/UserManagement/create-admin - 401 0 null 6.8326ms
2025-10-28 01:18:20.786 +02:00 [INF] Application is shutting down...
2025-10-28 01:18:28.349 +02:00 [INF] User profile is available. Using 'C:\Users\COUTINHO\AppData\Local\ASP.NET\DataProtection-Keys' as key repository and Windows DPAPI to encrypt keys at rest.
2025-10-28 01:18:28.535 +02:00 [INF] Now listening on: http://localhost:5087
2025-10-28 01:18:28.539 +02:00 [INF] Application started. Press Ctrl+C to shut down.
2025-10-28 01:18:28.540 +02:00 [INF] Hosting environment: Development
2025-10-28 01:18:28.540 +02:00 [INF] Content root path: D:\Work Spot\PROJECTS\Business\Xavissa\Backend\Xavissa.Backend
2025-10-28 01:22:51.210 +02:00 [INF] Request starting HTTP/1.1 GET http://localhost:5087/swagger/index.html - null null
2025-10-28 01:22:51.314 +02:00 [INF] Request finished HTTP/1.1 GET http://localhost:5087/swagger/index.html - 200 null text/html;charset=utf-8 105.7496ms
2025-10-28 01:22:51.534 +02:00 [INF] Request starting HTTP/1.1 GET http://localhost:5087/swagger/v1/swagger.json - null null
2025-10-28 01:22:51.670 +02:00 [INF] Request finished HTTP/1.1 GET http://localhost:5087/swagger/v1/swagger.json - 200 null application/json;charset=utf-8 136.9779ms
2025-10-28 01:23:15.994 +02:00 [INF] Application is shutting down...
2025-10-28 01:23:20.753 +02:00 [INF] User profile is available. Using 'C:\Users\COUTINHO\AppData\Local\ASP.NET\DataProtection-Keys' as key repository and Windows DPAPI to encrypt keys at rest.
2025-10-28 01:23:20.935 +02:00 [INF] Now listening on: http://localhost:5087
2025-10-28 01:23:20.940 +02:00 [INF] Application started. Press Ctrl+C to shut down.
2025-10-28 01:23:20.941 +02:00 [INF] Hosting environment: Development
2025-10-28 01:23:20.942 +02:00 [INF] Content root path: D:\Work Spot\PROJECTS\Business\Xavissa\Backend\Xavissa.Backend
2025-10-28 01:23:33.696 +02:00 [INF] Request starting HTTP/1.1 GET http://localhost:5087/swagger/index.html - null null
2025-10-28 01:23:33.792 +02:00 [INF] Request finished HTTP/1.1 GET http://localhost:5087/swagger/index.html - 200 null text/html;charset=utf-8 96.4602ms
2025-10-28 01:23:33.991 +02:00 [INF] Request starting HTTP/1.1 GET http://localhost:5087/swagger/v1/swagger.json - null null
2025-10-28 01:23:34.117 +02:00 [INF] Request finished HTTP/1.1 GET http://localhost:5087/swagger/v1/swagger.json - 200 null application/json;charset=utf-8 126.0206ms
2025-10-28 01:23:48.161 +02:00 [INF] Request starting HTTP/1.1 POST http://localhost:5087/api/Auth/login - application/json 49
2025-10-28 01:23:48.188 +02:00 [WRN] Failed to determine the https port for redirect.
2025-10-28 01:23:48.190 +02:00 [INF] Executing endpoint 'Xavissa.Backend.Controllers.AuthController.Login (Xavissa.Backend)'
2025-10-28 01:23:48.207 +02:00 [INF] Route matched with {action = "Login", controller = "Auth"}. Executing controller action with signature System.Threading.Tasks.Task`1[Microsoft.AspNetCore.Mvc.IActionResult] Login(Xavissa.Backend.Controllers.LoginRequest) on controller Xavissa.Backend.Controllers.AuthController (Xavissa.Backend).
2025-10-28 01:23:51.130 +02:00 [INF] Executed DbCommand (244ms) [Parameters=[@__username_0='?'], CommandType='"Text"', CommandTimeout='120']
SELECT u."Id", u."Email", u."PasswordHash", u."Role", u."Username"
FROM "Users" AS u
WHERE u."Username" = @__username_0
LIMIT 1
2025-10-28 01:23:51.226 +02:00 [INF] Executing OkObjectResult, writing value of type '<>f__AnonymousType1`1[[System.String, System.Private.CoreLib, Version=9.0.0.0, Culture=neutral, PublicKeyToken=7cec85d7bea7798e]]'.
2025-10-28 01:23:51.237 +02:00 [INF] Executed action Xavissa.Backend.Controllers.AuthController.Login (Xavissa.Backend) in 3024.0836ms
2025-10-28 01:23:51.239 +02:00 [INF] Executed endpoint 'Xavissa.Backend.Controllers.AuthController.Login (Xavissa.Backend)'
2025-10-28 01:23:51.246 +02:00 [INF] Request finished HTTP/1.1 POST http://localhost:5087/api/Auth/login - 200 null application/json; charset=utf-8 3084.8526ms
2025-10-28 01:24:29.137 +02:00 [INF] Request starting HTTP/1.1 POST http://localhost:5087/api/UserManagement/create-admin - application/json 83
2025-10-28 01:24:29.502 +02:00 [INF] Authorization failed. These requirements were not met:
RolesAuthorizationRequirement:User.IsInRole must be true for one of the following roles: (All)
2025-10-28 01:24:29.505 +02:00 [INF] AuthenticationScheme: Bearer was forbidden.
2025-10-28 01:24:29.507 +02:00 [INF] Request finished HTTP/1.1 POST http://localhost:5087/api/UserManagement/create-admin - 403 0 null 369.3865ms
2025-10-28 01:27:04.112 +02:00 [INF] Application is shutting down...
2025-10-28 01:27:07.854 +02:00 [INF] User profile is available. Using 'C:\Users\COUTINHO\AppData\Local\ASP.NET\DataProtection-Keys' as key repository and Windows DPAPI to encrypt keys at rest.
2025-10-28 01:27:08.028 +02:00 [INF] Now listening on: http://localhost:5087
2025-10-28 01:27:08.033 +02:00 [INF] Application started. Press Ctrl+C to shut down.
2025-10-28 01:27:08.034 +02:00 [INF] Hosting environment: Development
2025-10-28 01:27:08.035 +02:00 [INF] Content root path: D:\Work Spot\PROJECTS\Business\Xavissa\Backend\Xavissa.Backend
2025-10-28 01:27:13.800 +02:00 [INF] Request starting HTTP/1.1 GET http://localhost:5087/swagger/index.html - null null
2025-10-28 01:27:13.892 +02:00 [INF] Request finished HTTP/1.1 GET http://localhost:5087/swagger/index.html - 200 null text/html;charset=utf-8 94.7462ms
2025-10-28 01:27:14.083 +02:00 [INF] Request starting HTTP/1.1 GET http://localhost:5087/swagger/v1/swagger.json - null null
2025-10-28 01:27:14.201 +02:00 [INF] Request finished HTTP/1.1 GET http://localhost:5087/swagger/v1/swagger.json - 200 null application/json;charset=utf-8 118.4039ms
2025-10-28 01:27:27.640 +02:00 [INF] Request starting HTTP/1.1 POST http://localhost:5087/api/Auth/login - application/json 49
2025-10-28 01:27:27.668 +02:00 [WRN] Failed to determine the https port for redirect.
2025-10-28 01:27:27.671 +02:00 [INF] Executing endpoint 'Xavissa.Backend.Controllers.AuthController.Login (Xavissa.Backend)'
2025-10-28 01:27:27.687 +02:00 [INF] Route matched with {action = "Login", controller = "Auth"}. Executing controller action with signature System.Threading.Tasks.Task`1[Microsoft.AspNetCore.Mvc.IActionResult] Login(Xavissa.Backend.Controllers.LoginRequest) on controller Xavissa.Backend.Controllers.AuthController (Xavissa.Backend).
2025-10-28 01:27:30.558 +02:00 [INF] Executed DbCommand (232ms) [Parameters=[@__username_0='?'], CommandType='"Text"', CommandTimeout='120']
SELECT u."Id", u."Email", u."PasswordHash", u."Role", u."Username"
FROM "Users" AS u
WHERE u."Username" = @__username_0
LIMIT 1
2025-10-28 01:27:30.651 +02:00 [INF] Executing OkObjectResult, writing value of type '<>f__AnonymousType1`1[[System.String, System.Private.CoreLib, Version=9.0.0.0, Culture=neutral, PublicKeyToken=7cec85d7bea7798e]]'.
2025-10-28 01:27:30.668 +02:00 [INF] Executed action Xavissa.Backend.Controllers.AuthController.Login (Xavissa.Backend) in 2975.5985ms
2025-10-28 01:27:30.670 +02:00 [INF] Executed endpoint 'Xavissa.Backend.Controllers.AuthController.Login (Xavissa.Backend)'
2025-10-28 01:27:30.678 +02:00 [INF] Request finished HTTP/1.1 POST http://localhost:5087/api/Auth/login - 200 null application/json; charset=utf-8 3037.5966ms
2025-10-28 01:28:01.450 +02:00 [INF] Request starting HTTP/1.1 POST http://localhost:5087/api/UserManagement/create-admin - application/json 83
2025-10-28 01:28:01.493 +02:00 [INF] Authorization failed. These requirements were not met:
RolesAuthorizationRequirement:User.IsInRole must be true for one of the following roles: (All)
2025-10-28 01:28:01.496 +02:00 [INF] AuthenticationScheme: Bearer was forbidden.
2025-10-28 01:28:01.498 +02:00 [INF] Request finished HTTP/1.1 POST http://localhost:5087/api/UserManagement/create-admin - 403 0 null 47.9218ms
2025-10-28 01:30:29.705 +02:00 [INF] Request starting HTTP/1.1 POST http://localhost:5087/api/UserManagement/create-admin - application/json 93
2025-10-28 01:30:29.713 +02:00 [INF] Authorization failed. These requirements were not met:
RolesAuthorizationRequirement:User.IsInRole must be true for one of the following roles: (All)
2025-10-28 01:30:29.715 +02:00 [INF] AuthenticationScheme: Bearer was forbidden.
2025-10-28 01:30:29.717 +02:00 [INF] Request finished HTTP/1.1 POST http://localhost:5087/api/UserManagement/create-admin - 403 0 null 12.0378ms
2025-10-28 01:30:46.983 +02:00 [INF] Application is shutting down...
2025-10-28 01:30:51.606 +02:00 [INF] User profile is available. Using 'C:\Users\COUTINHO\AppData\Local\ASP.NET\DataProtection-Keys' as key repository and Windows DPAPI to encrypt keys at rest.
2025-10-28 01:30:51.772 +02:00 [INF] Now listening on: http://localhost:5087
2025-10-28 01:30:51.776 +02:00 [INF] Application started. Press Ctrl+C to shut down.
2025-10-28 01:30:51.777 +02:00 [INF] Hosting environment: Development
2025-10-28 01:30:51.777 +02:00 [INF] Content root path: D:\Work Spot\PROJECTS\Business\Xavissa\Backend\Xavissa.Backend
2025-10-28 01:30:54.223 +02:00 [INF] Request starting HTTP/1.1 GET http://localhost:5087/swagger/index.html - null null
2025-10-28 01:30:54.314 +02:00 [INF] Request finished HTTP/1.1 GET http://localhost:5087/swagger/index.html - 200 null text/html;charset=utf-8 92.6811ms
2025-10-28 01:30:54.545 +02:00 [INF] Request starting HTTP/1.1 GET http://localhost:5087/swagger/v1/swagger.json - null null
2025-10-28 01:30:54.668 +02:00 [INF] Request finished HTTP/1.1 GET http://localhost:5087/swagger/v1/swagger.json - 200 null application/json;charset=utf-8 122.7778ms
2025-10-28 01:31:10.568 +02:00 [INF] Request starting HTTP/1.1 POST http://localhost:5087/api/Auth/login - text/json 49
2025-10-28 01:31:10.600 +02:00 [WRN] Failed to determine the https port for redirect.
2025-10-28 01:31:10.604 +02:00 [INF] Executing endpoint 'Xavissa.Backend.Controllers.AuthController.Login (Xavissa.Backend)'
2025-10-28 01:31:10.621 +02:00 [INF] Route matched with {action = "Login", controller = "Auth"}. Executing controller action with signature System.Threading.Tasks.Task`1[Microsoft.AspNetCore.Mvc.IActionResult] Login(Xavissa.Backend.Controllers.LoginRequest) on controller Xavissa.Backend.Controllers.AuthController (Xavissa.Backend).
2025-10-28 01:31:13.502 +02:00 [INF] Executed DbCommand (229ms) [Parameters=[@__username_0='?'], CommandType='"Text"', CommandTimeout='120']
SELECT u."Id", u."Email", u."PasswordHash", u."Role", u."Username"
FROM "Users" AS u
WHERE u."Username" = @__username_0
LIMIT 1
2025-10-28 01:31:13.594 +02:00 [INF] Executing OkObjectResult, writing value of type '<>f__AnonymousType1`1[[System.String, System.Private.CoreLib, Version=9.0.0.0, Culture=neutral, PublicKeyToken=7cec85d7bea7798e]]'.
2025-10-28 01:31:13.605 +02:00 [INF] Executed action Xavissa.Backend.Controllers.AuthController.Login (Xavissa.Backend) in 2978.7069ms
2025-10-28 01:31:13.607 +02:00 [INF] Executed endpoint 'Xavissa.Backend.Controllers.AuthController.Login (Xavissa.Backend)'
2025-10-28 01:31:13.615 +02:00 [INF] Request finished HTTP/1.1 POST http://localhost:5087/api/Auth/login - 200 null application/json; charset=utf-8 3047.3611ms
2025-10-28 01:32:22.397 +02:00 [INF] Request starting HTTP/1.1 POST http://localhost:5087/api/UserManagement/create-admin - text/json 92
2025-10-28 01:32:22.440 +02:00 [INF] Authorization failed. These requirements were not met:
RolesAuthorizationRequirement:User.IsInRole must be true for one of the following roles: (All)
2025-10-28 01:32:22.443 +02:00 [INF] AuthenticationScheme: Bearer was forbidden.
2025-10-28 01:32:22.445 +02:00 [INF] Request finished HTTP/1.1 POST http://localhost:5087/api/UserManagement/create-admin - 403 0 null 47.6479ms
2025-10-28 01:32:57.534 +02:00 [INF] Application is shutting down...
2025-10-28 01:33:01.523 +02:00 [INF] User profile is available. Using 'C:\Users\COUTINHO\AppData\Local\ASP.NET\DataProtection-Keys' as key repository and Windows DPAPI to encrypt keys at rest.
2025-10-28 01:33:01.692 +02:00 [INF] Now listening on: http://localhost:5087
2025-10-28 01:33:01.696 +02:00 [INF] Application started. Press Ctrl+C to shut down.
2025-10-28 01:33:01.697 +02:00 [INF] Hosting environment: Development
2025-10-28 01:33:01.698 +02:00 [INF] Content root path: D:\Work Spot\PROJECTS\Business\Xavissa\Backend\Xavissa.Backend
2025-10-28 01:33:04.656 +02:00 [INF] Request starting HTTP/1.1 GET http://localhost:5087/swagger/index.html - null null
2025-10-28 01:33:04.763 +02:00 [INF] Request finished HTTP/1.1 GET http://localhost:5087/swagger/index.html - 200 null text/html;charset=utf-8 108.7111ms
2025-10-28 01:33:05.002 +02:00 [INF] Request starting HTTP/1.1 GET http://localhost:5087/swagger/v1/swagger.json - null null
2025-10-28 01:33:05.140 +02:00 [INF] Request finished HTTP/1.1 GET http://localhost:5087/swagger/v1/swagger.json - 200 null application/json;charset=utf-8 137.6297ms
2025-10-28 01:33:19.815 +02:00 [INF] Request starting HTTP/1.1 POST http://localhost:5087/api/Auth/login - application/json 49
2025-10-28 01:33:19.843 +02:00 [WRN] Failed to determine the https port for redirect.
2025-10-28 01:33:19.845 +02:00 [INF] Executing endpoint 'Xavissa.Backend.Controllers.AuthController.Login (Xavissa.Backend)'
2025-10-28 01:33:19.863 +02:00 [INF] Route matched with {action = "Login", controller = "Auth"}. Executing controller action with signature System.Threading.Tasks.Task`1[Microsoft.AspNetCore.Mvc.IActionResult] Login(Xavissa.Backend.Controllers.LoginRequest) on controller Xavissa.Backend.Controllers.AuthController (Xavissa.Backend).
2025-10-28 01:33:22.822 +02:00 [INF] Executed DbCommand (247ms) [Parameters=[@__username_0='?'], CommandType='"Text"', CommandTimeout='120']
SELECT u."Id", u."Email", u."PasswordHash", u."Role", u."Username"
FROM "Users" AS u
WHERE u."Username" = @__username_0
LIMIT 1
2025-10-28 01:33:22.917 +02:00 [INF] Executing OkObjectResult, writing value of type '<>f__AnonymousType1`1[[System.String, System.Private.CoreLib, Version=9.0.0.0, Culture=neutral, PublicKeyToken=7cec85d7bea7798e]]'.
2025-10-28 01:33:22.927 +02:00 [INF] Executed action Xavissa.Backend.Controllers.AuthController.Login (Xavissa.Backend) in 3057.4708ms
2025-10-28 01:33:22.929 +02:00 [INF] Executed endpoint 'Xavissa.Backend.Controllers.AuthController.Login (Xavissa.Backend)'
2025-10-28 01:33:22.937 +02:00 [INF] Request finished HTTP/1.1 POST http://localhost:5087/api/Auth/login - 200 null application/json; charset=utf-8 3122.5101ms
2025-10-28 01:33:58.112 +02:00 [INF] Request starting HTTP/1.1 POST http://localhost:5087/api/UserManagement/create-admin - application/json 92
2025-10-28 01:33:58.165 +02:00 [INF] Authorization failed. These requirements were not met:
RolesAuthorizationRequirement:User.IsInRole must be true for one of the following roles: (Superuser)
2025-10-28 01:33:58.168 +02:00 [INF] AuthenticationScheme: Bearer was forbidden.
2025-10-28 01:33:58.170 +02:00 [INF] Request finished HTTP/1.1 POST http://localhost:5087/api/UserManagement/create-admin - 403 0 null 58.1598ms
2025-10-28 01:35:03.071 +02:00 [INF] Request starting HTTP/1.1 POST http://localhost:5087/api/UserManagement/create-admin - application/json 92
2025-10-28 01:35:03.078 +02:00 [INF] Authorization failed. These requirements were not met:
RolesAuthorizationRequirement:User.IsInRole must be true for one of the following roles: (Superuser)
2025-10-28 01:35:03.080 +02:00 [INF] AuthenticationScheme: Bearer was forbidden.
2025-10-28 01:35:03.081 +02:00 [INF] Request finished HTTP/1.1 POST http://localhost:5087/api/UserManagement/create-admin - 403 0 null 10.3968ms
2025-10-28 01:35:26.303 +02:00 [INF] Request starting HTTP/1.1 POST http://localhost:5087/api/UserManagement/create-clerk - application/json 83
2025-10-28 01:35:26.307 +02:00 [INF] Authorization failed. These requirements were not met:
RolesAuthorizationRequirement:User.IsInRole must be true for one of the following roles: (Superuser|Admin)
2025-10-28 01:35:26.309 +02:00 [INF] AuthenticationScheme: Bearer was forbidden.
2025-10-28 01:35:26.310 +02:00 [INF] Request finished HTTP/1.1 POST http://localhost:5087/api/UserManagement/create-clerk - 403 0 null 7.7912ms
2025-10-28 01:38:51.070 +02:00 [INF] Request starting HTTP/1.1 POST http://localhost:5087/api/Auth/register - application/json 91
2025-10-28 01:38:51.076 +02:00 [INF] Executing endpoint 'Xavissa.Backend.Controllers.AuthController.Register (Xavissa.Backend)'
2025-10-28 01:38:51.083 +02:00 [INF] Route matched with {action = "Register", controller = "Auth"}. Executing controller action with signature System.Threading.Tasks.Task`1[Microsoft.AspNetCore.Mvc.IActionResult] Register(Xavissa.Backend.Controllers.RegisterRequest) on controller Xavissa.Backend.Controllers.AuthController (Xavissa.Backend).
2025-10-28 01:38:52.479 +02:00 [INF] Executed DbCommand (189ms) [Parameters=[@__username_0='?', @__email_1='?'], CommandType='"Text"', CommandTimeout='120']
SELECT EXISTS (
    SELECT 1
    FROM "Users" AS u
    WHERE u."Username" = @__username_0 OR u."Email" = @__email_1)
2025-10-28 01:38:52.768 +02:00 [INF] Executed DbCommand (199ms) [Parameters=[@p0='?', @p1='?', @p2='?', @p3='?'], CommandType='"Text"', CommandTimeout='120']
INSERT INTO "Users" ("Email", "PasswordHash", "Role", "Username")
VALUES (@p0, @p1, @p2, @p3)
RETURNING "Id";
2025-10-28 01:38:52.789 +02:00 [INF] Executing OkObjectResult, writing value of type '<>f__AnonymousType0`3[[System.Int32, System.Private.CoreLib, Version=9.0.0.0, Culture=neutral, PublicKeyToken=7cec85d7bea7798e],[System.String, System.Private.CoreLib, Version=9.0.0.0, Culture=neutral, PublicKeyToken=7cec85d7bea7798e],[System.Nullable`1[[Xavissa.Database.Models.UserRole, Xavissa.Database, Version=1.0.0.0, Culture=neutral, PublicKeyToken=null]], System.Private.CoreLib, Version=9.0.0.0, Culture=neutral, PublicKeyToken=7cec85d7bea7798e]]'.
2025-10-28 01:38:52.794 +02:00 [INF] Executed action Xavissa.Backend.Controllers.AuthController.Register (Xavissa.Backend) in 1707.7331ms
2025-10-28 01:38:52.796 +02:00 [INF] Executed endpoint 'Xavissa.Backend.Controllers.AuthController.Register (Xavissa.Backend)'
2025-10-28 01:38:52.797 +02:00 [INF] Request finished HTTP/1.1 POST http://localhost:5087/api/Auth/register - 200 null application/json; charset=utf-8 1727.7255ms
2025-10-28 01:48:08.231 +02:00 [INF] Request starting HTTP/1.1 POST http://localhost:5087/api/Auth/register - application/json 97
2025-10-28 01:48:08.234 +02:00 [INF] Executing endpoint 'Xavissa.Backend.Controllers.AuthController.Register (Xavissa.Backend)'
2025-10-28 01:48:08.236 +02:00 [INF] Route matched with {action = "Register", controller = "Auth"}. Executing controller action with signature System.Threading.Tasks.Task`1[Microsoft.AspNetCore.Mvc.IActionResult] Register(Xavissa.Backend.Controllers.RegisterRequest) on controller Xavissa.Backend.Controllers.AuthController (Xavissa.Backend).
2025-10-28 01:48:08.246 +02:00 [INF] Executing BadRequestObjectResult, writing value of type 'Microsoft.AspNetCore.Mvc.ValidationProblemDetails'.
2025-10-28 01:48:08.276 +02:00 [INF] Executed action Xavissa.Backend.Controllers.AuthController.Register (Xavissa.Backend) in 37.8379ms
2025-10-28 01:48:08.278 +02:00 [INF] Executed endpoint 'Xavissa.Backend.Controllers.AuthController.Register (Xavissa.Backend)'
2025-10-28 01:48:08.279 +02:00 [INF] Request finished HTTP/1.1 POST http://localhost:5087/api/Auth/register - 400 null application/problem+json; charset=utf-8 48.5575ms
2025-10-28 01:48:29.407 +02:00 [INF] Request starting HTTP/1.1 POST http://localhost:5087/api/Auth/register - application/json 91
2025-10-28 01:48:29.410 +02:00 [INF] Executing endpoint 'Xavissa.Backend.Controllers.AuthController.Register (Xavissa.Backend)'
2025-10-28 01:48:29.411 +02:00 [INF] Route matched with {action = "Register", controller = "Auth"}. Executing controller action with signature System.Threading.Tasks.Task`1[Microsoft.AspNetCore.Mvc.IActionResult] Register(Xavissa.Backend.Controllers.RegisterRequest) on controller Xavissa.Backend.Controllers.AuthController (Xavissa.Backend).
2025-10-28 01:48:30.905 +02:00 [INF] Executed DbCommand (223ms) [Parameters=[@__username_0='?', @__email_1='?'], CommandType='"Text"', CommandTimeout='120']
SELECT EXISTS (
    SELECT 1
    FROM "Users" AS u
    WHERE u."Username" = @__username_0 OR u."Email" = @__email_1)
2025-10-28 01:48:30.909 +02:00 [INF] Executing BadRequestObjectResult, writing value of type 'System.String'.
2025-10-28 01:48:30.910 +02:00 [INF] Executed action Xavissa.Backend.Controllers.AuthController.Register (Xavissa.Backend) in 1496.8245ms
2025-10-28 01:48:30.912 +02:00 [INF] Executed endpoint 'Xavissa.Backend.Controllers.AuthController.Register (Xavissa.Backend)'
2025-10-28 01:48:30.914 +02:00 [INF] Request finished HTTP/1.1 POST http://localhost:5087/api/Auth/register - 400 null text/plain; charset=utf-8 1507.1306ms
2025-10-28 01:48:44.430 +02:00 [INF] Request starting HTTP/1.1 POST http://localhost:5087/api/Auth/register - application/json 92
2025-10-28 01:48:44.433 +02:00 [INF] Executing endpoint 'Xavissa.Backend.Controllers.AuthController.Register (Xavissa.Backend)'
2025-10-28 01:48:44.435 +02:00 [INF] Route matched with {action = "Register", controller = "Auth"}. Executing controller action with signature System.Threading.Tasks.Task`1[Microsoft.AspNetCore.Mvc.IActionResult] Register(Xavissa.Backend.Controllers.RegisterRequest) on controller Xavissa.Backend.Controllers.AuthController (Xavissa.Backend).
2025-10-28 01:48:44.628 +02:00 [INF] Executed DbCommand (190ms) [Parameters=[@__username_0='?', @__email_1='?'], CommandType='"Text"', CommandTimeout='120']
SELECT EXISTS (
    SELECT 1
    FROM "Users" AS u
    WHERE u."Username" = @__username_0 OR u."Email" = @__email_1)
2025-10-28 01:48:44.631 +02:00 [INF] Executing BadRequestObjectResult, writing value of type 'System.String'.
2025-10-28 01:48:44.632 +02:00 [INF] Executed action Xavissa.Backend.Controllers.AuthController.Register (Xavissa.Backend) in 195.3493ms
2025-10-28 01:48:44.634 +02:00 [INF] Executed endpoint 'Xavissa.Backend.Controllers.AuthController.Register (Xavissa.Backend)'
2025-10-28 01:48:44.635 +02:00 [INF] Request finished HTTP/1.1 POST http://localhost:5087/api/Auth/register - 400 null text/plain; charset=utf-8 205.4993ms
2025-10-28 01:49:01.215 +02:00 [INF] Request starting HTTP/1.1 POST http://localhost:5087/api/Auth/register - application/json 93
2025-10-28 01:49:01.219 +02:00 [INF] Executing endpoint 'Xavissa.Backend.Controllers.AuthController.Register (Xavissa.Backend)'
2025-10-28 01:49:01.220 +02:00 [INF] Route matched with {action = "Register", controller = "Auth"}. Executing controller action with signature System.Threading.Tasks.Task`1[Microsoft.AspNetCore.Mvc.IActionResult] Register(Xavissa.Backend.Controllers.RegisterRequest) on controller Xavissa.Backend.Controllers.AuthController (Xavissa.Backend).
2025-10-28 01:49:01.409 +02:00 [INF] Executed DbCommand (186ms) [Parameters=[@__username_0='?', @__email_1='?'], CommandType='"Text"', CommandTimeout='120']
SELECT EXISTS (
    SELECT 1
    FROM "Users" AS u
    WHERE u."Username" = @__username_0 OR u."Email" = @__email_1)
2025-10-28 01:49:01.608 +02:00 [INF] Executed DbCommand (194ms) [Parameters=[@p0='?', @p1='?', @p2='?', @p3='?'], CommandType='"Text"', CommandTimeout='120']
INSERT INTO "Users" ("Email", "PasswordHash", "Role", "Username")
VALUES (@p0, @p1, @p2, @p3)
RETURNING "Id";
2025-10-28 01:49:01.612 +02:00 [INF] Executing OkObjectResult, writing value of type '<>f__AnonymousType0`3[[System.Int32, System.Private.CoreLib, Version=9.0.0.0, Culture=neutral, PublicKeyToken=7cec85d7bea7798e],[System.String, System.Private.CoreLib, Version=9.0.0.0, Culture=neutral, PublicKeyToken=7cec85d7bea7798e],[System.Nullable`1[[Xavissa.Database.Models.UserRole, Xavissa.Database, Version=1.0.0.0, Culture=neutral, PublicKeyToken=null]], System.Private.CoreLib, Version=9.0.0.0, Culture=neutral, PublicKeyToken=7cec85d7bea7798e]]'.
2025-10-28 01:49:01.614 +02:00 [INF] Executed action Xavissa.Backend.Controllers.AuthController.Register (Xavissa.Backend) in 391.8302ms
2025-10-28 01:49:01.616 +02:00 [INF] Executed endpoint 'Xavissa.Backend.Controllers.AuthController.Register (Xavissa.Backend)'
2025-10-28 01:49:01.617 +02:00 [INF] Request finished HTTP/1.1 POST http://localhost:5087/api/Auth/register - 200 null application/json; charset=utf-8 402.5027ms
2025-10-28 01:49:25.351 +02:00 [INF] Request starting HTTP/1.1 POST http://localhost:5087/api/Auth/register - application/json 93
2025-10-28 01:49:25.355 +02:00 [INF] Executing endpoint 'Xavissa.Backend.Controllers.AuthController.Register (Xavissa.Backend)'
2025-10-28 01:49:25.356 +02:00 [INF] Route matched with {action = "Register", controller = "Auth"}. Executing controller action with signature System.Threading.Tasks.Task`1[Microsoft.AspNetCore.Mvc.IActionResult] Register(Xavissa.Backend.Controllers.RegisterRequest) on controller Xavissa.Backend.Controllers.AuthController (Xavissa.Backend).
2025-10-28 01:49:25.556 +02:00 [INF] Executed DbCommand (198ms) [Parameters=[@__username_0='?', @__email_1='?'], CommandType='"Text"', CommandTimeout='120']
SELECT EXISTS (
    SELECT 1
    FROM "Users" AS u
    WHERE u."Username" = @__username_0 OR u."Email" = @__email_1)
2025-10-28 01:49:25.560 +02:00 [INF] Executing BadRequestObjectResult, writing value of type 'System.String'.
2025-10-28 01:49:25.561 +02:00 [INF] Executed action Xavissa.Backend.Controllers.AuthController.Register (Xavissa.Backend) in 204.0663ms
2025-10-28 01:49:25.563 +02:00 [INF] Executed endpoint 'Xavissa.Backend.Controllers.AuthController.Register (Xavissa.Backend)'
2025-10-28 01:49:25.565 +02:00 [INF] Request finished HTTP/1.1 POST http://localhost:5087/api/Auth/register - 400 null text/plain; charset=utf-8 213.7076ms
2025-10-28 01:49:32.134 +02:00 [INF] Request starting HTTP/1.1 POST http://localhost:5087/api/Auth/register - application/json 93
2025-10-28 01:49:32.138 +02:00 [INF] Executing endpoint 'Xavissa.Backend.Controllers.AuthController.Register (Xavissa.Backend)'
2025-10-28 01:49:32.139 +02:00 [INF] Route matched with {action = "Register", controller = "Auth"}. Executing controller action with signature System.Threading.Tasks.Task`1[Microsoft.AspNetCore.Mvc.IActionResult] Register(Xavissa.Backend.Controllers.RegisterRequest) on controller Xavissa.Backend.Controllers.AuthController (Xavissa.Backend).
2025-10-28 01:49:32.329 +02:00 [INF] Executed DbCommand (186ms) [Parameters=[@__username_0='?', @__email_1='?'], CommandType='"Text"', CommandTimeout='120']
SELECT EXISTS (
    SELECT 1
    FROM "Users" AS u
    WHERE u."Username" = @__username_0 OR u."Email" = @__email_1)
2025-10-28 01:49:32.520 +02:00 [INF] Executed DbCommand (187ms) [Parameters=[@p0='?', @p1='?', @p2='?', @p3='?'], CommandType='"Text"', CommandTimeout='120']
INSERT INTO "Users" ("Email", "PasswordHash", "Role", "Username")
VALUES (@p0, @p1, @p2, @p3)
RETURNING "Id";
2025-10-28 01:49:32.523 +02:00 [INF] Executing OkObjectResult, writing value of type '<>f__AnonymousType0`3[[System.Int32, System.Private.CoreLib, Version=9.0.0.0, Culture=neutral, PublicKeyToken=7cec85d7bea7798e],[System.String, System.Private.CoreLib, Version=9.0.0.0, Culture=neutral, PublicKeyToken=7cec85d7bea7798e],[System.Nullable`1[[Xavissa.Database.Models.UserRole, Xavissa.Database, Version=1.0.0.0, Culture=neutral, PublicKeyToken=null]], System.Private.CoreLib, Version=9.0.0.0, Culture=neutral, PublicKeyToken=7cec85d7bea7798e]]'.
2025-10-28 01:49:32.525 +02:00 [INF] Executed action Xavissa.Backend.Controllers.AuthController.Register (Xavissa.Backend) in 383.0059ms
2025-10-28 01:49:32.527 +02:00 [INF] Executed endpoint 'Xavissa.Backend.Controllers.AuthController.Register (Xavissa.Backend)'
2025-10-28 01:49:32.528 +02:00 [INF] Request finished HTTP/1.1 POST http://localhost:5087/api/Auth/register - 200 null application/json; charset=utf-8 393.8618ms
2025-10-28 01:49:59.150 +02:00 [INF] Request starting HTTP/1.1 POST http://localhost:5087/api/Auth/register - application/json 93
2025-10-28 01:49:59.154 +02:00 [INF] Executing endpoint 'Xavissa.Backend.Controllers.AuthController.Register (Xavissa.Backend)'
2025-10-28 01:49:59.156 +02:00 [INF] Route matched with {action = "Register", controller = "Auth"}. Executing controller action with signature System.Threading.Tasks.Task`1[Microsoft.AspNetCore.Mvc.IActionResult] Register(Xavissa.Backend.Controllers.RegisterRequest) on controller Xavissa.Backend.Controllers.AuthController (Xavissa.Backend).
2025-10-28 01:49:59.344 +02:00 [INF] Executed DbCommand (185ms) [Parameters=[@__username_0='?', @__email_1='?'], CommandType='"Text"', CommandTimeout='120']
SELECT EXISTS (
    SELECT 1
    FROM "Users" AS u
    WHERE u."Username" = @__username_0 OR u."Email" = @__email_1)
2025-10-28 01:49:59.534 +02:00 [INF] Executed DbCommand (187ms) [Parameters=[@p0='?', @p1='?', @p2='?', @p3='?'], CommandType='"Text"', CommandTimeout='120']
INSERT INTO "Users" ("Email", "PasswordHash", "Role", "Username")
VALUES (@p0, @p1, @p2, @p3)
RETURNING "Id";
2025-10-28 01:49:59.537 +02:00 [INF] Executing OkObjectResult, writing value of type '<>f__AnonymousType0`3[[System.Int32, System.Private.CoreLib, Version=9.0.0.0, Culture=neutral, PublicKeyToken=7cec85d7bea7798e],[System.String, System.Private.CoreLib, Version=9.0.0.0, Culture=neutral, PublicKeyToken=7cec85d7bea7798e],[System.Nullable`1[[Xavissa.Database.Models.UserRole, Xavissa.Database, Version=1.0.0.0, Culture=neutral, PublicKeyToken=null]], System.Private.CoreLib, Version=9.0.0.0, Culture=neutral, PublicKeyToken=7cec85d7bea7798e]]'.
2025-10-28 01:49:59.539 +02:00 [INF] Executed action Xavissa.Backend.Controllers.AuthController.Register (Xavissa.Backend) in 382.3407ms
2025-10-28 01:49:59.541 +02:00 [INF] Executed endpoint 'Xavissa.Backend.Controllers.AuthController.Register (Xavissa.Backend)'
2025-10-28 01:49:59.542 +02:00 [INF] Request finished HTTP/1.1 POST http://localhost:5087/api/Auth/register - 200 null application/json; charset=utf-8 392.3497ms
2025-10-28 01:50:55.691 +02:00 [INF] Request starting HTTP/1.1 DELETE http://localhost:5087/api/UserManagement/7 - null null
2025-10-28 01:50:55.696 +02:00 [INF] Authorization failed. These requirements were not met:
RolesAuthorizationRequirement:User.IsInRole must be true for one of the following roles: (Superuser|Admin)
2025-10-28 01:50:55.697 +02:00 [INF] AuthenticationScheme: Bearer was forbidden.
2025-10-28 01:50:55.698 +02:00 [INF] Request finished HTTP/1.1 DELETE http://localhost:5087/api/UserManagement/7 - 403 0 null 7.3808ms
2025-10-28 01:51:10.410 +02:00 [INF] Request starting HTTP/1.1 DELETE http://localhost:5087/api/Users/7 - null null
2025-10-28 01:51:10.415 +02:00 [INF] Authorization failed. These requirements were not met:
RolesAuthorizationRequirement:User.IsInRole must be true for one of the following roles: (Admin|Superuser)
2025-10-28 01:51:10.416 +02:00 [INF] AuthenticationScheme: Bearer was forbidden.
2025-10-28 01:51:10.418 +02:00 [INF] Request finished HTTP/1.1 DELETE http://localhost:5087/api/Users/7 - 403 0 null 7.7548ms
2025-10-28 01:52:46.659 +02:00 [INF] Application is shutting down...
2025-10-28 01:52:53.497 +02:00 [INF] User profile is available. Using 'C:\Users\COUTINHO\AppData\Local\ASP.NET\DataProtection-Keys' as key repository and Windows DPAPI to encrypt keys at rest.
2025-10-28 01:52:53.665 +02:00 [INF] Now listening on: http://localhost:5087
2025-10-28 01:52:53.668 +02:00 [INF] Application started. Press Ctrl+C to shut down.
2025-10-28 01:52:53.669 +02:00 [INF] Hosting environment: Development
2025-10-28 01:52:53.670 +02:00 [INF] Content root path: D:\Work Spot\PROJECTS\Business\Xavissa\Backend\Xavissa.Backend
2025-10-28 01:52:58.806 +02:00 [INF] Request starting HTTP/1.1 GET http://localhost:5087/swagger/index.html - null null
2025-10-28 01:52:58.898 +02:00 [INF] Request finished HTTP/1.1 GET http://localhost:5087/swagger/index.html - 200 null text/html;charset=utf-8 94.0698ms
2025-10-28 01:52:59.099 +02:00 [INF] Request starting HTTP/1.1 GET http://localhost:5087/swagger/v1/swagger.json - null null
2025-10-28 01:52:59.216 +02:00 [INF] Request finished HTTP/1.1 GET http://localhost:5087/swagger/v1/swagger.json - 200 null application/json;charset=utf-8 117.0119ms
2025-10-28 01:53:21.406 +02:00 [INF] Request starting HTTP/1.1 POST http://localhost:5087/api/Auth/login - application/json 49
2025-10-28 01:53:21.436 +02:00 [WRN] Failed to determine the https port for redirect.
2025-10-28 01:53:21.439 +02:00 [INF] Executing endpoint 'Xavissa.Backend.Controllers.AuthController.Login (Xavissa.Backend)'
2025-10-28 01:53:21.455 +02:00 [INF] Route matched with {action = "Login", controller = "Auth"}. Executing controller action with signature System.Threading.Tasks.Task`1[Microsoft.AspNetCore.Mvc.IActionResult] Login(Xavissa.Backend.Controllers.LoginRequest) on controller Xavissa.Backend.Controllers.AuthController (Xavissa.Backend).
2025-10-28 01:53:24.311 +02:00 [INF] Executed DbCommand (228ms) [Parameters=[@__username_0='?'], CommandType='"Text"', CommandTimeout='120']
SELECT u."Id", u."Email", u."PasswordHash", u."Role", u."Username"
FROM "Users" AS u
WHERE u."Username" = @__username_0
LIMIT 1
2025-10-28 01:53:24.404 +02:00 [INF] Executing OkObjectResult, writing value of type '<>f__AnonymousType1`1[[System.String, System.Private.CoreLib, Version=9.0.0.0, Culture=neutral, PublicKeyToken=7cec85d7bea7798e]]'.
2025-10-28 01:53:24.413 +02:00 [INF] Executed action Xavissa.Backend.Controllers.AuthController.Login (Xavissa.Backend) in 2953.0748ms
2025-10-28 01:53:24.415 +02:00 [INF] Executed endpoint 'Xavissa.Backend.Controllers.AuthController.Login (Xavissa.Backend)'
2025-10-28 01:53:24.424 +02:00 [INF] Request finished HTTP/1.1 POST http://localhost:5087/api/Auth/login - 200 null application/json; charset=utf-8 3018.4893ms
2025-10-28 01:53:52.412 +02:00 [INF] Request starting HTTP/1.1 GET http://localhost:5087/api/Users/me - null null
2025-10-28 01:53:52.461 +02:00 [INF] Executing endpoint 'Xavissa.Backend.Controllers.UsersController.Me (Xavissa.Backend)'
2025-10-28 01:53:52.471 +02:00 [INF] Route matched with {action = "Me", controller = "Users"}. Executing controller action with signature Microsoft.AspNetCore.Mvc.IActionResult Me() on controller Xavissa.Backend.Controllers.UsersController (Xavissa.Backend).
2025-10-28 01:53:52.477 +02:00 [INF] Executing OkObjectResult, writing value of type '<>f__AnonymousType2`4[[System.String, System.Private.CoreLib, Version=9.0.0.0, Culture=neutral, PublicKeyToken=7cec85d7bea7798e],[System.String, System.Private.CoreLib, Version=9.0.0.0, Culture=neutral, PublicKeyToken=7cec85d7bea7798e],[System.String, System.Private.CoreLib, Version=9.0.0.0, Culture=neutral, PublicKeyToken=7cec85d7bea7798e],[System.Collections.Generic.IEnumerable`1[[<>f__AnonymousType3`2[[System.String, System.Private.CoreLib, Version=9.0.0.0, Culture=neutral, PublicKeyToken=7cec85d7bea7798e],[System.String, System.Private.CoreLib, Version=9.0.0.0, Culture=neutral, PublicKeyToken=7cec85d7bea7798e]], Xavissa.Backend, Version=1.0.0.0, Culture=neutral, PublicKeyToken=null]], System.Private.CoreLib, Version=9.0.0.0, Culture=neutral, PublicKeyToken=7cec85d7bea7798e]]'.
2025-10-28 01:53:52.483 +02:00 [INF] Executed action Xavissa.Backend.Controllers.UsersController.Me (Xavissa.Backend) in 8.5133ms
2025-10-28 01:53:52.485 +02:00 [INF] Executed endpoint 'Xavissa.Backend.Controllers.UsersController.Me (Xavissa.Backend)'
2025-10-28 01:53:52.487 +02:00 [INF] Request finished HTTP/1.1 GET http://localhost:5087/api/Users/me - 200 null application/json; charset=utf-8 75.2016ms
2025-10-28 01:58:59.515 +02:00 [INF] Request starting HTTP/1.1 POST http://localhost:5087/api/UserManagement/create-admin - application/json 94
2025-10-28 01:58:59.523 +02:00 [INF] Authorization failed. These requirements were not met:
RolesAuthorizationRequirement:User.IsInRole must be true for one of the following roles: (Superuser)
2025-10-28 01:58:59.525 +02:00 [INF] AuthenticationScheme: Bearer was forbidden.
2025-10-28 01:58:59.527 +02:00 [INF] Request finished HTTP/1.1 POST http://localhost:5087/api/UserManagement/create-admin - 403 0 null 12.1077ms
2025-10-28 02:06:40.441 +02:00 [INF] Application is shutting down...
2025-10-28 02:07:11.251 +02:00 [INF] User profile is available. Using 'C:\Users\COUTINHO\AppData\Local\ASP.NET\DataProtection-Keys' as key repository and Windows DPAPI to encrypt keys at rest.
2025-10-28 02:07:11.420 +02:00 [INF] Now listening on: http://localhost:5087
2025-10-28 02:07:11.424 +02:00 [INF] Application started. Press Ctrl+C to shut down.
2025-10-28 02:07:11.425 +02:00 [INF] Hosting environment: Development
2025-10-28 02:07:11.427 +02:00 [INF] Content root path: D:\Work Spot\PROJECTS\Business\Xavissa\Backend\Xavissa.Backend
2025-10-28 02:07:14.893 +02:00 [INF] Request starting HTTP/1.1 GET http://localhost:5087/swagger/index.html - null null
2025-10-28 02:07:14.987 +02:00 [INF] Request finished HTTP/1.1 GET http://localhost:5087/swagger/index.html - 200 null text/html;charset=utf-8 96.175ms
2025-10-28 02:07:15.221 +02:00 [INF] Request starting HTTP/1.1 GET http://localhost:5087/swagger/v1/swagger.json - null null
2025-10-28 02:07:15.338 +02:00 [INF] Request finished HTTP/1.1 GET http://localhost:5087/swagger/v1/swagger.json - 200 null application/json;charset=utf-8 117.5236ms
2025-10-28 02:07:27.837 +02:00 [INF] Request starting HTTP/1.1 POST http://localhost:5087/api/Auth/login - application/json 49
2025-10-28 02:07:27.864 +02:00 [WRN] Failed to determine the https port for redirect.
2025-10-28 02:07:27.867 +02:00 [INF] Executing endpoint 'Xavissa.Backend.Controllers.AuthController.Login (Xavissa.Backend)'
2025-10-28 02:07:27.881 +02:00 [INF] Route matched with {action = "Login", controller = "Auth"}. Executing controller action with signature System.Threading.Tasks.Task`1[Microsoft.AspNetCore.Mvc.IActionResult] Login(Xavissa.Backend.Controllers.LoginRequest) on controller Xavissa.Backend.Controllers.AuthController (Xavissa.Backend).
2025-10-28 02:07:30.721 +02:00 [INF] Executed DbCommand (244ms) [Parameters=[@__username_0='?'], CommandType='"Text"', CommandTimeout='120']
SELECT u."Id", u."Email", u."PasswordHash", u."Role", u."Username"
FROM "Users" AS u
WHERE u."Username" = @__username_0
LIMIT 1
2025-10-28 02:07:30.811 +02:00 [INF] Executing OkObjectResult, writing value of type '<>f__AnonymousType1`1[[System.String, System.Private.CoreLib, Version=9.0.0.0, Culture=neutral, PublicKeyToken=7cec85d7bea7798e]]'.
2025-10-28 02:07:30.828 +02:00 [INF] Executed action Xavissa.Backend.Controllers.AuthController.Login (Xavissa.Backend) in 2941.2885ms
2025-10-28 02:07:30.831 +02:00 [INF] Executed endpoint 'Xavissa.Backend.Controllers.AuthController.Login (Xavissa.Backend)'
2025-10-28 02:07:30.838 +02:00 [INF] Request finished HTTP/1.1 POST http://localhost:5087/api/Auth/login - 200 null application/json; charset=utf-8 3000.9964ms
2025-10-28 02:07:54.506 +02:00 [INF] Request starting HTTP/1.1 GET http://localhost:5087/api/Users/me - null null
2025-10-28 02:07:54.548 +02:00 [INF] Executing endpoint 'Xavissa.Backend.Controllers.UsersController.Me (Xavissa.Backend)'
2025-10-28 02:07:54.552 +02:00 [INF] Route matched with {action = "Me", controller = "Users"}. Executing controller action with signature Microsoft.AspNetCore.Mvc.IActionResult Me() on controller Xavissa.Backend.Controllers.UsersController (Xavissa.Backend).
2025-10-28 02:07:54.556 +02:00 [INF] Executing OkObjectResult, writing value of type '<>f__AnonymousType2`4[[System.String, System.Private.CoreLib, Version=9.0.0.0, Culture=neutral, PublicKeyToken=7cec85d7bea7798e],[System.String, System.Private.CoreLib, Version=9.0.0.0, Culture=neutral, PublicKeyToken=7cec85d7bea7798e],[System.String, System.Private.CoreLib, Version=9.0.0.0, Culture=neutral, PublicKeyToken=7cec85d7bea7798e],[System.Collections.Generic.IEnumerable`1[[<>f__AnonymousType3`2[[System.String, System.Private.CoreLib, Version=9.0.0.0, Culture=neutral, PublicKeyToken=7cec85d7bea7798e],[System.String, System.Private.CoreLib, Version=9.0.0.0, Culture=neutral, PublicKeyToken=7cec85d7bea7798e]], Xavissa.Backend, Version=1.0.0.0, Culture=neutral, PublicKeyToken=null]], System.Private.CoreLib, Version=9.0.0.0, Culture=neutral, PublicKeyToken=7cec85d7bea7798e]]'.
2025-10-28 02:07:54.562 +02:00 [INF] Executed action Xavissa.Backend.Controllers.UsersController.Me (Xavissa.Backend) in 8.4882ms
2025-10-28 02:07:54.565 +02:00 [INF] Executed endpoint 'Xavissa.Backend.Controllers.UsersController.Me (Xavissa.Backend)'
2025-10-28 02:07:54.567 +02:00 [INF] Request finished HTTP/1.1 GET http://localhost:5087/api/Users/me - 200 null application/json; charset=utf-8 61.2275ms
2025-10-28 02:08:40.114 +02:00 [INF] Request starting HTTP/1.1 POST http://localhost:5087/api/UserManagement/create-admin - application/json 98
2025-10-28 02:08:40.124 +02:00 [INF] Executing endpoint 'Xavissa.Backend.Controllers.UserManagementController.CreateAdmin (Xavissa.Backend)'
2025-10-28 02:08:40.130 +02:00 [INF] Route matched with {action = "CreateAdmin", controller = "UserManagement"}. Executing controller action with signature System.Threading.Tasks.Task`1[Microsoft.AspNetCore.Mvc.IActionResult] CreateAdmin(Xavissa.Backend.Controllers.RegisterRequest) on controller Xavissa.Backend.Controllers.UserManagementController (Xavissa.Backend).
2025-10-28 02:08:40.360 +02:00 [INF] Executed DbCommand (189ms) [Parameters=[@__username_0='?', @__email_1='?'], CommandType='"Text"', CommandTimeout='120']
SELECT EXISTS (
    SELECT 1
    FROM "Users" AS u
    WHERE u."Username" = @__username_0 OR u."Email" = @__email_1)
2025-10-28 02:08:40.650 +02:00 [INF] Executed DbCommand (203ms) [Parameters=[@p0='?', @p1='?', @p2='?', @p3='?'], CommandType='"Text"', CommandTimeout='120']
INSERT INTO "Users" ("Email", "PasswordHash", "Role", "Username")
VALUES (@p0, @p1, @p2, @p3)
RETURNING "Id";
2025-10-28 02:08:40.669 +02:00 [INF] Executing OkObjectResult, writing value of type 'Xavissa.Database.Models.User'.
2025-10-28 02:08:40.673 +02:00 [INF] Executed action Xavissa.Backend.Controllers.UserManagementController.CreateAdmin (Xavissa.Backend) in 540.3824ms
2025-10-28 02:08:40.675 +02:00 [INF] Executed endpoint 'Xavissa.Backend.Controllers.UserManagementController.CreateAdmin (Xavissa.Backend)'
2025-10-28 02:08:40.676 +02:00 [INF] Request finished HTTP/1.1 POST http://localhost:5087/api/UserManagement/create-admin - 200 null application/json; charset=utf-8 562.3235ms
2025-10-28 02:09:16.863 +02:00 [INF] Request starting HTTP/1.1 POST http://localhost:5087/api/UserManagement/create-admin - application/json 100
2025-10-28 02:09:16.868 +02:00 [INF] Executing endpoint 'Xavissa.Backend.Controllers.UserManagementController.CreateAdmin (Xavissa.Backend)'
2025-10-28 02:09:16.869 +02:00 [INF] Route matched with {action = "CreateAdmin", controller = "UserManagement"}. Executing controller action with signature System.Threading.Tasks.Task`1[Microsoft.AspNetCore.Mvc.IActionResult] CreateAdmin(Xavissa.Backend.Controllers.RegisterRequest) on controller Xavissa.Backend.Controllers.UserManagementController (Xavissa.Backend).
2025-10-28 02:09:17.116 +02:00 [INF] Executed DbCommand (189ms) [Parameters=[@__username_0='?', @__email_1='?'], CommandType='"Text"', CommandTimeout='120']
SELECT EXISTS (
    SELECT 1
    FROM "Users" AS u
    WHERE u."Username" = @__username_0 OR u."Email" = @__email_1)
2025-10-28 02:09:17.308 +02:00 [INF] Executed DbCommand (188ms) [Parameters=[@p0='?', @p1='?', @p2='?', @p3='?'], CommandType='"Text"', CommandTimeout='120']
INSERT INTO "Users" ("Email", "PasswordHash", "Role", "Username")
VALUES (@p0, @p1, @p2, @p3)
RETURNING "Id";
2025-10-28 02:09:17.312 +02:00 [INF] Executing OkObjectResult, writing value of type 'Xavissa.Database.Models.User'.
2025-10-28 02:09:17.314 +02:00 [INF] Executed action Xavissa.Backend.Controllers.UserManagementController.CreateAdmin (Xavissa.Backend) in 442.4772ms
2025-10-28 02:09:17.316 +02:00 [INF] Executed endpoint 'Xavissa.Backend.Controllers.UserManagementController.CreateAdmin (Xavissa.Backend)'
2025-10-28 02:09:17.317 +02:00 [INF] Request finished HTTP/1.1 POST http://localhost:5087/api/UserManagement/create-admin - 200 null application/json; charset=utf-8 453.5756ms
2025-10-28 02:10:15.904 +02:00 [INF] Request starting HTTP/1.1 POST http://localhost:5087/api/UserManagement/create-admin - application/json 96
2025-10-28 02:10:15.909 +02:00 [INF] Authorization failed. These requirements were not met:
DenyAnonymousAuthorizationRequirement: Requires an authenticated user.
RolesAuthorizationRequirement:User.IsInRole must be true for one of the following roles: (Superuser)
2025-10-28 02:10:15.912 +02:00 [INF] AuthenticationScheme: Bearer was challenged.
2025-10-28 02:10:15.914 +02:00 [INF] Request finished HTTP/1.1 POST http://localhost:5087/api/UserManagement/create-admin - 401 0 null 9.299ms
2025-10-28 02:10:36.008 +02:00 [INF] Request starting HTTP/1.1 POST http://localhost:5087/api/Auth/login - application/json 52
2025-10-28 02:10:36.012 +02:00 [INF] Executing endpoint 'Xavissa.Backend.Controllers.AuthController.Login (Xavissa.Backend)'
2025-10-28 02:10:36.013 +02:00 [INF] Route matched with {action = "Login", controller = "Auth"}. Executing controller action with signature System.Threading.Tasks.Task`1[Microsoft.AspNetCore.Mvc.IActionResult] Login(Xavissa.Backend.Controllers.LoginRequest) on controller Xavissa.Backend.Controllers.AuthController (Xavissa.Backend).
2025-10-28 02:10:36.204 +02:00 [INF] Executed DbCommand (188ms) [Parameters=[@__username_0='?'], CommandType='"Text"', CommandTimeout='120']
SELECT u."Id", u."Email", u."PasswordHash", u."Role", u."Username"
FROM "Users" AS u
WHERE u."Username" = @__username_0
LIMIT 1
2025-10-28 02:10:36.208 +02:00 [INF] Executing OkObjectResult, writing value of type '<>f__AnonymousType1`1[[System.String, System.Private.CoreLib, Version=9.0.0.0, Culture=neutral, PublicKeyToken=7cec85d7bea7798e]]'.
2025-10-28 02:10:36.209 +02:00 [INF] Executed action Xavissa.Backend.Controllers.AuthController.Login (Xavissa.Backend) in 194.1169ms
2025-10-28 02:10:36.211 +02:00 [INF] Executed endpoint 'Xavissa.Backend.Controllers.AuthController.Login (Xavissa.Backend)'
2025-10-28 02:10:36.212 +02:00 [INF] Request finished HTTP/1.1 POST http://localhost:5087/api/Auth/login - 200 null application/json; charset=utf-8 203.9909ms
2025-10-28 02:10:58.954 +02:00 [INF] Request starting HTTP/1.1 POST http://localhost:5087/api/UserManagement/create-admin - application/json 96
2025-10-28 02:10:58.958 +02:00 [INF] Authorization failed. These requirements were not met:
RolesAuthorizationRequirement:User.IsInRole must be true for one of the following roles: (Superuser)
2025-10-28 02:10:58.960 +02:00 [INF] AuthenticationScheme: Bearer was forbidden.
2025-10-28 02:10:58.961 +02:00 [INF] Request finished HTTP/1.1 POST http://localhost:5087/api/UserManagement/create-admin - 403 0 null 7.0838ms
2025-10-28 02:11:09.078 +02:00 [INF] Request starting HTTP/1.1 GET http://localhost:5087/api/Users/me - null null
2025-10-28 02:11:09.082 +02:00 [INF] Executing endpoint 'Xavissa.Backend.Controllers.UsersController.Me (Xavissa.Backend)'
2025-10-28 02:11:09.083 +02:00 [INF] Route matched with {action = "Me", controller = "Users"}. Executing controller action with signature Microsoft.AspNetCore.Mvc.IActionResult Me() on controller Xavissa.Backend.Controllers.UsersController (Xavissa.Backend).
2025-10-28 02:11:09.085 +02:00 [INF] Executing OkObjectResult, writing value of type '<>f__AnonymousType2`4[[System.String, System.Private.CoreLib, Version=9.0.0.0, Culture=neutral, PublicKeyToken=7cec85d7bea7798e],[System.String, System.Private.CoreLib, Version=9.0.0.0, Culture=neutral, PublicKeyToken=7cec85d7bea7798e],[System.String, System.Private.CoreLib, Version=9.0.0.0, Culture=neutral, PublicKeyToken=7cec85d7bea7798e],[System.Collections.Generic.IEnumerable`1[[<>f__AnonymousType3`2[[System.String, System.Private.CoreLib, Version=9.0.0.0, Culture=neutral, PublicKeyToken=7cec85d7bea7798e],[System.String, System.Private.CoreLib, Version=9.0.0.0, Culture=neutral, PublicKeyToken=7cec85d7bea7798e]], Xavissa.Backend, Version=1.0.0.0, Culture=neutral, PublicKeyToken=null]], System.Private.CoreLib, Version=9.0.0.0, Culture=neutral, PublicKeyToken=7cec85d7bea7798e]]'.
2025-10-28 02:11:09.087 +02:00 [INF] Executed action Xavissa.Backend.Controllers.UsersController.Me (Xavissa.Backend) in 2.4195ms
2025-10-28 02:11:09.089 +02:00 [INF] Executed endpoint 'Xavissa.Backend.Controllers.UsersController.Me (Xavissa.Backend)'
2025-10-28 02:11:09.091 +02:00 [INF] Request finished HTTP/1.1 GET http://localhost:5087/api/Users/me - 200 null application/json; charset=utf-8 12.814ms
2025-10-28 02:11:19.623 +02:00 [INF] Request starting HTTP/1.1 GET http://localhost:5087/api/Users/all - null null
2025-10-28 02:11:19.628 +02:00 [INF] Authorization failed. These requirements were not met:
RolesAuthorizationRequirement:User.IsInRole must be true for one of the following roles: (Superuser)
2025-10-28 02:11:19.630 +02:00 [INF] AuthenticationScheme: Bearer was forbidden.
2025-10-28 02:11:19.631 +02:00 [INF] Request finished HTTP/1.1 GET http://localhost:5087/api/Users/all - 403 0 null 7.6462ms
2025-10-28 02:11:52.423 +02:00 [INF] Request starting HTTP/1.1 POST http://localhost:5087/api/UserManagement/create-clerk - application/json 84
2025-10-28 02:11:52.427 +02:00 [INF] Executing endpoint 'Xavissa.Backend.Controllers.UserManagementController.CreateClerk (Xavissa.Backend)'
2025-10-28 02:11:52.434 +02:00 [INF] Route matched with {action = "CreateClerk", controller = "UserManagement"}. Executing controller action with signature System.Threading.Tasks.Task`1[Microsoft.AspNetCore.Mvc.IActionResult] CreateClerk(Xavissa.Backend.Controllers.RegisterRequest) on controller Xavissa.Backend.Controllers.UserManagementController (Xavissa.Backend).
2025-10-28 02:11:52.642 +02:00 [INF] Executed DbCommand (203ms) [Parameters=[@__username_0='?', @__email_1='?'], CommandType='"Text"', CommandTimeout='120']
SELECT EXISTS (
    SELECT 1
    FROM "Users" AS u
    WHERE u."Username" = @__username_0 OR u."Email" = @__email_1)
2025-10-28 02:11:52.848 +02:00 [INF] Executed DbCommand (200ms) [Parameters=[@p0='?', @p1='?', @p2='?', @p3='?'], CommandType='"Text"', CommandTimeout='120']
INSERT INTO "Users" ("Email", "PasswordHash", "Role", "Username")
VALUES (@p0, @p1, @p2, @p3)
RETURNING "Id";
2025-10-28 02:11:52.853 +02:00 [INF] Executing OkObjectResult, writing value of type 'Xavissa.Database.Models.User'.
2025-10-28 02:11:52.854 +02:00 [INF] Executed action Xavissa.Backend.Controllers.UserManagementController.CreateClerk (Xavissa.Backend) in 416.8141ms
2025-10-28 02:11:52.856 +02:00 [INF] Executed endpoint 'Xavissa.Backend.Controllers.UserManagementController.CreateClerk (Xavissa.Backend)'
2025-10-28 02:11:52.857 +02:00 [INF] Request finished HTTP/1.1 POST http://localhost:5087/api/UserManagement/create-clerk - 200 null application/json; charset=utf-8 434.0429ms
2025-10-28 02:23:26.678 +02:00 [INF] Application is shutting down...
2025-10-28 02:23:34.512 +02:00 [INF] User profile is available. Using 'C:\Users\COUTINHO\AppData\Local\ASP.NET\DataProtection-Keys' as key repository and Windows DPAPI to encrypt keys at rest.
2025-10-28 02:23:34.675 +02:00 [INF] Now listening on: http://localhost:5087
2025-10-28 02:23:34.678 +02:00 [INF] Application started. Press Ctrl+C to shut down.
2025-10-28 02:23:34.680 +02:00 [INF] Hosting environment: Development
2025-10-28 02:23:34.680 +02:00 [INF] Content root path: D:\Work Spot\PROJECTS\Business\Xavissa\Backend\Xavissa.Backend
2025-10-28 02:23:35.876 +02:00 [INF] Request starting HTTP/1.1 GET http://localhost:5087/swagger/index.html - null null
2025-10-28 02:23:35.971 +02:00 [INF] Request finished HTTP/1.1 GET http://localhost:5087/swagger/index.html - 200 null text/html;charset=utf-8 95.9749ms
2025-10-28 02:23:36.185 +02:00 [INF] Request starting HTTP/1.1 GET http://localhost:5087/swagger/v1/swagger.json - null null
2025-10-28 02:23:36.328 +02:00 [INF] Request finished HTTP/1.1 GET http://localhost:5087/swagger/v1/swagger.json - 200 null application/json;charset=utf-8 143.2608ms
2025-10-28 02:24:11.715 +02:00 [INF] Request starting HTTP/1.1 POST http://localhost:5087/api/Sales - application/json 805
2025-10-28 02:24:11.746 +02:00 [WRN] Failed to determine the https port for redirect.
2025-10-28 02:24:11.749 +02:00 [INF] Executing endpoint 'Xavissa.Controllers.SalesController.Create (Xavissa.Backend)'
2025-10-28 02:24:11.765 +02:00 [INF] Route matched with {action = "Create", controller = "Sales"}. Executing controller action with signature System.Threading.Tasks.Task`1[Microsoft.AspNetCore.Mvc.ActionResult`1[Xavissa.Database.Models.Sale]] Create(Xavissa.Database.Models.Sale) on controller Xavissa.Controllers.SalesController (Xavissa.Backend).
2025-10-28 02:24:11.901 +02:00 [INF] Executing BadRequestObjectResult, writing value of type 'Microsoft.AspNetCore.Mvc.ValidationProblemDetails'.
2025-10-28 02:24:11.924 +02:00 [INF] Executed action Xavissa.Controllers.SalesController.Create (Xavissa.Backend) in 153.2646ms
2025-10-28 02:24:11.926 +02:00 [INF] Executed endpoint 'Xavissa.Controllers.SalesController.Create (Xavissa.Backend)'
2025-10-28 02:24:11.929 +02:00 [INF] Request finished HTTP/1.1 POST http://localhost:5087/api/Sales - 400 null application/problem+json; charset=utf-8 214.2204ms
2025-10-28 02:25:12.906 +02:00 [INF] Request starting HTTP/1.1 GET http://localhost:5087/api/Users/me - null null
2025-10-28 02:25:12.915 +02:00 [INF] Authorization failed. These requirements were not met:
DenyAnonymousAuthorizationRequirement: Requires an authenticated user.
2025-10-28 02:25:12.920 +02:00 [INF] AuthenticationScheme: Bearer was challenged.
2025-10-28 02:25:12.922 +02:00 [INF] Request finished HTTP/1.1 GET http://localhost:5087/api/Users/me - 401 0 null 16.0364ms
2025-10-28 02:25:21.552 +02:00 [INF] Request starting HTTP/1.1 GET http://localhost:5087/swagger/index.html - null null
2025-10-28 02:25:21.556 +02:00 [INF] Request finished HTTP/1.1 GET http://localhost:5087/swagger/index.html - 200 null text/html;charset=utf-8 3.8317ms
2025-10-28 02:25:21.756 +02:00 [INF] Request starting HTTP/1.1 GET http://localhost:5087/swagger/v1/swagger.json - null null
2025-10-28 02:25:21.769 +02:00 [INF] Request finished HTTP/1.1 GET http://localhost:5087/swagger/v1/swagger.json - 200 null application/json;charset=utf-8 13.2008ms
