2025-10-09 03:08:02.557 +02:00 [ERR] Failed executing DbCommand (202ms) [Parameters=[], CommandType='"Text"', CommandTimeout='30']
SELECT "MigrationId", "ProductVersion"
FROM "__EFMigrationsHistory"
ORDER BY "MigrationId";
2025-10-09 03:08:37.313 +02:00 [ERR] Failed executing DbCommand (32,993ms) [Parameters=[], CommandType='"Text"', CommandTimeout='30']
CREATE TABLE IF NOT EXISTS "__EFMigrationsHistory" (
    "MigrationId" character varying(150) NOT NULL,
    "ProductVersion" character varying(32) NOT NULL,
    CONSTRAINT "PK___EFMigrationsHistory" PRIMARY KEY ("MigrationId")
);
2025-10-09 03:15:28.418 +02:00 [ERR] Failed executing DbCommand (201ms) [Parameters=[], CommandType='"Text"', CommandTimeout='30']
SELECT "MigrationId", "ProductVersion"
FROM "__EFMigrationsHistory"
ORDER BY "MigrationId";
2025-10-09 03:16:03.107 +02:00 [ERR] Failed executing DbCommand (32,970ms) [Parameters=[], CommandType='"Text"', CommandTimeout='30']
CREATE TABLE IF NOT EXISTS "__EFMigrationsHistory" (
    "MigrationId" character varying(150) NOT NULL,
    "ProductVersion" character varying(32) NOT NULL,
    CONSTRAINT "PK___EFMigrationsHistory" PRIMARY KEY ("MigrationId")
);
2025-10-09 03:19:31.169 +02:00 [ERR] An error occurred using the connection to database 'postgres' on server 'tcp://db.qjtkgfqycqnadwidmgqo.supabase.co:5432'.
2025-10-09 03:24:49.992 +02:00 [ERR] An error occurred using the connection to database 'postgres' on server 'tcp://db.qjtkgfqycqnadwidmgqo.supabase.co:5432'.
2025-10-09 03:35:09.893 +02:00 [INF] Executed DbCommand (201ms) [Parameters=[], CommandType='"Text"', CommandTimeout='120']
SELECT "MigrationId", "ProductVersion"
FROM "__EFMigrationsHistory"
ORDER BY "MigrationId";
2025-10-09 03:44:59.593 +02:00 [INF] Executed DbCommand (201ms) [Parameters=[], CommandType='"Text"', CommandTimeout='120']
SELECT "MigrationId", "ProductVersion"
FROM "__EFMigrationsHistory"
ORDER BY "MigrationId";
2025-10-09 04:15:51.391 +02:00 [INF] Now listening on: http://localhost:5087
2025-10-09 04:15:51.431 +02:00 [INF] Application started. Press Ctrl+C to shut down.
2025-10-09 04:15:51.433 +02:00 [INF] Hosting environment: Development
2025-10-09 04:15:51.434 +02:00 [INF] Content root path: D:\Work Spot\PROJECTS\Business\Xavissa\backend\Xavissa.Backend
2025-10-09 04:18:59.022 +02:00 [INF] Request starting HTTP/1.1 GET http://localhost:5087/api/test/ping - null null
2025-10-09 04:18:59.067 +02:00 [WRN] Failed to determine the https port for redirect.
2025-10-09 04:18:59.070 +02:00 [INF] Executing endpoint 'TestController.Ping (Xavissa.Backend)'
2025-10-09 04:18:59.089 +02:00 [INF] Route matched with {action = "Ping", controller = "Test"}. Executing controller action with signature Microsoft.AspNetCore.Mvc.IActionResult Ping() on controller TestController (Xavissa.Backend).
2025-10-09 04:19:02.553 +02:00 [ERR] Failed executing DbCommand (202ms) [Parameters=[], CommandType='"Text"', CommandTimeout='120']
SELECT count(*)::int
FROM "Products" AS p
2025-10-09 04:19:02.574 +02:00 [ERR] An exception occurred while iterating over the results of a query for context type 'Xavissa.Database.XavissaDbContext'.
Npgsql.PostgresException (0x80004005): 42P01: relation "Products" does not exist

POSITION: 28
   at Npgsql.Internal.NpgsqlConnector.ReadMessageLong(Boolean async, DataRowLoadingMode dataRowLoadingMode, Boolean readingNotifications, Boolean isReadingPrependedMessage)
   at System.Runtime.CompilerServices.PoolingAsyncValueTaskMethodBuilder`1.StateMachineBox`1.System.Threading.Tasks.Sources.IValueTaskSource<TResult>.GetResult(Int16 token)
   at Npgsql.NpgsqlDataReader.NextResult(Boolean async, Boolean isConsuming, CancellationToken cancellationToken)
   at Npgsql.NpgsqlDataReader.NextResult(Boolean async, Boolean isConsuming, CancellationToken cancellationToken)
   at Npgsql.NpgsqlDataReader.NextResult()
   at Npgsql.NpgsqlCommand.ExecuteReader(Boolean async, CommandBehavior behavior, CancellationToken cancellationToken)
   at Npgsql.NpgsqlCommand.ExecuteReader(Boolean async, CommandBehavior behavior, CancellationToken cancellationToken)
   at Npgsql.NpgsqlCommand.ExecuteReader(CommandBehavior behavior)
   at Npgsql.NpgsqlCommand.ExecuteDbDataReader(CommandBehavior behavior)
   at Microsoft.EntityFrameworkCore.Storage.RelationalCommand.ExecuteReader(RelationalCommandParameterObject parameterObject)
   at Microsoft.EntityFrameworkCore.Query.Internal.SingleQueryingEnumerable`1.Enumerator.InitializeReader(Enumerator enumerator)
   at Microsoft.EntityFrameworkCore.Query.Internal.SingleQueryingEnumerable`1.Enumerator.<>c.<MoveNext>b__21_0(DbContext _, Enumerator enumerator)
   at Npgsql.EntityFrameworkCore.PostgreSQL.Storage.Internal.NpgsqlExecutionStrategy.Execute[TState,TResult](TState state, Func`3 operation, Func`3 verifySucceeded)
   at Microsoft.EntityFrameworkCore.Query.Internal.SingleQueryingEnumerable`1.Enumerator.MoveNext()
  Exception data:
    Severity: ERROR
    SqlState: 42P01
    MessageText: relation "Products" does not exist
    Position: 28
    File: parse_relation.c
    Line: 1449
    Routine: parserOpenTable
Npgsql.PostgresException (0x80004005): 42P01: relation "Products" does not exist

POSITION: 28
   at Npgsql.Internal.NpgsqlConnector.ReadMessageLong(Boolean async, DataRowLoadingMode dataRowLoadingMode, Boolean readingNotifications, Boolean isReadingPrependedMessage)
   at System.Runtime.CompilerServices.PoolingAsyncValueTaskMethodBuilder`1.StateMachineBox`1.System.Threading.Tasks.Sources.IValueTaskSource<TResult>.GetResult(Int16 token)
   at Npgsql.NpgsqlDataReader.NextResult(Boolean async, Boolean isConsuming, CancellationToken cancellationToken)
   at Npgsql.NpgsqlDataReader.NextResult(Boolean async, Boolean isConsuming, CancellationToken cancellationToken)
   at Npgsql.NpgsqlDataReader.NextResult()
   at Npgsql.NpgsqlCommand.ExecuteReader(Boolean async, CommandBehavior behavior, CancellationToken cancellationToken)
   at Npgsql.NpgsqlCommand.ExecuteReader(Boolean async, CommandBehavior behavior, CancellationToken cancellationToken)
   at Npgsql.NpgsqlCommand.ExecuteReader(CommandBehavior behavior)
   at Npgsql.NpgsqlCommand.ExecuteDbDataReader(CommandBehavior behavior)
   at Microsoft.EntityFrameworkCore.Storage.RelationalCommand.ExecuteReader(RelationalCommandParameterObject parameterObject)
   at Microsoft.EntityFrameworkCore.Query.Internal.SingleQueryingEnumerable`1.Enumerator.InitializeReader(Enumerator enumerator)
   at Microsoft.EntityFrameworkCore.Query.Internal.SingleQueryingEnumerable`1.Enumerator.<>c.<MoveNext>b__21_0(DbContext _, Enumerator enumerator)
   at Npgsql.EntityFrameworkCore.PostgreSQL.Storage.Internal.NpgsqlExecutionStrategy.Execute[TState,TResult](TState state, Func`3 operation, Func`3 verifySucceeded)
   at Microsoft.EntityFrameworkCore.Query.Internal.SingleQueryingEnumerable`1.Enumerator.MoveNext()
  Exception data:
    Severity: ERROR
    SqlState: 42P01
    MessageText: relation "Products" does not exist
    Position: 28
    File: parse_relation.c
    Line: 1449
    Routine: parserOpenTable
2025-10-09 04:19:02.589 +02:00 [INF] Executed action TestController.Ping (Xavissa.Backend) in 3494.7117ms
2025-10-09 04:19:02.595 +02:00 [INF] Executed endpoint 'TestController.Ping (Xavissa.Backend)'
2025-10-09 04:19:02.598 +02:00 [ERR] An unhandled exception has occurred while executing the request.
Npgsql.PostgresException (0x80004005): 42P01: relation "Products" does not exist

POSITION: 28
   at Npgsql.Internal.NpgsqlConnector.ReadMessageLong(Boolean async, DataRowLoadingMode dataRowLoadingMode, Boolean readingNotifications, Boolean isReadingPrependedMessage)
   at System.Runtime.CompilerServices.PoolingAsyncValueTaskMethodBuilder`1.StateMachineBox`1.System.Threading.Tasks.Sources.IValueTaskSource<TResult>.GetResult(Int16 token)
   at Npgsql.NpgsqlDataReader.NextResult(Boolean async, Boolean isConsuming, CancellationToken cancellationToken)
   at Npgsql.NpgsqlDataReader.NextResult(Boolean async, Boolean isConsuming, CancellationToken cancellationToken)
   at Npgsql.NpgsqlDataReader.NextResult()
   at Npgsql.NpgsqlCommand.ExecuteReader(Boolean async, CommandBehavior behavior, CancellationToken cancellationToken)
   at Npgsql.NpgsqlCommand.ExecuteReader(Boolean async, CommandBehavior behavior, CancellationToken cancellationToken)
   at Npgsql.NpgsqlCommand.ExecuteReader(CommandBehavior behavior)
   at Npgsql.NpgsqlCommand.ExecuteDbDataReader(CommandBehavior behavior)
   at Microsoft.EntityFrameworkCore.Storage.RelationalCommand.ExecuteReader(RelationalCommandParameterObject parameterObject)
   at Microsoft.EntityFrameworkCore.Query.Internal.SingleQueryingEnumerable`1.Enumerator.InitializeReader(Enumerator enumerator)
   at Microsoft.EntityFrameworkCore.Query.Internal.SingleQueryingEnumerable`1.Enumerator.<>c.<MoveNext>b__21_0(DbContext _, Enumerator enumerator)
   at Npgsql.EntityFrameworkCore.PostgreSQL.Storage.Internal.NpgsqlExecutionStrategy.Execute[TState,TResult](TState state, Func`3 operation, Func`3 verifySucceeded)
   at Microsoft.EntityFrameworkCore.Query.Internal.SingleQueryingEnumerable`1.Enumerator.MoveNext()
   at System.Linq.Enumerable.TryGetSingle[TSource](IEnumerable`1 source, Boolean& found)
   at lambda_method13(Closure, QueryContext)
   at Microsoft.EntityFrameworkCore.Query.Internal.QueryCompiler.ExecuteCore[TResult](Expression query, Boolean async, CancellationToken cancellationToken)
   at Microsoft.EntityFrameworkCore.Query.Internal.QueryCompiler.Execute[TResult](Expression query)
   at Microsoft.EntityFrameworkCore.Query.Internal.EntityQueryProvider.Execute[TResult](Expression expression)
   at TestController.Ping() in D:\Work Spot\PROJECTS\Business\Xavissa\backend\Xavissa.Backend\TestController.cs:line 14
   at lambda_method4(Closure, Object, Object[])
   at Microsoft.AspNetCore.Mvc.Infrastructure.ActionMethodExecutor.SyncActionResultExecutor.Execute(ActionContext actionContext, IActionResultTypeMapper mapper, ObjectMethodExecutor executor, Object controller, Object[] arguments)
   at Microsoft.AspNetCore.Mvc.Infrastructure.ControllerActionInvoker.InvokeActionMethodAsync()
   at Microsoft.AspNetCore.Mvc.Infrastructure.ControllerActionInvoker.Next(State& next, Scope& scope, Object& state, Boolean& isCompleted)
   at Microsoft.AspNetCore.Mvc.Infrastructure.ControllerActionInvoker.InvokeNextActionFilterAsync()
--- End of stack trace from previous location ---
   at Microsoft.AspNetCore.Mvc.Infrastructure.ControllerActionInvoker.Rethrow(ActionExecutedContextSealed context)
   at Microsoft.AspNetCore.Mvc.Infrastructure.ControllerActionInvoker.Next(State& next, Scope& scope, Object& state, Boolean& isCompleted)
   at Microsoft.AspNetCore.Mvc.Infrastructure.ControllerActionInvoker.InvokeInnerFilterAsync()
--- End of stack trace from previous location ---
   at Microsoft.AspNetCore.Mvc.Infrastructure.ResourceInvoker.<InvokeFilterPipelineAsync>g__Awaited|20_0(ResourceInvoker invoker, Task lastTask, State next, Scope scope, Object state, Boolean isCompleted)
   at Microsoft.AspNetCore.Mvc.Infrastructure.ResourceInvoker.<InvokeAsync>g__Logged|17_1(ResourceInvoker invoker)
   at Microsoft.AspNetCore.Mvc.Infrastructure.ResourceInvoker.<InvokeAsync>g__Logged|17_1(ResourceInvoker invoker)
   at Microsoft.AspNetCore.Routing.EndpointMiddleware.<Invoke>g__AwaitRequestTask|7_0(Endpoint endpoint, Task requestTask, ILogger logger)
   at Swashbuckle.AspNetCore.SwaggerUI.SwaggerUIMiddleware.Invoke(HttpContext httpContext)
   at Swashbuckle.AspNetCore.Swagger.SwaggerMiddleware.Invoke(HttpContext httpContext, ISwaggerProvider swaggerProvider)
   at Microsoft.AspNetCore.Authorization.AuthorizationMiddleware.Invoke(HttpContext context)
   at Microsoft.AspNetCore.Authentication.AuthenticationMiddleware.Invoke(HttpContext context)
   at Microsoft.AspNetCore.Diagnostics.DeveloperExceptionPageMiddlewareImpl.Invoke(HttpContext context)
  Exception data:
    Severity: ERROR
    SqlState: 42P01
    MessageText: relation "Products" does not exist
    Position: 28
    File: parse_relation.c
    Line: 1449
    Routine: parserOpenTable
2025-10-09 04:19:02.668 +02:00 [INF] Request finished HTTP/1.1 GET http://localhost:5087/api/test/ping - 500 null text/html; charset=utf-8 3648.3473ms
2025-10-09 04:19:02.877 +02:00 [INF] Request starting HTTP/1.1 GET http://localhost:5087/favicon.ico - null null
2025-10-09 04:19:02.882 +02:00 [INF] Request finished HTTP/1.1 GET http://localhost:5087/favicon.ico - 404 0 null 6.3467ms
2025-10-09 04:19:02.887 +02:00 [INF] Request reached the end of the middleware pipeline without being handled by application code. Request path: GET http://localhost:5087/favicon.ico, Response status code: 404
2025-10-09 04:20:46.759 +02:00 [INF] Application is shutting down...
2025-10-09 04:20:50.878 +02:00 [INF] Now listening on: http://localhost:5087
2025-10-09 04:20:50.917 +02:00 [INF] Application started. Press Ctrl+C to shut down.
2025-10-09 04:20:50.919 +02:00 [INF] Hosting environment: Development
2025-10-09 04:20:50.920 +02:00 [INF] Content root path: D:\Work Spot\PROJECTS\Business\Xavissa\backend\Xavissa.Backend
2025-10-09 04:20:54.226 +02:00 [INF] Request starting HTTP/1.1 GET http://localhost:5087/api/test/ping - null null
2025-10-09 04:20:54.262 +02:00 [WRN] Failed to determine the https port for redirect.
2025-10-09 04:20:54.266 +02:00 [INF] Executing endpoint 'TestController.Ping (Xavissa.Backend)'
2025-10-09 04:20:54.277 +02:00 [INF] Route matched with {action = "Ping", controller = "Test"}. Executing controller action with signature Microsoft.AspNetCore.Mvc.IActionResult Ping() on controller TestController (Xavissa.Backend).
2025-10-09 04:20:55.111 +02:00 [ERR] An exception occurred while iterating over the results of a query for context type 'Xavissa.Database.XavissaDbContext'.
System.ArgumentException: Couldn't set trust server certificate (Parameter 'trust server certificate')
 ---> System.FormatException: String 'true, Pooling=true' was not recognized as a valid Boolean.
   at System.String.System.IConvertible.ToBoolean(IFormatProvider provider)
   at System.Convert.ChangeType(Object value, Type conversionType, IFormatProvider provider)
   at Npgsql.NpgsqlConnectionStringBuilder.GeneratedActions(GeneratedAction action, String keyword, Object& value)
   at Npgsql.NpgsqlConnectionStringBuilder.set_Item(String keyword, Object value)
   --- End of inner exception stack trace ---
   at Npgsql.NpgsqlConnectionStringBuilder.set_Item(String keyword, Object value)
   at System.Data.Common.DbConnectionStringBuilder.set_ConnectionString(String value)
   at Npgsql.NpgsqlConnectionStringBuilder..ctor(String connectionString)
   at Npgsql.NpgsqlConnection.SetupDataSource()
   at Npgsql.NpgsqlConnection.set_ConnectionString(String value)
   at Npgsql.NpgsqlConnection..ctor(String connectionString)
   at Npgsql.EntityFrameworkCore.PostgreSQL.Storage.Internal.NpgsqlRelationalConnection.CreateDbConnection()
   at Microsoft.EntityFrameworkCore.Storage.RelationalConnection.get_DbConnection()
   at Microsoft.EntityFrameworkCore.Storage.RelationalConnection.Open(Boolean errorsExpected)
   at Microsoft.EntityFrameworkCore.Storage.RelationalCommand.ExecuteReader(RelationalCommandParameterObject parameterObject)
   at Microsoft.EntityFrameworkCore.Query.Internal.SingleQueryingEnumerable`1.Enumerator.InitializeReader(Enumerator enumerator)
   at Microsoft.EntityFrameworkCore.Query.Internal.SingleQueryingEnumerable`1.Enumerator.<>c.<MoveNext>b__21_0(DbContext _, Enumerator enumerator)
   at Npgsql.EntityFrameworkCore.PostgreSQL.Storage.Internal.NpgsqlExecutionStrategy.Execute[TState,TResult](TState state, Func`3 operation, Func`3 verifySucceeded)
   at Microsoft.EntityFrameworkCore.Query.Internal.SingleQueryingEnumerable`1.Enumerator.MoveNext()
System.ArgumentException: Couldn't set trust server certificate (Parameter 'trust server certificate')
 ---> System.FormatException: String 'true, Pooling=true' was not recognized as a valid Boolean.
   at System.String.System.IConvertible.ToBoolean(IFormatProvider provider)
   at System.Convert.ChangeType(Object value, Type conversionType, IFormatProvider provider)
   at Npgsql.NpgsqlConnectionStringBuilder.GeneratedActions(GeneratedAction action, String keyword, Object& value)
   at Npgsql.NpgsqlConnectionStringBuilder.set_Item(String keyword, Object value)
   --- End of inner exception stack trace ---
   at Npgsql.NpgsqlConnectionStringBuilder.set_Item(String keyword, Object value)
   at System.Data.Common.DbConnectionStringBuilder.set_ConnectionString(String value)
   at Npgsql.NpgsqlConnectionStringBuilder..ctor(String connectionString)
   at Npgsql.NpgsqlConnection.SetupDataSource()
   at Npgsql.NpgsqlConnection.set_ConnectionString(String value)
   at Npgsql.NpgsqlConnection..ctor(String connectionString)
   at Npgsql.EntityFrameworkCore.PostgreSQL.Storage.Internal.NpgsqlRelationalConnection.CreateDbConnection()
   at Microsoft.EntityFrameworkCore.Storage.RelationalConnection.get_DbConnection()
   at Microsoft.EntityFrameworkCore.Storage.RelationalConnection.Open(Boolean errorsExpected)
   at Microsoft.EntityFrameworkCore.Storage.RelationalCommand.ExecuteReader(RelationalCommandParameterObject parameterObject)
   at Microsoft.EntityFrameworkCore.Query.Internal.SingleQueryingEnumerable`1.Enumerator.InitializeReader(Enumerator enumerator)
   at Microsoft.EntityFrameworkCore.Query.Internal.SingleQueryingEnumerable`1.Enumerator.<>c.<MoveNext>b__21_0(DbContext _, Enumerator enumerator)
   at Npgsql.EntityFrameworkCore.PostgreSQL.Storage.Internal.NpgsqlExecutionStrategy.Execute[TState,TResult](TState state, Func`3 operation, Func`3 verifySucceeded)
   at Microsoft.EntityFrameworkCore.Query.Internal.SingleQueryingEnumerable`1.Enumerator.MoveNext()
2025-10-09 04:20:55.121 +02:00 [INF] Executed action TestController.Ping (Xavissa.Backend) in 838.5045ms
2025-10-09 04:20:55.137 +02:00 [INF] Executed endpoint 'TestController.Ping (Xavissa.Backend)'
2025-10-09 04:20:55.140 +02:00 [ERR] An unhandled exception has occurred while executing the request.
System.ArgumentException: Couldn't set trust server certificate (Parameter 'trust server certificate')
 ---> System.FormatException: String 'true, Pooling=true' was not recognized as a valid Boolean.
   at System.String.System.IConvertible.ToBoolean(IFormatProvider provider)
   at System.Convert.ChangeType(Object value, Type conversionType, IFormatProvider provider)
   at Npgsql.NpgsqlConnectionStringBuilder.GeneratedActions(GeneratedAction action, String keyword, Object& value)
   at Npgsql.NpgsqlConnectionStringBuilder.set_Item(String keyword, Object value)
   --- End of inner exception stack trace ---
   at Npgsql.NpgsqlConnectionStringBuilder.set_Item(String keyword, Object value)
   at System.Data.Common.DbConnectionStringBuilder.set_ConnectionString(String value)
   at Npgsql.NpgsqlConnectionStringBuilder..ctor(String connectionString)
   at Npgsql.NpgsqlConnection.SetupDataSource()
   at Npgsql.NpgsqlConnection.set_ConnectionString(String value)
   at Npgsql.NpgsqlConnection..ctor(String connectionString)
   at Npgsql.EntityFrameworkCore.PostgreSQL.Storage.Internal.NpgsqlRelationalConnection.CreateDbConnection()
   at Microsoft.EntityFrameworkCore.Storage.RelationalConnection.get_DbConnection()
   at Microsoft.EntityFrameworkCore.Storage.RelationalConnection.Open(Boolean errorsExpected)
   at Microsoft.EntityFrameworkCore.Storage.RelationalCommand.ExecuteReader(RelationalCommandParameterObject parameterObject)
   at Microsoft.EntityFrameworkCore.Query.Internal.SingleQueryingEnumerable`1.Enumerator.InitializeReader(Enumerator enumerator)
   at Microsoft.EntityFrameworkCore.Query.Internal.SingleQueryingEnumerable`1.Enumerator.<>c.<MoveNext>b__21_0(DbContext _, Enumerator enumerator)
   at Npgsql.EntityFrameworkCore.PostgreSQL.Storage.Internal.NpgsqlExecutionStrategy.Execute[TState,TResult](TState state, Func`3 operation, Func`3 verifySucceeded)
   at Microsoft.EntityFrameworkCore.Query.Internal.SingleQueryingEnumerable`1.Enumerator.MoveNext()
   at System.Linq.Enumerable.TryGetSingle[TSource](IEnumerable`1 source, Boolean& found)
   at lambda_method13(Closure, QueryContext)
   at Microsoft.EntityFrameworkCore.Query.Internal.QueryCompiler.ExecuteCore[TResult](Expression query, Boolean async, CancellationToken cancellationToken)
   at Microsoft.EntityFrameworkCore.Query.Internal.QueryCompiler.Execute[TResult](Expression query)
   at Microsoft.EntityFrameworkCore.Query.Internal.EntityQueryProvider.Execute[TResult](Expression expression)
   at TestController.Ping() in D:\Work Spot\PROJECTS\Business\Xavissa\backend\Xavissa.Backend\TestController.cs:line 14
   at lambda_method4(Closure, Object, Object[])
   at Microsoft.AspNetCore.Mvc.Infrastructure.ActionMethodExecutor.SyncActionResultExecutor.Execute(ActionContext actionContext, IActionResultTypeMapper mapper, ObjectMethodExecutor executor, Object controller, Object[] arguments)
   at Microsoft.AspNetCore.Mvc.Infrastructure.ControllerActionInvoker.InvokeActionMethodAsync()
   at Microsoft.AspNetCore.Mvc.Infrastructure.ControllerActionInvoker.Next(State& next, Scope& scope, Object& state, Boolean& isCompleted)
   at Microsoft.AspNetCore.Mvc.Infrastructure.ControllerActionInvoker.InvokeNextActionFilterAsync()
--- End of stack trace from previous location ---
   at Microsoft.AspNetCore.Mvc.Infrastructure.ControllerActionInvoker.Rethrow(ActionExecutedContextSealed context)
   at Microsoft.AspNetCore.Mvc.Infrastructure.ControllerActionInvoker.Next(State& next, Scope& scope, Object& state, Boolean& isCompleted)
   at Microsoft.AspNetCore.Mvc.Infrastructure.ControllerActionInvoker.InvokeInnerFilterAsync()
--- End of stack trace from previous location ---
   at Microsoft.AspNetCore.Mvc.Infrastructure.ResourceInvoker.<InvokeFilterPipelineAsync>g__Awaited|20_0(ResourceInvoker invoker, Task lastTask, State next, Scope scope, Object state, Boolean isCompleted)
   at Microsoft.AspNetCore.Mvc.Infrastructure.ResourceInvoker.<InvokeAsync>g__Logged|17_1(ResourceInvoker invoker)
   at Microsoft.AspNetCore.Mvc.Infrastructure.ResourceInvoker.<InvokeAsync>g__Logged|17_1(ResourceInvoker invoker)
   at Microsoft.AspNetCore.Routing.EndpointMiddleware.<Invoke>g__AwaitRequestTask|7_0(Endpoint endpoint, Task requestTask, ILogger logger)
   at Swashbuckle.AspNetCore.SwaggerUI.SwaggerUIMiddleware.Invoke(HttpContext httpContext)
   at Swashbuckle.AspNetCore.Swagger.SwaggerMiddleware.Invoke(HttpContext httpContext, ISwaggerProvider swaggerProvider)
   at Microsoft.AspNetCore.Authorization.AuthorizationMiddleware.Invoke(HttpContext context)
   at Microsoft.AspNetCore.Authentication.AuthenticationMiddleware.Invoke(HttpContext context)
   at Microsoft.AspNetCore.Diagnostics.DeveloperExceptionPageMiddlewareImpl.Invoke(HttpContext context)
2025-10-09 04:20:55.173 +02:00 [INF] Request finished HTTP/1.1 GET http://localhost:5087/api/test/ping - 500 null text/html; charset=utf-8 949.2735ms
2025-10-09 04:27:27.462 +02:00 [INF] Application is shutting down...
