2025-10-16 02:26:21.611 +02:00 [INF] Executed DbCommand (227ms) [Parameters=[], CommandType='"Text"', CommandTimeout='120']
SELECT "MigrationId", "ProductVersion"
FROM "__EFMigrationsHistory"
ORDER BY "MigrationId";
2025-10-16 02:30:10.045 +02:00 [INF] Executed DbCommand (206ms) [Parameters=[], CommandType='"Text"', CommandTimeout='120']
SELECT "MigrationId", "ProductVersion"
FROM "__EFMigrationsHistory"
ORDER BY "MigrationId";
2025-10-16 02:31:24.801 +02:00 [INF] Executed DbCommand (199ms) [Parameters=[], CommandType='"Text"', CommandTimeout='120']
SELECT "MigrationId", "ProductVersion"
FROM "__EFMigrationsHistory"
ORDER BY "MigrationId";
2025-10-16 02:34:22.157 +02:00 [ERR] An error occurred using the connection to database 'postgres' on server 'tcp://db.qjtkgfqycqnadwidmgqo.supabase.co:5432'.
2025-10-16 02:54:04.313 +02:00 [INF] Executed DbCommand (204ms) [Parameters=[], CommandType='"Text"', CommandTimeout='120']
SELECT "MigrationId", "ProductVersion"
FROM "__EFMigrationsHistory"
ORDER BY "MigrationId";
2025-10-16 02:54:06.291 +02:00 [INF] Executed DbCommand (209ms) [Parameters=[], CommandType='"Text"', CommandTimeout='120']
CREATE TABLE IF NOT EXISTS "__EFMigrationsHistory" (
    "MigrationId" character varying(150) NOT NULL,
    "ProductVersion" character varying(32) NOT NULL,
    CONSTRAINT "PK___EFMigrationsHistory" PRIMARY KEY ("MigrationId")
);
2025-10-16 02:54:06.300 +02:00 [INF] Acquiring an exclusive lock for migration application. See https://aka.ms/efcore-docs-migrations-lock for more information if this takes too long.
2025-10-16 02:54:06.494 +02:00 [INF] Executed DbCommand (191ms) [Parameters=[], CommandType='"Text"', CommandTimeout='120']
LOCK TABLE "__EFMigrationsHistory" IN ACCESS EXCLUSIVE MODE
2025-10-16 02:54:06.682 +02:00 [INF] Executed DbCommand (186ms) [Parameters=[], CommandType='"Text"', CommandTimeout='120']
SELECT "MigrationId", "ProductVersion"
FROM "__EFMigrationsHistory"
ORDER BY "MigrationId";
2025-10-16 02:54:06.691 +02:00 [INF] Applying migration '20251009010615_InitialCreate'.
2025-10-16 02:54:06.947 +02:00 [INF] Executed DbCommand (235ms) [Parameters=[], CommandType='"Text"', CommandTimeout='120']
CREATE TABLE "Products" (
    "Id" integer GENERATED BY DEFAULT AS IDENTITY,
    "Barcode" text NOT NULL,
    "Name" text NOT NULL,
    "Description" text NOT NULL,
    "Price" numeric NOT NULL,
    "StockQuantity" integer NOT NULL,
    "IsActive" boolean NOT NULL,
    "LastModified" timestamp with time zone NOT NULL,
    CONSTRAINT "PK_Products" PRIMARY KEY ("Id")
);
2025-10-16 02:54:07.145 +02:00 [INF] Executed DbCommand (194ms) [Parameters=[], CommandType='"Text"', CommandTimeout='120']
CREATE TABLE "StandardProducts" (
    "Id" integer GENERATED BY DEFAULT AS IDENTITY,
    "Barcode" text NOT NULL,
    "Name" text NOT NULL,
    "Category" text NOT NULL,
    "DefaultPrice" numeric NOT NULL,
    "CreatedAt" timestamp with time zone NOT NULL,
    "LastModified" timestamp with time zone NOT NULL,
    CONSTRAINT "PK_StandardProducts" PRIMARY KEY ("Id")
);
2025-10-16 02:54:07.336 +02:00 [INF] Executed DbCommand (189ms) [Parameters=[], CommandType='"Text"', CommandTimeout='120']
CREATE TABLE "Users" (
    "Id" integer GENERATED BY DEFAULT AS IDENTITY,
    "Username" text NOT NULL,
    "PasswordHash" text NOT NULL,
    "Role" text NOT NULL,
    "IsActive" boolean NOT NULL,
    "CreatedAt" timestamp with time zone NOT NULL,
    CONSTRAINT "PK_Users" PRIMARY KEY ("Id")
);
2025-10-16 02:54:07.546 +02:00 [INF] Executed DbCommand (207ms) [Parameters=[], CommandType='"Text"', CommandTimeout='120']
CREATE TABLE "DeletedSales" (
    "Id" integer GENERATED BY DEFAULT AS IDENTITY,
    "OriginalSaleId" integer NOT NULL,
    "Reason" text NOT NULL,
    "DeletedAt" timestamp with time zone NOT NULL,
    "UserId" integer,
    CONSTRAINT "PK_DeletedSales" PRIMARY KEY ("Id"),
    CONSTRAINT "FK_DeletedSales_Users_UserId" FOREIGN KEY ("UserId") REFERENCES "Users" ("Id")
);
2025-10-16 02:54:07.742 +02:00 [INF] Executed DbCommand (193ms) [Parameters=[], CommandType='"Text"', CommandTimeout='120']
CREATE TABLE "Sales" (
    "Id" integer GENERATED BY DEFAULT AS IDENTITY,
    "SaleDate" timestamp with time zone NOT NULL,
    "TotalAmount" numeric NOT NULL,
    "PaymentMethod" text NOT NULL,
    "UserId" integer,
    "LastModified" timestamp with time zone NOT NULL,
    CONSTRAINT "PK_Sales" PRIMARY KEY ("Id"),
    CONSTRAINT "FK_Sales_Users_UserId" FOREIGN KEY ("UserId") REFERENCES "Users" ("Id")
);
2025-10-16 02:54:07.938 +02:00 [INF] Executed DbCommand (192ms) [Parameters=[], CommandType='"Text"', CommandTimeout='120']
CREATE TABLE "SaleItems" (
    "Id" integer GENERATED BY DEFAULT AS IDENTITY,
    "SaleId" integer NOT NULL,
    "ProductId" integer NOT NULL,
    "Quantity" integer NOT NULL,
    "UnitPrice" numeric NOT NULL,
    "LastModified" timestamp with time zone NOT NULL,
    CONSTRAINT "PK_SaleItems" PRIMARY KEY ("Id"),
    CONSTRAINT "FK_SaleItems_Products_ProductId" FOREIGN KEY ("ProductId") REFERENCES "Products" ("Id") ON DELETE CASCADE,
    CONSTRAINT "FK_SaleItems_Sales_SaleId" FOREIGN KEY ("SaleId") REFERENCES "Sales" ("Id") ON DELETE CASCADE
);
2025-10-16 02:54:08.127 +02:00 [INF] Executed DbCommand (187ms) [Parameters=[], CommandType='"Text"', CommandTimeout='120']
CREATE INDEX "IX_DeletedSales_UserId" ON "DeletedSales" ("UserId");
2025-10-16 02:54:08.317 +02:00 [INF] Executed DbCommand (187ms) [Parameters=[], CommandType='"Text"', CommandTimeout='120']
CREATE UNIQUE INDEX "IX_Products_Barcode" ON "Products" ("Barcode");
2025-10-16 02:54:08.511 +02:00 [INF] Executed DbCommand (191ms) [Parameters=[], CommandType='"Text"', CommandTimeout='120']
CREATE INDEX "IX_SaleItems_ProductId" ON "SaleItems" ("ProductId");
2025-10-16 02:54:08.700 +02:00 [INF] Executed DbCommand (186ms) [Parameters=[], CommandType='"Text"', CommandTimeout='120']
CREATE INDEX "IX_SaleItems_SaleId" ON "SaleItems" ("SaleId");
2025-10-16 02:54:08.894 +02:00 [INF] Executed DbCommand (190ms) [Parameters=[], CommandType='"Text"', CommandTimeout='120']
CREATE INDEX "IX_Sales_UserId" ON "Sales" ("UserId");
2025-10-16 02:54:09.089 +02:00 [INF] Executed DbCommand (192ms) [Parameters=[], CommandType='"Text"', CommandTimeout='120']
INSERT INTO "__EFMigrationsHistory" ("MigrationId", "ProductVersion")
VALUES ('20251009010615_InitialCreate', '9.0.9');
