2025-10-27 13:15:01.488 +02:00 [INF] User profile is available. Using 'C:\Users\COUTINHO\AppData\Local\ASP.NET\DataProtection-Keys' as key repository and Windows DPAPI to encrypt keys at rest.
2025-10-27 13:15:01.740 +02:00 [INF] Now listening on: http://localhost:5087
2025-10-27 13:15:01.745 +02:00 [INF] Application started. Press Ctrl+C to shut down.
2025-10-27 13:15:01.747 +02:00 [INF] Hosting environment: Development
2025-10-27 13:15:01.748 +02:00 [INF] Content root path: D:\Work Spot\PROJECTS\Business\Xavissa\Backend\Xavissa.Backend
2025-10-27 13:15:01.834 +02:00 [INF] Request starting HTTP/1.1 GET http://localhost:5087/swagger - null null
2025-10-27 13:15:03.841 +02:00 [INF] Request finished HTTP/1.1 GET http://localhost:5087/swagger - 301 0 null 2009.1305ms
2025-10-27 13:15:03.869 +02:00 [INF] Request starting HTTP/1.1 GET http://localhost:5087/swagger/index.html - null null
2025-10-27 13:15:03.950 +02:00 [INF] Request finished HTTP/1.1 GET http://localhost:5087/swagger/index.html - 200 null text/html;charset=utf-8 81.7596ms
2025-10-27 13:15:04.015 +02:00 [INF] Request starting HTTP/1.1 GET http://localhost:5087/swagger/swagger-ui.css - null null
2025-10-27 13:15:04.017 +02:00 [INF] Request starting HTTP/1.1 GET http://localhost:5087/swagger/index.css - null null
2025-10-27 13:15:04.019 +02:00 [INF] Request starting HTTP/1.1 GET http://localhost:5087/swagger/swagger-ui-standalone-preset.js - null null
2025-10-27 13:15:04.019 +02:00 [INF] Request starting HTTP/1.1 GET http://localhost:5087/swagger/swagger-ui-bundle.js - null null
2025-10-27 13:15:04.020 +02:00 [INF] Request starting HTTP/1.1 GET http://localhost:5087/swagger/index.js - null null
2025-10-27 13:15:04.036 +02:00 [INF] Request finished HTTP/1.1 GET http://localhost:5087/swagger/index.js - 200 null application/javascript;charset=utf-8 15.7628ms
2025-10-27 13:15:04.040 +02:00 [INF] Request finished HTTP/1.1 GET http://localhost:5087/swagger/index.css - 200 152 text/css 23.0009ms
2025-10-27 13:15:04.040 +02:00 [INF] Request finished HTTP/1.1 GET http://localhost:5087/swagger/swagger-ui.css - 200 23647 text/css 25.201ms
2025-10-27 13:15:04.052 +02:00 [INF] Request finished HTTP/1.1 GET http://localhost:5087/swagger/swagger-ui-standalone-preset.js - 200 77352 text/javascript 32.821ms
2025-10-27 13:15:04.052 +02:00 [INF] Request finished HTTP/1.1 GET http://localhost:5087/swagger/swagger-ui-bundle.js - 200 424767 text/javascript 33.0736ms
2025-10-27 13:15:04.436 +02:00 [INF] Request starting HTTP/1.1 GET http://localhost:5087/swagger/v1/swagger.json - null null
2025-10-27 13:15:04.579 +02:00 [INF] Request finished HTTP/1.1 GET http://localhost:5087/swagger/v1/swagger.json - 200 null application/json;charset=utf-8 143.3055ms
2025-10-27 13:16:42.469 +02:00 [INF] Request starting HTTP/1.1 POST http://localhost:5087/api/Auth/login - application/json 49
2025-10-27 13:16:42.475 +02:00 [WRN] Failed to determine the https port for redirect.
2025-10-27 13:16:42.478 +02:00 [INF] Executing endpoint 'Xavissa.Backend.Controllers.AuthController.Login (Xavissa.Backend)'
2025-10-27 13:16:42.497 +02:00 [INF] Route matched with {action = "Login", controller = "Auth"}. Executing controller action with signature System.Threading.Tasks.Task`1[Microsoft.AspNetCore.Mvc.IActionResult] Login(Xavissa.Backend.Controllers.LoginRequest) on controller Xavissa.Backend.Controllers.AuthController (Xavissa.Backend).
2025-10-27 13:16:47.076 +02:00 [INF] Executed DbCommand (250ms) [Parameters=[@__username_0='?'], CommandType='"Text"', CommandTimeout='120']
SELECT u."Id", u."Email", u."PasswordHash", u."Role", u."Username"
FROM "Users" AS u
WHERE u."Username" = @__username_0
LIMIT 1
2025-10-27 13:16:47.235 +02:00 [INF] Executing OkObjectResult, writing value of type '<>f__AnonymousType1`1[[System.String, System.Private.CoreLib, Version=9.0.0.0, Culture=neutral, PublicKeyToken=7cec85d7bea7798e]]'.
2025-10-27 13:16:47.245 +02:00 [INF] Executed action Xavissa.Backend.Controllers.AuthController.Login (Xavissa.Backend) in 4743.1272ms
2025-10-27 13:16:47.247 +02:00 [INF] Executed endpoint 'Xavissa.Backend.Controllers.AuthController.Login (Xavissa.Backend)'
2025-10-27 13:16:47.254 +02:00 [INF] Request finished HTTP/1.1 POST http://localhost:5087/api/Auth/login - 200 null application/json; charset=utf-8 4784.9541ms
2025-10-27 13:17:32.474 +02:00 [INF] Request starting HTTP/1.1 POST http://localhost:5087/api/Auth/register - application/json 96
2025-10-27 13:17:32.480 +02:00 [INF] Executing endpoint 'Xavissa.Backend.Controllers.AuthController.Register (Xavissa.Backend)'
2025-10-27 13:17:32.488 +02:00 [INF] Route matched with {action = "Register", controller = "Auth"}. Executing controller action with signature System.Threading.Tasks.Task`1[Microsoft.AspNetCore.Mvc.IActionResult] Register(Xavissa.Backend.Controllers.RegisterRequest) on controller Xavissa.Backend.Controllers.AuthController (Xavissa.Backend).
2025-10-27 13:17:32.717 +02:00 [INF] Executed DbCommand (187ms) [Parameters=[@__username_0='?', @__email_1='?'], CommandType='"Text"', CommandTimeout='120']
SELECT EXISTS (
    SELECT 1
    FROM "Users" AS u
    WHERE u."Username" = @__username_0 OR u."Email" = @__email_1)
2025-10-27 13:17:33.291 +02:00 [INF] Executed DbCommand (199ms) [Parameters=[@p0='?', @p1='?', @p2='?' (DbType = Int32), @p3='?'], CommandType='"Text"', CommandTimeout='120']
INSERT INTO "Users" ("Email", "PasswordHash", "Role", "Username")
VALUES (@p0, @p1, @p2, @p3)
RETURNING "Id";
2025-10-27 13:17:33.315 +02:00 [INF] Executing OkObjectResult, writing value of type '<>f__AnonymousType0`3[[System.Int32, System.Private.CoreLib, Version=9.0.0.0, Culture=neutral, PublicKeyToken=7cec85d7bea7798e],[System.String, System.Private.CoreLib, Version=9.0.0.0, Culture=neutral, PublicKeyToken=7cec85d7bea7798e],[Xavissa.Database.Models.UserRole, Xavissa.Database, Version=1.0.0.0, Culture=neutral, PublicKeyToken=null]]'.
2025-10-27 13:17:33.321 +02:00 [INF] Executed action Xavissa.Backend.Controllers.AuthController.Register (Xavissa.Backend) in 829.811ms
2025-10-27 13:17:33.323 +02:00 [INF] Executed endpoint 'Xavissa.Backend.Controllers.AuthController.Register (Xavissa.Backend)'
2025-10-27 13:17:33.325 +02:00 [INF] Request finished HTTP/1.1 POST http://localhost:5087/api/Auth/register - 200 null application/json; charset=utf-8 850.5839ms
2025-10-27 13:18:16.565 +02:00 [INF] Request starting HTTP/1.1 GET http://localhost:5087/swagger/index.html - null null
2025-10-27 13:18:16.569 +02:00 [INF] Request finished HTTP/1.1 GET http://localhost:5087/swagger/index.html - 200 null text/html;charset=utf-8 3.6591ms
2025-10-27 13:18:16.829 +02:00 [INF] Request starting HTTP/1.1 GET http://localhost:5087/swagger/v1/swagger.json - null null
2025-10-27 13:18:16.838 +02:00 [INF] Request starting HTTP/1.1 GET http://localhost:5087/swagger/favicon-32x32.png - null null
2025-10-27 13:18:16.840 +02:00 [INF] Request finished HTTP/1.1 GET http://localhost:5087/swagger/v1/swagger.json - 200 null application/json;charset=utf-8 10.5087ms
2025-10-27 13:18:16.844 +02:00 [INF] Request finished HTTP/1.1 GET http://localhost:5087/swagger/favicon-32x32.png - 200 628 image/png 5.2876ms
2025-10-27 13:18:46.534 +02:00 [INF] Request starting HTTP/1.1 POST http://localhost:5087/api/Auth/register - application/json 94
2025-10-27 13:18:46.537 +02:00 [INF] Executing endpoint 'Xavissa.Backend.Controllers.AuthController.Register (Xavissa.Backend)'
2025-10-27 13:18:46.538 +02:00 [INF] Route matched with {action = "Register", controller = "Auth"}. Executing controller action with signature System.Threading.Tasks.Task`1[Microsoft.AspNetCore.Mvc.IActionResult] Register(Xavissa.Backend.Controllers.RegisterRequest) on controller Xavissa.Backend.Controllers.AuthController (Xavissa.Backend).
2025-10-27 13:18:47.101 +02:00 [INF] Executed DbCommand (186ms) [Parameters=[@__username_0='?', @__email_1='?'], CommandType='"Text"', CommandTimeout='120']
SELECT EXISTS (
    SELECT 1
    FROM "Users" AS u
    WHERE u."Username" = @__username_0 OR u."Email" = @__email_1)
2025-10-27 13:18:47.295 +02:00 [INF] Executed DbCommand (187ms) [Parameters=[@p0='?', @p1='?', @p2='?' (DbType = Int32), @p3='?'], CommandType='"Text"', CommandTimeout='120']
INSERT INTO "Users" ("Email", "PasswordHash", "Role", "Username")
VALUES (@p0, @p1, @p2, @p3)
RETURNING "Id";
2025-10-27 13:18:47.300 +02:00 [INF] Executing OkObjectResult, writing value of type '<>f__AnonymousType0`3[[System.Int32, System.Private.CoreLib, Version=9.0.0.0, Culture=neutral, PublicKeyToken=7cec85d7bea7798e],[System.String, System.Private.CoreLib, Version=9.0.0.0, Culture=neutral, PublicKeyToken=7cec85d7bea7798e],[Xavissa.Database.Models.UserRole, Xavissa.Database, Version=1.0.0.0, Culture=neutral, PublicKeyToken=null]]'.
2025-10-27 13:18:47.302 +02:00 [INF] Executed action Xavissa.Backend.Controllers.AuthController.Register (Xavissa.Backend) in 760.7728ms
2025-10-27 13:18:47.304 +02:00 [INF] Executed endpoint 'Xavissa.Backend.Controllers.AuthController.Register (Xavissa.Backend)'
2025-10-27 13:18:47.305 +02:00 [INF] Request finished HTTP/1.1 POST http://localhost:5087/api/Auth/register - 200 null application/json; charset=utf-8 771.8368ms
2025-10-27 13:22:34.540 +02:00 [INF] Request starting HTTP/1.1 POST http://localhost:5087/api/Auth/login - application/json 52
2025-10-27 13:22:34.546 +02:00 [INF] Executing endpoint 'Xavissa.Backend.Controllers.AuthController.Login (Xavissa.Backend)'
2025-10-27 13:22:34.548 +02:00 [INF] Route matched with {action = "Login", controller = "Auth"}. Executing controller action with signature System.Threading.Tasks.Task`1[Microsoft.AspNetCore.Mvc.IActionResult] Login(Xavissa.Backend.Controllers.LoginRequest) on controller Xavissa.Backend.Controllers.AuthController (Xavissa.Backend).
2025-10-27 13:22:36.021 +02:00 [INF] Executed DbCommand (269ms) [Parameters=[@__username_0='?'], CommandType='"Text"', CommandTimeout='120']
SELECT u."Id", u."Email", u."PasswordHash", u."Role", u."Username"
FROM "Users" AS u
WHERE u."Username" = @__username_0
LIMIT 1
2025-10-27 13:22:36.025 +02:00 [INF] Executing OkObjectResult, writing value of type '<>f__AnonymousType1`1[[System.String, System.Private.CoreLib, Version=9.0.0.0, Culture=neutral, PublicKeyToken=7cec85d7bea7798e]]'.
2025-10-27 13:22:36.027 +02:00 [INF] Executed action Xavissa.Backend.Controllers.AuthController.Login (Xavissa.Backend) in 1476.241ms
2025-10-27 13:22:36.029 +02:00 [INF] Executed endpoint 'Xavissa.Backend.Controllers.AuthController.Login (Xavissa.Backend)'
2025-10-27 13:22:36.031 +02:00 [INF] Request finished HTTP/1.1 POST http://localhost:5087/api/Auth/login - 200 null application/json; charset=utf-8 1490.3815ms
2025-10-27 13:22:45.457 +02:00 [INF] Request starting HTTP/1.1 DELETE http://localhost:5087/api/Users/1 - null null
2025-10-27 13:22:45.466 +02:00 [INF] Authorization failed. These requirements were not met:
RolesAuthorizationRequirement:User.IsInRole must be true for one of the following roles: (Admin|Superuser)
2025-10-27 13:22:45.471 +02:00 [INF] AuthenticationScheme: Bearer was challenged.
2025-10-27 13:22:45.473 +02:00 [INF] Request finished HTTP/1.1 DELETE http://localhost:5087/api/Users/1 - 401 0 null 15.6414ms
2025-10-27 13:22:53.048 +02:00 [INF] Request starting HTTP/1.1 DELETE http://localhost:5087/api/Users/2 - null null
2025-10-27 13:22:53.053 +02:00 [INF] Authorization failed. These requirements were not met:
RolesAuthorizationRequirement:User.IsInRole must be true for one of the following roles: (Admin|Superuser)
2025-10-27 13:22:53.054 +02:00 [INF] AuthenticationScheme: Bearer was challenged.
2025-10-27 13:22:53.056 +02:00 [INF] Request finished HTTP/1.1 DELETE http://localhost:5087/api/Users/2 - 401 0 null 8.0172ms
2025-10-27 13:23:02.928 +02:00 [INF] Request starting HTTP/1.1 DELETE http://localhost:5087/api/Users/3 - null null
2025-10-27 13:23:02.936 +02:00 [INF] Authorization failed. These requirements were not met:
RolesAuthorizationRequirement:User.IsInRole must be true for one of the following roles: (Admin|Superuser)
2025-10-27 13:23:02.938 +02:00 [INF] AuthenticationScheme: Bearer was challenged.
2025-10-27 13:23:02.940 +02:00 [INF] Request finished HTTP/1.1 DELETE http://localhost:5087/api/Users/3 - 401 0 null 11.2688ms
2025-10-27 13:23:22.799 +02:00 [INF] Request starting HTTP/1.1 POST http://localhost:5087/api/Auth/login - application/json 49
2025-10-27 13:23:22.802 +02:00 [INF] Executing endpoint 'Xavissa.Backend.Controllers.AuthController.Login (Xavissa.Backend)'
2025-10-27 13:23:22.803 +02:00 [INF] Route matched with {action = "Login", controller = "Auth"}. Executing controller action with signature System.Threading.Tasks.Task`1[Microsoft.AspNetCore.Mvc.IActionResult] Login(Xavissa.Backend.Controllers.LoginRequest) on controller Xavissa.Backend.Controllers.AuthController (Xavissa.Backend).
2025-10-27 13:23:23.020 +02:00 [INF] Executed DbCommand (213ms) [Parameters=[@__username_0='?'], CommandType='"Text"', CommandTimeout='120']
SELECT u."Id", u."Email", u."PasswordHash", u."Role", u."Username"
FROM "Users" AS u
WHERE u."Username" = @__username_0
LIMIT 1
2025-10-27 13:23:23.024 +02:00 [INF] Executing OkObjectResult, writing value of type '<>f__AnonymousType1`1[[System.String, System.Private.CoreLib, Version=9.0.0.0, Culture=neutral, PublicKeyToken=7cec85d7bea7798e]]'.
2025-10-27 13:23:23.026 +02:00 [INF] Executed action Xavissa.Backend.Controllers.AuthController.Login (Xavissa.Backend) in 219.7108ms
2025-10-27 13:23:23.027 +02:00 [INF] Executed endpoint 'Xavissa.Backend.Controllers.AuthController.Login (Xavissa.Backend)'
2025-10-27 13:23:23.029 +02:00 [INF] Request finished HTTP/1.1 POST http://localhost:5087/api/Auth/login - 200 null application/json; charset=utf-8 230.2685ms
2025-10-27 13:23:27.278 +02:00 [INF] Request starting HTTP/1.1 DELETE http://localhost:5087/api/Users/3 - null null
2025-10-27 13:23:27.281 +02:00 [INF] Authorization failed. These requirements were not met:
RolesAuthorizationRequirement:User.IsInRole must be true for one of the following roles: (Admin|Superuser)
2025-10-27 13:23:27.283 +02:00 [INF] AuthenticationScheme: Bearer was challenged.
2025-10-27 13:23:27.284 +02:00 [INF] Request finished HTTP/1.1 DELETE http://localhost:5087/api/Users/3 - 401 0 null 6.4525ms
2025-10-27 13:23:49.112 +02:00 [INF] Request starting HTTP/1.1 GET http://localhost:5087/swagger/index.html - null null
2025-10-27 13:23:49.115 +02:00 [INF] Request finished HTTP/1.1 GET http://localhost:5087/swagger/index.html - 200 null text/html;charset=utf-8 3.2763ms
2025-10-27 13:23:49.309 +02:00 [INF] Request starting HTTP/1.1 GET http://localhost:5087/swagger/v1/swagger.json - null null
2025-10-27 13:23:49.317 +02:00 [INF] Request finished HTTP/1.1 GET http://localhost:5087/swagger/v1/swagger.json - 200 null application/json;charset=utf-8 7.2651ms
2025-10-27 13:24:01.543 +02:00 [INF] Request starting HTTP/1.1 POST http://localhost:5087/api/Auth/login - application/json 49
2025-10-27 13:24:01.546 +02:00 [INF] Executing endpoint 'Xavissa.Backend.Controllers.AuthController.Login (Xavissa.Backend)'
2025-10-27 13:24:01.548 +02:00 [INF] Route matched with {action = "Login", controller = "Auth"}. Executing controller action with signature System.Threading.Tasks.Task`1[Microsoft.AspNetCore.Mvc.IActionResult] Login(Xavissa.Backend.Controllers.LoginRequest) on controller Xavissa.Backend.Controllers.AuthController (Xavissa.Backend).
2025-10-27 13:24:01.737 +02:00 [INF] Executed DbCommand (185ms) [Parameters=[@__username_0='?'], CommandType='"Text"', CommandTimeout='120']
SELECT u."Id", u."Email", u."PasswordHash", u."Role", u."Username"
FROM "Users" AS u
WHERE u."Username" = @__username_0
LIMIT 1
2025-10-27 13:24:01.741 +02:00 [INF] Executing OkObjectResult, writing value of type '<>f__AnonymousType1`1[[System.String, System.Private.CoreLib, Version=9.0.0.0, Culture=neutral, PublicKeyToken=7cec85d7bea7798e]]'.
2025-10-27 13:24:01.742 +02:00 [INF] Executed action Xavissa.Backend.Controllers.AuthController.Login (Xavissa.Backend) in 192.2494ms
2025-10-27 13:24:01.744 +02:00 [INF] Executed endpoint 'Xavissa.Backend.Controllers.AuthController.Login (Xavissa.Backend)'
2025-10-27 13:24:01.746 +02:00 [INF] Request finished HTTP/1.1 POST http://localhost:5087/api/Auth/login - 200 null application/json; charset=utf-8 202.7467ms
2025-10-27 13:24:13.572 +02:00 [INF] Request starting HTTP/1.1 DELETE http://localhost:5087/api/Users/3 - null null
2025-10-27 13:24:13.575 +02:00 [INF] Authorization failed. These requirements were not met:
RolesAuthorizationRequirement:User.IsInRole must be true for one of the following roles: (Admin|Superuser)
2025-10-27 13:24:13.577 +02:00 [INF] AuthenticationScheme: Bearer was challenged.
2025-10-27 13:24:13.578 +02:00 [INF] Request finished HTTP/1.1 DELETE http://localhost:5087/api/Users/3 - 401 0 null 6.2242ms
2025-10-27 13:32:02.155 +02:00 [INF] Application is shutting down...
2025-10-27 13:32:48.340 +02:00 [INF] Executed DbCommand (203ms) [Parameters=[], CommandType='"Text"', CommandTimeout='120']
SELECT "MigrationId", "ProductVersion"
FROM "__EFMigrationsHistory"
ORDER BY "MigrationId";
2025-10-27 13:32:50.337 +02:00 [INF] Executed DbCommand (207ms) [Parameters=[], CommandType='"Text"', CommandTimeout='120']
CREATE TABLE IF NOT EXISTS "__EFMigrationsHistory" (
    "MigrationId" character varying(150) NOT NULL,
    "ProductVersion" character varying(32) NOT NULL,
    CONSTRAINT "PK___EFMigrationsHistory" PRIMARY KEY ("MigrationId")
);
2025-10-27 13:32:50.346 +02:00 [INF] Acquiring an exclusive lock for migration application. See https://aka.ms/efcore-docs-migrations-lock for more information if this takes too long.
2025-10-27 13:32:50.537 +02:00 [INF] Executed DbCommand (189ms) [Parameters=[], CommandType='"Text"', CommandTimeout='120']
LOCK TABLE "__EFMigrationsHistory" IN ACCESS EXCLUSIVE MODE
2025-10-27 13:32:50.725 +02:00 [INF] Executed DbCommand (185ms) [Parameters=[], CommandType='"Text"', CommandTimeout='120']
SELECT "MigrationId", "ProductVersion"
FROM "__EFMigrationsHistory"
ORDER BY "MigrationId";
2025-10-27 13:32:50.734 +02:00 [INF] Applying migration '20251027113215_ConvertUserRoleToString'.
2025-10-27 13:32:50.990 +02:00 [INF] Executed DbCommand (241ms) [Parameters=[], CommandType='"Text"', CommandTimeout='120']
ALTER TABLE "Users" ALTER COLUMN "Role" TYPE text;
2025-10-27 13:32:51.179 +02:00 [INF] Executed DbCommand (186ms) [Parameters=[], CommandType='"Text"', CommandTimeout='120']
INSERT INTO "__EFMigrationsHistory" ("MigrationId", "ProductVersion")
VALUES ('20251027113215_ConvertUserRoleToString', '9.0.10');
2025-10-27 13:33:38.977 +02:00 [INF] User profile is available. Using 'C:\Users\COUTINHO\AppData\Local\ASP.NET\DataProtection-Keys' as key repository and Windows DPAPI to encrypt keys at rest.
2025-10-27 13:33:39.149 +02:00 [INF] Now listening on: http://localhost:5087
2025-10-27 13:33:39.153 +02:00 [INF] Application started. Press Ctrl+C to shut down.
2025-10-27 13:33:39.154 +02:00 [INF] Hosting environment: Development
2025-10-27 13:33:39.155 +02:00 [INF] Content root path: D:\Work Spot\PROJECTS\Business\Xavissa\Backend\Xavissa.Backend
2025-10-27 13:33:39.292 +02:00 [INF] Request starting HTTP/1.1 GET http://localhost:5087/swagger/index.html - null null
2025-10-27 13:33:39.402 +02:00 [INF] Request finished HTTP/1.1 GET http://localhost:5087/swagger/index.html - 200 null text/html;charset=utf-8 110.6302ms
2025-10-27 13:33:39.655 +02:00 [INF] Request starting HTTP/1.1 GET http://localhost:5087/swagger/v1/swagger.json - null null
2025-10-27 13:33:39.849 +02:00 [INF] Request finished HTTP/1.1 GET http://localhost:5087/swagger/v1/swagger.json - 200 null application/json;charset=utf-8 193.8011ms
2025-10-27 13:34:31.790 +02:00 [INF] Request starting HTTP/1.1 POST http://localhost:5087/api/Auth/register - application/json 96
2025-10-27 13:34:31.800 +02:00 [WRN] Failed to determine the https port for redirect.
2025-10-27 13:34:31.804 +02:00 [INF] Executing endpoint 'Xavissa.Backend.Controllers.AuthController.Register (Xavissa.Backend)'
2025-10-27 13:34:31.822 +02:00 [INF] Route matched with {action = "Register", controller = "Auth"}. Executing controller action with signature System.Threading.Tasks.Task`1[Microsoft.AspNetCore.Mvc.IActionResult] Register(Xavissa.Backend.Controllers.RegisterRequest) on controller Xavissa.Backend.Controllers.AuthController (Xavissa.Backend).
2025-10-27 13:34:31.945 +02:00 [INF] Executing BadRequestObjectResult, writing value of type 'Microsoft.AspNetCore.Mvc.ValidationProblemDetails'.
2025-10-27 13:34:31.970 +02:00 [INF] Executed action Xavissa.Backend.Controllers.AuthController.Register (Xavissa.Backend) in 141.3556ms
2025-10-27 13:34:31.971 +02:00 [INF] Executed endpoint 'Xavissa.Backend.Controllers.AuthController.Register (Xavissa.Backend)'
2025-10-27 13:34:31.974 +02:00 [INF] Request finished HTTP/1.1 POST http://localhost:5087/api/Auth/register - 400 null application/problem+json; charset=utf-8 184.7354ms
2025-10-27 13:37:49.296 +02:00 [INF] Request starting HTTP/1.1 POST http://localhost:5087/api/Auth/register - application/json 96
2025-10-27 13:37:49.301 +02:00 [INF] Executing endpoint 'Xavissa.Backend.Controllers.AuthController.Register (Xavissa.Backend)'
2025-10-27 13:37:49.303 +02:00 [INF] Route matched with {action = "Register", controller = "Auth"}. Executing controller action with signature System.Threading.Tasks.Task`1[Microsoft.AspNetCore.Mvc.IActionResult] Register(Xavissa.Backend.Controllers.RegisterRequest) on controller Xavissa.Backend.Controllers.AuthController (Xavissa.Backend).
2025-10-27 13:37:49.317 +02:00 [INF] Executing BadRequestObjectResult, writing value of type 'Microsoft.AspNetCore.Mvc.ValidationProblemDetails'.
2025-10-27 13:37:49.319 +02:00 [INF] Executed action Xavissa.Backend.Controllers.AuthController.Register (Xavissa.Backend) in 14.1175ms
2025-10-27 13:37:49.321 +02:00 [INF] Executed endpoint 'Xavissa.Backend.Controllers.AuthController.Register (Xavissa.Backend)'
2025-10-27 13:37:49.323 +02:00 [INF] Request finished HTTP/1.1 POST http://localhost:5087/api/Auth/register - 400 null application/problem+json; charset=utf-8 26.0943ms
2025-10-27 13:41:26.729 +02:00 [INF] Request starting HTTP/1.1 POST http://localhost:5087/api/Auth/register - application/json 98
2025-10-27 13:41:26.733 +02:00 [INF] Executing endpoint 'Xavissa.Backend.Controllers.AuthController.Register (Xavissa.Backend)'
2025-10-27 13:41:26.734 +02:00 [INF] Route matched with {action = "Register", controller = "Auth"}. Executing controller action with signature System.Threading.Tasks.Task`1[Microsoft.AspNetCore.Mvc.IActionResult] Register(Xavissa.Backend.Controllers.RegisterRequest) on controller Xavissa.Backend.Controllers.AuthController (Xavissa.Backend).
2025-10-27 13:41:26.741 +02:00 [INF] Executing BadRequestObjectResult, writing value of type 'Microsoft.AspNetCore.Mvc.ValidationProblemDetails'.
2025-10-27 13:41:26.744 +02:00 [INF] Executed action Xavissa.Backend.Controllers.AuthController.Register (Xavissa.Backend) in 7.1825ms
2025-10-27 13:41:26.746 +02:00 [INF] Executed endpoint 'Xavissa.Backend.Controllers.AuthController.Register (Xavissa.Backend)'
2025-10-27 13:41:26.747 +02:00 [INF] Request finished HTTP/1.1 POST http://localhost:5087/api/Auth/register - 400 null application/problem+json; charset=utf-8 18.2853ms
2025-10-27 13:43:40.104 +02:00 [INF] Application is shutting down...
2025-10-27 13:44:01.034 +02:00 [INF] Executed DbCommand (198ms) [Parameters=[], CommandType='"Text"', CommandTimeout='120']
SELECT "MigrationId", "ProductVersion"
FROM "__EFMigrationsHistory"
ORDER BY "MigrationId";
2025-10-27 13:44:02.945 +02:00 [INF] Executed DbCommand (190ms) [Parameters=[], CommandType='"Text"', CommandTimeout='120']
CREATE TABLE IF NOT EXISTS "__EFMigrationsHistory" (
    "MigrationId" character varying(150) NOT NULL,
    "ProductVersion" character varying(32) NOT NULL,
    CONSTRAINT "PK___EFMigrationsHistory" PRIMARY KEY ("MigrationId")
);
2025-10-27 13:44:02.955 +02:00 [INF] Acquiring an exclusive lock for migration application. See https://aka.ms/efcore-docs-migrations-lock for more information if this takes too long.
2025-10-27 13:44:03.142 +02:00 [INF] Executed DbCommand (185ms) [Parameters=[], CommandType='"Text"', CommandTimeout='120']
LOCK TABLE "__EFMigrationsHistory" IN ACCESS EXCLUSIVE MODE
2025-10-27 13:44:03.330 +02:00 [INF] Executed DbCommand (185ms) [Parameters=[], CommandType='"Text"', CommandTimeout='120']
SELECT "MigrationId", "ProductVersion"
FROM "__EFMigrationsHistory"
ORDER BY "MigrationId";
2025-10-27 13:44:03.339 +02:00 [INF] Applying migration '20251027114341_MakeUserRoleNullabe'.
2025-10-27 13:44:03.533 +02:00 [INF] Executed DbCommand (186ms) [Parameters=[], CommandType='"Text"', CommandTimeout='120']
INSERT INTO "__EFMigrationsHistory" ("MigrationId", "ProductVersion")
VALUES ('20251027114341_MakeUserRoleNullabe', '9.0.10');
2025-10-27 13:44:11.624 +02:00 [INF] User profile is available. Using 'C:\Users\COUTINHO\AppData\Local\ASP.NET\DataProtection-Keys' as key repository and Windows DPAPI to encrypt keys at rest.
2025-10-27 13:44:11.794 +02:00 [INF] Now listening on: http://localhost:5087
2025-10-27 13:44:11.798 +02:00 [INF] Application started. Press Ctrl+C to shut down.
2025-10-27 13:44:11.799 +02:00 [INF] Hosting environment: Development
2025-10-27 13:44:11.799 +02:00 [INF] Content root path: D:\Work Spot\PROJECTS\Business\Xavissa\Backend\Xavissa.Backend
2025-10-27 13:44:26.545 +02:00 [INF] Request starting HTTP/1.1 GET http://localhost:5087/swagger/index.html - null null
2025-10-27 13:44:26.657 +02:00 [INF] Request finished HTTP/1.1 GET http://localhost:5087/swagger/index.html - 200 null text/html;charset=utf-8 113.3807ms
2025-10-27 13:44:26.867 +02:00 [INF] Request starting HTTP/1.1 GET http://localhost:5087/swagger/v1/swagger.json - null null
2025-10-27 13:44:26.988 +02:00 [INF] Request finished HTTP/1.1 GET http://localhost:5087/swagger/v1/swagger.json - 200 null application/json;charset=utf-8 121.6257ms
2025-10-27 13:44:55.682 +02:00 [INF] Request starting HTTP/1.1 POST http://localhost:5087/api/Auth/register - application/json 98
2025-10-27 13:44:55.692 +02:00 [WRN] Failed to determine the https port for redirect.
2025-10-27 13:44:55.696 +02:00 [INF] Executing endpoint 'Xavissa.Backend.Controllers.AuthController.Register (Xavissa.Backend)'
2025-10-27 13:44:55.714 +02:00 [INF] Route matched with {action = "Register", controller = "Auth"}. Executing controller action with signature System.Threading.Tasks.Task`1[Microsoft.AspNetCore.Mvc.IActionResult] Register(Xavissa.Backend.Controllers.RegisterRequest) on controller Xavissa.Backend.Controllers.AuthController (Xavissa.Backend).
2025-10-27 13:44:55.835 +02:00 [INF] Executing BadRequestObjectResult, writing value of type 'Microsoft.AspNetCore.Mvc.ValidationProblemDetails'.
2025-10-27 13:44:55.860 +02:00 [INF] Executed action Xavissa.Backend.Controllers.AuthController.Register (Xavissa.Backend) in 140.8389ms
2025-10-27 13:44:55.862 +02:00 [INF] Executed endpoint 'Xavissa.Backend.Controllers.AuthController.Register (Xavissa.Backend)'
2025-10-27 13:44:55.866 +02:00 [INF] Request finished HTTP/1.1 POST http://localhost:5087/api/Auth/register - 400 null application/problem+json; charset=utf-8 183.5908ms
2025-10-27 13:45:44.503 +02:00 [INF] Request starting HTTP/1.1 POST http://localhost:5087/api/Auth/register - application/json 90
2025-10-27 13:45:44.510 +02:00 [INF] Executing endpoint 'Xavissa.Backend.Controllers.AuthController.Register (Xavissa.Backend)'
2025-10-27 13:45:44.512 +02:00 [INF] Route matched with {action = "Register", controller = "Auth"}. Executing controller action with signature System.Threading.Tasks.Task`1[Microsoft.AspNetCore.Mvc.IActionResult] Register(Xavissa.Backend.Controllers.RegisterRequest) on controller Xavissa.Backend.Controllers.AuthController (Xavissa.Backend).
2025-10-27 13:45:44.524 +02:00 [INF] Executing BadRequestObjectResult, writing value of type 'Microsoft.AspNetCore.Mvc.ValidationProblemDetails'.
2025-10-27 13:45:44.525 +02:00 [INF] Executed action Xavissa.Backend.Controllers.AuthController.Register (Xavissa.Backend) in 11.6563ms
2025-10-27 13:45:44.527 +02:00 [INF] Executed endpoint 'Xavissa.Backend.Controllers.AuthController.Register (Xavissa.Backend)'
2025-10-27 13:45:44.529 +02:00 [INF] Request finished HTTP/1.1 POST http://localhost:5087/api/Auth/register - 400 null application/problem+json; charset=utf-8 25.7214ms
2025-10-27 13:46:29.583 +02:00 [INF] Request starting HTTP/1.1 POST http://localhost:5087/api/Auth/register - application/json 92
2025-10-27 13:46:29.586 +02:00 [INF] Executing endpoint 'Xavissa.Backend.Controllers.AuthController.Register (Xavissa.Backend)'
2025-10-27 13:46:29.588 +02:00 [INF] Route matched with {action = "Register", controller = "Auth"}. Executing controller action with signature System.Threading.Tasks.Task`1[Microsoft.AspNetCore.Mvc.IActionResult] Register(Xavissa.Backend.Controllers.RegisterRequest) on controller Xavissa.Backend.Controllers.AuthController (Xavissa.Backend).
2025-10-27 13:46:32.320 +02:00 [INF] Executed DbCommand (224ms) [Parameters=[@__username_0='?', @__email_1='?'], CommandType='"Text"', CommandTimeout='120']
SELECT EXISTS (
    SELECT 1
    FROM "Users" AS u
    WHERE u."Username" = @__username_0 OR u."Email" = @__email_1)
2025-10-27 13:46:32.678 +02:00 [INF] Executed DbCommand (195ms) [Parameters=[@p0='?', @p1='?', @p2='?', @p3='?'], CommandType='"Text"', CommandTimeout='120']
INSERT INTO "Users" ("Email", "PasswordHash", "Role", "Username")
VALUES (@p0, @p1, @p2, @p3)
RETURNING "Id";
2025-10-27 13:46:32.701 +02:00 [INF] Executing OkObjectResult, writing value of type '<>f__AnonymousType0`3[[System.Int32, System.Private.CoreLib, Version=9.0.0.0, Culture=neutral, PublicKeyToken=7cec85d7bea7798e],[System.String, System.Private.CoreLib, Version=9.0.0.0, Culture=neutral, PublicKeyToken=7cec85d7bea7798e],[System.Nullable`1[[Xavissa.Database.Models.UserRole, Xavissa.Database, Version=1.0.0.0, Culture=neutral, PublicKeyToken=null]], System.Private.CoreLib, Version=9.0.0.0, Culture=neutral, PublicKeyToken=7cec85d7bea7798e]]'.
2025-10-27 13:46:32.705 +02:00 [INF] Executed action Xavissa.Backend.Controllers.AuthController.Register (Xavissa.Backend) in 3115.2785ms
2025-10-27 13:46:32.708 +02:00 [INF] Executed endpoint 'Xavissa.Backend.Controllers.AuthController.Register (Xavissa.Backend)'
2025-10-27 13:46:32.716 +02:00 [INF] Request finished HTTP/1.1 POST http://localhost:5087/api/Auth/register - 200 null application/json; charset=utf-8 3132.6108ms
2025-10-27 14:57:21.875 +02:00 [INF] Application is shutting down...
2025-10-27 14:57:37.535 +02:00 [INF] User profile is available. Using 'C:\Users\COUTINHO\AppData\Local\ASP.NET\DataProtection-Keys' as key repository and Windows DPAPI to encrypt keys at rest.
2025-10-27 14:57:37.706 +02:00 [INF] Now listening on: http://localhost:5087
2025-10-27 14:57:37.710 +02:00 [INF] Application started. Press Ctrl+C to shut down.
2025-10-27 14:57:37.711 +02:00 [INF] Hosting environment: Development
2025-10-27 14:57:37.712 +02:00 [INF] Content root path: D:\Work Spot\PROJECTS\Business\Xavissa\Backend\Xavissa.Backend
2025-10-27 14:57:44.348 +02:00 [INF] Request starting HTTP/1.1 GET http://localhost:5087/swagger/index.html - null null
2025-10-27 14:57:45.657 +02:00 [INF] Request finished HTTP/1.1 GET http://localhost:5087/swagger/index.html - 200 null text/html;charset=utf-8 1309.7273ms
2025-10-27 14:57:45.866 +02:00 [INF] Request starting HTTP/1.1 GET http://localhost:5087/swagger/v1/swagger.json - null null
2025-10-27 14:57:45.984 +02:00 [INF] Request finished HTTP/1.1 GET http://localhost:5087/swagger/v1/swagger.json - 200 null application/json;charset=utf-8 117.9086ms
2025-10-27 14:58:08.769 +02:00 [INF] Request starting HTTP/1.1 POST http://localhost:5087/api/UserManagement/create-admin - application/json 83
2025-10-27 14:58:08.778 +02:00 [INF] Authorization failed. These requirements were not met:
DenyAnonymousAuthorizationRequirement: Requires an authenticated user.
RolesAuthorizationRequirement:User.IsInRole must be true for one of the following roles: (Superuser)
2025-10-27 14:58:08.782 +02:00 [INF] AuthenticationScheme: Bearer was challenged.
2025-10-27 14:58:08.784 +02:00 [INF] Request finished HTTP/1.1 POST http://localhost:5087/api/UserManagement/create-admin - 401 0 null 15.6637ms
2025-10-27 14:58:26.294 +02:00 [INF] Request starting HTTP/1.1 POST http://localhost:5087/api/Auth/login - application/json 49
2025-10-27 14:58:26.303 +02:00 [WRN] Failed to determine the https port for redirect.
2025-10-27 14:58:26.306 +02:00 [INF] Executing endpoint 'Xavissa.Backend.Controllers.AuthController.Login (Xavissa.Backend)'
2025-10-27 14:58:26.322 +02:00 [INF] Route matched with {action = "Login", controller = "Auth"}. Executing controller action with signature System.Threading.Tasks.Task`1[Microsoft.AspNetCore.Mvc.IActionResult] Login(Xavissa.Backend.Controllers.LoginRequest) on controller Xavissa.Backend.Controllers.AuthController (Xavissa.Backend).
2025-10-27 14:58:30.031 +02:00 [INF] Executed DbCommand (256ms) [Parameters=[@__username_0='?'], CommandType='"Text"', CommandTimeout='120']
SELECT u."Id", u."Email", u."PasswordHash", u."Role", u."Username"
FROM "Users" AS u
WHERE u."Username" = @__username_0
LIMIT 1
2025-10-27 14:58:30.165 +02:00 [INF] Executing OkObjectResult, writing value of type '<>f__AnonymousType1`1[[System.String, System.Private.CoreLib, Version=9.0.0.0, Culture=neutral, PublicKeyToken=7cec85d7bea7798e]]'.
2025-10-27 14:58:30.174 +02:00 [INF] Executed action Xavissa.Backend.Controllers.AuthController.Login (Xavissa.Backend) in 3846.6356ms
2025-10-27 14:58:30.177 +02:00 [INF] Executed endpoint 'Xavissa.Backend.Controllers.AuthController.Login (Xavissa.Backend)'
2025-10-27 14:58:30.184 +02:00 [INF] Request finished HTTP/1.1 POST http://localhost:5087/api/Auth/login - 200 null application/json; charset=utf-8 3890.5299ms
2025-10-27 14:58:34.491 +02:00 [INF] Request starting HTTP/1.1 POST http://localhost:5087/api/UserManagement/create-admin - application/json 83
2025-10-27 14:58:34.497 +02:00 [INF] Authorization failed. These requirements were not met:
DenyAnonymousAuthorizationRequirement: Requires an authenticated user.
RolesAuthorizationRequirement:User.IsInRole must be true for one of the following roles: (Superuser)
2025-10-27 14:58:34.498 +02:00 [INF] AuthenticationScheme: Bearer was challenged.
2025-10-27 14:58:34.500 +02:00 [INF] Request finished HTTP/1.1 POST http://localhost:5087/api/UserManagement/create-admin - 401 0 null 8.5482ms
2025-10-27 14:59:56.255 +02:00 [INF] Request starting HTTP/1.1 POST http://localhost:5087/api/UserManagement/create-admin - application/json 412
2025-10-27 14:59:56.259 +02:00 [INF] Authorization failed. These requirements were not met:
DenyAnonymousAuthorizationRequirement: Requires an authenticated user.
RolesAuthorizationRequirement:User.IsInRole must be true for one of the following roles: (Superuser)
2025-10-27 14:59:56.261 +02:00 [INF] AuthenticationScheme: Bearer was challenged.
2025-10-27 14:59:56.262 +02:00 [INF] Request finished HTTP/1.1 POST http://localhost:5087/api/UserManagement/create-admin - 401 0 null 7.048ms
2025-10-27 15:00:20.520 +02:00 [INF] Request starting HTTP/1.1 POST http://localhost:5087/api/UserManagement/create-admin - application/json 409
2025-10-27 15:00:20.523 +02:00 [INF] Authorization failed. These requirements were not met:
DenyAnonymousAuthorizationRequirement: Requires an authenticated user.
RolesAuthorizationRequirement:User.IsInRole must be true for one of the following roles: (Superuser)
2025-10-27 15:00:20.525 +02:00 [INF] AuthenticationScheme: Bearer was challenged.
2025-10-27 15:00:20.526 +02:00 [INF] Request finished HTTP/1.1 POST http://localhost:5087/api/UserManagement/create-admin - 401 0 null 6.1481ms
2025-10-27 15:03:49.945 +02:00 [INF] Application is shutting down...
2025-10-27 15:04:08.883 +02:00 [INF] User profile is available. Using 'C:\Users\COUTINHO\AppData\Local\ASP.NET\DataProtection-Keys' as key repository and Windows DPAPI to encrypt keys at rest.
2025-10-27 15:04:09.053 +02:00 [INF] Now listening on: http://localhost:5087
2025-10-27 15:04:09.058 +02:00 [INF] Application started. Press Ctrl+C to shut down.
2025-10-27 15:04:09.059 +02:00 [INF] Hosting environment: Development
2025-10-27 15:04:09.060 +02:00 [INF] Content root path: D:\Work Spot\PROJECTS\Business\Xavissa\Backend\Xavissa.Backend
2025-10-27 15:04:11.232 +02:00 [INF] Request starting HTTP/1.1 GET http://localhost:5087/swagger/index.html - null null
2025-10-27 15:04:11.341 +02:00 [INF] Request finished HTTP/1.1 GET http://localhost:5087/swagger/index.html - 200 null text/html;charset=utf-8 109.8018ms
2025-10-27 15:04:11.478 +02:00 [INF] Request starting HTTP/1.1 GET http://localhost:5087/swagger/v1/swagger.json - null null
2025-10-27 15:04:11.594 +02:00 [INF] Request finished HTTP/1.1 GET http://localhost:5087/swagger/v1/swagger.json - 200 null application/json;charset=utf-8 116.5128ms
2025-10-27 15:07:00.776 +02:00 [INF] Application is shutting down...
2025-10-27 15:07:05.832 +02:00 [INF] User profile is available. Using 'C:\Users\COUTINHO\AppData\Local\ASP.NET\DataProtection-Keys' as key repository and Windows DPAPI to encrypt keys at rest.
2025-10-27 15:07:06.009 +02:00 [INF] Now listening on: http://localhost:5087
2025-10-27 15:07:06.012 +02:00 [INF] Application started. Press Ctrl+C to shut down.
2025-10-27 15:07:06.013 +02:00 [INF] Hosting environment: Development
2025-10-27 15:07:06.014 +02:00 [INF] Content root path: D:\Work Spot\PROJECTS\Business\Xavissa\Backend\Xavissa.Backend
2025-10-27 15:07:08.698 +02:00 [INF] Request starting HTTP/1.1 GET http://localhost:5087/swagger/index.html - null null
2025-10-27 15:07:08.851 +02:00 [INF] Request finished HTTP/1.1 GET http://localhost:5087/swagger/index.html - 200 null text/html;charset=utf-8 154.4775ms
2025-10-27 15:07:08.992 +02:00 [INF] Request starting HTTP/1.1 GET http://localhost:5087/swagger/v1/swagger.json - null null
2025-10-27 15:07:09.132 +02:00 [INF] Request finished HTTP/1.1 GET http://localhost:5087/swagger/v1/swagger.json - 200 null application/json;charset=utf-8 140.4311ms
2025-10-27 15:07:40.515 +02:00 [INF] Request starting HTTP/1.1 POST http://localhost:5087/api/Auth/login - application/json 49
2025-10-27 15:07:40.526 +02:00 [WRN] Failed to determine the https port for redirect.
2025-10-27 15:07:40.529 +02:00 [INF] Executing endpoint 'Xavissa.Backend.Controllers.AuthController.Login (Xavissa.Backend)'
2025-10-27 15:07:40.549 +02:00 [INF] Route matched with {action = "Login", controller = "Auth"}. Executing controller action with signature System.Threading.Tasks.Task`1[Microsoft.AspNetCore.Mvc.IActionResult] Login(Xavissa.Backend.Controllers.LoginRequest) on controller Xavissa.Backend.Controllers.AuthController (Xavissa.Backend).
2025-10-27 15:07:43.453 +02:00 [INF] Executed DbCommand (230ms) [Parameters=[@__username_0='?'], CommandType='"Text"', CommandTimeout='120']
SELECT u."Id", u."Email", u."PasswordHash", u."Role", u."Username"
FROM "Users" AS u
WHERE u."Username" = @__username_0
LIMIT 1
2025-10-27 15:07:43.550 +02:00 [INF] Executing OkObjectResult, writing value of type '<>f__AnonymousType1`1[[System.String, System.Private.CoreLib, Version=9.0.0.0, Culture=neutral, PublicKeyToken=7cec85d7bea7798e]]'.
2025-10-27 15:07:43.561 +02:00 [INF] Executed action Xavissa.Backend.Controllers.AuthController.Login (Xavissa.Backend) in 3007.8364ms
2025-10-27 15:07:43.564 +02:00 [INF] Executed endpoint 'Xavissa.Backend.Controllers.AuthController.Login (Xavissa.Backend)'
2025-10-27 15:07:43.570 +02:00 [INF] Request finished HTTP/1.1 POST http://localhost:5087/api/Auth/login - 200 null application/json; charset=utf-8 3055.5606ms
2025-10-27 15:08:23.986 +02:00 [INF] Request starting HTTP/1.1 POST http://localhost:5087/api/UserManagement/create-admin - application/json 83
2025-10-27 15:08:23.995 +02:00 [INF] Authorization failed. These requirements were not met:
DenyAnonymousAuthorizationRequirement: Requires an authenticated user.
RolesAuthorizationRequirement:User.IsInRole must be true for one of the following roles: (Superuser)
2025-10-27 15:08:23.999 +02:00 [INF] AuthenticationScheme: Bearer was challenged.
2025-10-27 15:08:24.000 +02:00 [INF] Request finished HTTP/1.1 POST http://localhost:5087/api/UserManagement/create-admin - 401 0 null 14.1471ms
2025-10-27 15:09:06.920 +02:00 [INF] Request starting HTTP/1.1 POST http://localhost:5087/api/UserManagement/create-admin - application/json 83
2025-10-27 15:09:06.927 +02:00 [INF] Authorization failed. These requirements were not met:
DenyAnonymousAuthorizationRequirement: Requires an authenticated user.
RolesAuthorizationRequirement:User.IsInRole must be true for one of the following roles: (Superuser)
2025-10-27 15:09:06.931 +02:00 [INF] AuthenticationScheme: Bearer was challenged.
2025-10-27 15:09:06.932 +02:00 [INF] Request finished HTTP/1.1 POST http://localhost:5087/api/UserManagement/create-admin - 401 0 null 12.0263ms
2025-10-27 15:10:17.629 +02:00 [INF] Request starting HTTP/1.1 POST http://localhost:5087/api/UserManagement/create-admin - application/json 83
2025-10-27 15:10:17.633 +02:00 [INF] Authorization failed. These requirements were not met:
DenyAnonymousAuthorizationRequirement: Requires an authenticated user.
RolesAuthorizationRequirement:User.IsInRole must be true for one of the following roles: (Superuser)
2025-10-27 15:10:17.634 +02:00 [INF] AuthenticationScheme: Bearer was challenged.
2025-10-27 15:10:17.635 +02:00 [INF] Request finished HTTP/1.1 POST http://localhost:5087/api/UserManagement/create-admin - 401 0 null 6.2802ms
2025-10-27 15:11:34.140 +02:00 [INF] Request starting HTTP/1.1 POST http://localhost:5087/api/UserManagement/create-admin - application/json 83
2025-10-27 15:11:34.144 +02:00 [INF] Authorization failed. These requirements were not met:
DenyAnonymousAuthorizationRequirement: Requires an authenticated user.
RolesAuthorizationRequirement:User.IsInRole must be true for one of the following roles: (Superuser)
2025-10-27 15:11:34.144 +02:00 [INF] AuthenticationScheme: Bearer was challenged.
2025-10-27 15:11:34.145 +02:00 [INF] Request finished HTTP/1.1 POST http://localhost:5087/api/UserManagement/create-admin - 401 0 null 5.4759ms
2025-10-27 15:12:05.829 +02:00 [INF] Request starting HTTP/1.1 POST http://localhost:5087/api/UserManagement/create-admin - application/json 83
2025-10-27 15:12:05.833 +02:00 [INF] Authorization failed. These requirements were not met:
DenyAnonymousAuthorizationRequirement: Requires an authenticated user.
RolesAuthorizationRequirement:User.IsInRole must be true for one of the following roles: (Superuser)
2025-10-27 15:12:05.834 +02:00 [INF] AuthenticationScheme: Bearer was challenged.
2025-10-27 15:12:05.837 +02:00 [INF] Request finished HTTP/1.1 POST http://localhost:5087/api/UserManagement/create-admin - 401 0 null 8.4252ms
2025-10-27 15:14:15.544 +02:00 [INF] Application is shutting down...
2025-10-27 15:14:20.115 +02:00 [INF] User profile is available. Using 'C:\Users\COUTINHO\AppData\Local\ASP.NET\DataProtection-Keys' as key repository and Windows DPAPI to encrypt keys at rest.
2025-10-27 15:14:20.302 +02:00 [INF] Now listening on: http://localhost:5087
2025-10-27 15:14:20.306 +02:00 [INF] Application started. Press Ctrl+C to shut down.
2025-10-27 15:14:20.307 +02:00 [INF] Hosting environment: Development
2025-10-27 15:14:20.308 +02:00 [INF] Content root path: D:\Work Spot\PROJECTS\Business\Xavissa\Backend\Xavissa.Backend
2025-10-27 15:14:57.624 +02:00 [INF] Request starting HTTP/1.1 GET http://localhost:5087/swagger/index.html - null null
2025-10-27 15:14:57.720 +02:00 [INF] Request finished HTTP/1.1 GET http://localhost:5087/swagger/index.html - 200 null text/html;charset=utf-8 97.0805ms
2025-10-27 15:14:57.920 +02:00 [INF] Request starting HTTP/1.1 GET http://localhost:5087/swagger/v1/swagger.json - null null
2025-10-27 15:14:58.036 +02:00 [INF] Request finished HTTP/1.1 GET http://localhost:5087/swagger/v1/swagger.json - 200 null application/json;charset=utf-8 116.0413ms
2025-10-27 15:15:09.811 +02:00 [INF] Request starting HTTP/1.1 POST http://localhost:5087/api/Auth/login - application/json 49
2025-10-27 15:15:09.842 +02:00 [WRN] Failed to determine the https port for redirect.
2025-10-27 15:15:09.844 +02:00 [INF] Executing endpoint 'Xavissa.Backend.Controllers.AuthController.Login (Xavissa.Backend)'
2025-10-27 15:15:09.861 +02:00 [INF] Route matched with {action = "Login", controller = "Auth"}. Executing controller action with signature System.Threading.Tasks.Task`1[Microsoft.AspNetCore.Mvc.IActionResult] Login(Xavissa.Backend.Controllers.LoginRequest) on controller Xavissa.Backend.Controllers.AuthController (Xavissa.Backend).
2025-10-27 15:15:12.769 +02:00 [INF] Executed DbCommand (227ms) [Parameters=[@__username_0='?'], CommandType='"Text"', CommandTimeout='120']
SELECT u."Id", u."Email", u."PasswordHash", u."Role", u."Username"
FROM "Users" AS u
WHERE u."Username" = @__username_0
LIMIT 1
2025-10-27 15:15:12.861 +02:00 [INF] Executing OkObjectResult, writing value of type '<>f__AnonymousType1`1[[System.String, System.Private.CoreLib, Version=9.0.0.0, Culture=neutral, PublicKeyToken=7cec85d7bea7798e]]'.
2025-10-27 15:15:12.879 +02:00 [INF] Executed action Xavissa.Backend.Controllers.AuthController.Login (Xavissa.Backend) in 3013.2253ms
2025-10-27 15:15:12.881 +02:00 [INF] Executed endpoint 'Xavissa.Backend.Controllers.AuthController.Login (Xavissa.Backend)'
2025-10-27 15:15:12.889 +02:00 [INF] Request finished HTTP/1.1 POST http://localhost:5087/api/Auth/login - 200 null application/json; charset=utf-8 3078.4277ms
2025-10-27 15:15:48.850 +02:00 [INF] Request starting HTTP/1.1 POST http://localhost:5087/api/UserManagement/create-admin - application/json 89
2025-10-27 15:15:48.859 +02:00 [INF] Authorization failed. These requirements were not met:
DenyAnonymousAuthorizationRequirement: Requires an authenticated user.
RolesAuthorizationRequirement:User.IsInRole must be true for one of the following roles: (Superuser)
2025-10-27 15:15:48.864 +02:00 [INF] AuthenticationScheme: Bearer was challenged.
2025-10-27 15:15:48.865 +02:00 [INF] Request finished HTTP/1.1 POST http://localhost:5087/api/UserManagement/create-admin - 401 0 null 15.4896ms
2025-10-27 15:17:11.003 +02:00 [INF] Request starting HTTP/1.1 POST http://localhost:5087/api/UserManagement/create-admin - application/json 89
2025-10-27 15:17:11.009 +02:00 [INF] Authorization failed. These requirements were not met:
DenyAnonymousAuthorizationRequirement: Requires an authenticated user.
RolesAuthorizationRequirement:User.IsInRole must be true for one of the following roles: (Superuser)
2025-10-27 15:17:11.010 +02:00 [INF] AuthenticationScheme: Bearer was challenged.
2025-10-27 15:17:11.012 +02:00 [INF] Request finished HTTP/1.1 POST http://localhost:5087/api/UserManagement/create-admin - 401 0 null 9.2698ms
2025-10-27 15:17:44.775 +02:00 [INF] Application is shutting down...
2025-10-27 15:17:50.672 +02:00 [INF] User profile is available. Using 'C:\Users\COUTINHO\AppData\Local\ASP.NET\DataProtection-Keys' as key repository and Windows DPAPI to encrypt keys at rest.
2025-10-27 15:17:50.851 +02:00 [INF] Now listening on: http://localhost:5087
2025-10-27 15:17:50.855 +02:00 [INF] Application started. Press Ctrl+C to shut down.
2025-10-27 15:17:50.856 +02:00 [INF] Hosting environment: Development
2025-10-27 15:17:50.856 +02:00 [INF] Content root path: D:\Work Spot\PROJECTS\Business\Xavissa\Backend\Xavissa.Backend
2025-10-27 15:17:51.634 +02:00 [INF] Request starting HTTP/1.1 GET http://localhost:5087/swagger/index.html - null null
2025-10-27 15:17:51.746 +02:00 [INF] Request finished HTTP/1.1 GET http://localhost:5087/swagger/index.html - 200 null text/html;charset=utf-8 113.8407ms
2025-10-27 15:17:52.006 +02:00 [INF] Request starting HTTP/1.1 GET http://localhost:5087/swagger/v1/swagger.json - null null
2025-10-27 15:17:52.174 +02:00 [INF] Request finished HTTP/1.1 GET http://localhost:5087/swagger/v1/swagger.json - 200 null application/json;charset=utf-8 168.4654ms
2025-10-27 15:18:04.717 +02:00 [INF] Request starting HTTP/1.1 POST http://localhost:5087/api/UserManagement/create-admin - application/json 83
2025-10-27 15:18:04.753 +02:00 [INF] Authorization failed. These requirements were not met:
DenyAnonymousAuthorizationRequirement: Requires an authenticated user.
RolesAuthorizationRequirement:User.IsInRole must be true for one of the following roles: (All)
2025-10-27 15:18:04.757 +02:00 [INF] AuthenticationScheme: Bearer was challenged.
2025-10-27 15:18:04.758 +02:00 [INF] Request finished HTTP/1.1 POST http://localhost:5087/api/UserManagement/create-admin - 401 0 null 41.4858ms
2025-10-27 15:22:01.269 +02:00 [INF] Application is shutting down...
2025-10-27 15:22:08.516 +02:00 [INF] User profile is available. Using 'C:\Users\COUTINHO\AppData\Local\ASP.NET\DataProtection-Keys' as key repository and Windows DPAPI to encrypt keys at rest.
2025-10-27 15:22:08.693 +02:00 [INF] Now listening on: http://localhost:5087
2025-10-27 15:22:08.697 +02:00 [INF] Application started. Press Ctrl+C to shut down.
2025-10-27 15:22:08.699 +02:00 [INF] Hosting environment: Development
2025-10-27 15:22:08.700 +02:00 [INF] Content root path: D:\Work Spot\PROJECTS\Business\Xavissa\Backend\Xavissa.Backend
2025-10-27 15:22:15.267 +02:00 [INF] Request starting HTTP/1.1 GET http://localhost:5087/swagger/index.html - null null
2025-10-27 15:22:15.365 +02:00 [INF] Request finished HTTP/1.1 GET http://localhost:5087/swagger/index.html - 200 null text/html;charset=utf-8 99.5479ms
2025-10-27 15:22:15.578 +02:00 [INF] Request starting HTTP/1.1 GET http://localhost:5087/swagger/v1/swagger.json - null null
2025-10-27 15:22:15.696 +02:00 [INF] Request finished HTTP/1.1 GET http://localhost:5087/swagger/v1/swagger.json - 200 null application/json;charset=utf-8 118.4142ms
2025-10-27 15:22:27.812 +02:00 [INF] Request starting HTTP/1.1 POST http://localhost:5087/api/Auth/login - application/json 49
2025-10-27 15:22:27.839 +02:00 [WRN] Failed to determine the https port for redirect.
2025-10-27 15:22:27.841 +02:00 [INF] Executing endpoint 'Xavissa.Backend.Controllers.AuthController.Login (Xavissa.Backend)'
2025-10-27 15:22:27.858 +02:00 [INF] Route matched with {action = "Login", controller = "Auth"}. Executing controller action with signature System.Threading.Tasks.Task`1[Microsoft.AspNetCore.Mvc.IActionResult] Login(Xavissa.Backend.Controllers.LoginRequest) on controller Xavissa.Backend.Controllers.AuthController (Xavissa.Backend).
2025-10-27 15:22:30.746 +02:00 [INF] Executed DbCommand (224ms) [Parameters=[@__username_0='?'], CommandType='"Text"', CommandTimeout='120']
SELECT u."Id", u."Email", u."PasswordHash", u."Role", u."Username"
FROM "Users" AS u
WHERE u."Username" = @__username_0
LIMIT 1
2025-10-27 15:22:30.842 +02:00 [INF] Executing OkObjectResult, writing value of type '<>f__AnonymousType1`1[[System.String, System.Private.CoreLib, Version=9.0.0.0, Culture=neutral, PublicKeyToken=7cec85d7bea7798e]]'.
2025-10-27 15:22:30.852 +02:00 [INF] Executed action Xavissa.Backend.Controllers.AuthController.Login (Xavissa.Backend) in 2988.3643ms
2025-10-27 15:22:30.854 +02:00 [INF] Executed endpoint 'Xavissa.Backend.Controllers.AuthController.Login (Xavissa.Backend)'
2025-10-27 15:22:30.862 +02:00 [INF] Request finished HTTP/1.1 POST http://localhost:5087/api/Auth/login - 200 null application/json; charset=utf-8 3049.8607ms
2025-10-27 15:22:58.554 +02:00 [INF] Request starting HTTP/1.1 POST http://localhost:5087/api/UserManagement/create-admin - application/json 83
2025-10-27 15:22:58.564 +02:00 [INF] Authorization failed. These requirements were not met:
DenyAnonymousAuthorizationRequirement: Requires an authenticated user.
RolesAuthorizationRequirement:User.IsInRole must be true for one of the following roles: (All)
2025-10-27 15:22:58.568 +02:00 [INF] AuthenticationScheme: Bearer was challenged.
2025-10-27 15:22:58.570 +02:00 [INF] Request finished HTTP/1.1 POST http://localhost:5087/api/UserManagement/create-admin - 401 0 null 15.9011ms
2025-10-27 15:23:16.043 +02:00 [INF] Request starting HTTP/1.1 POST http://localhost:5087/api/UserManagement/create-clerk - application/json 84
2025-10-27 15:23:16.049 +02:00 [INF] Authorization failed. These requirements were not met:
DenyAnonymousAuthorizationRequirement: Requires an authenticated user.
RolesAuthorizationRequirement:User.IsInRole must be true for one of the following roles: (Superuser|Admin)
2025-10-27 15:23:16.050 +02:00 [INF] AuthenticationScheme: Bearer was challenged.
2025-10-27 15:23:16.053 +02:00 [INF] Request finished HTTP/1.1 POST http://localhost:5087/api/UserManagement/create-clerk - 401 0 null 9.0517ms
2025-10-27 23:57:17.116 +02:00 [INF] Request starting HTTP/1.1 POST http://localhost:5087/api/UserManagement/create-clerk - application/json 83
2025-10-27 23:57:17.122 +02:00 [INF] Authorization failed. These requirements were not met:
DenyAnonymousAuthorizationRequirement: Requires an authenticated user.
RolesAuthorizationRequirement:User.IsInRole must be true for one of the following roles: (Superuser|Admin)
2025-10-27 23:57:17.124 +02:00 [INF] AuthenticationScheme: Bearer was challenged.
2025-10-27 23:57:17.126 +02:00 [INF] Request finished HTTP/1.1 POST http://localhost:5087/api/UserManagement/create-clerk - 401 0 null 9.8474ms
