2025-10-22 17:54:37.441 +02:00 [INF] Executed DbCommand (215ms) [Parameters=[], CommandType='"Text"', CommandTimeout='120']
SELECT "MigrationId", "ProductVersion"
FROM "__EFMigrationsHistory"
ORDER BY "MigrationId";
2025-10-22 17:54:39.444 +02:00 [INF] Executed DbCommand (226ms) [Parameters=[], CommandType='"Text"', CommandTimeout='120']
CREATE TABLE IF NOT EXISTS "__EFMigrationsHistory" (
    "MigrationId" character varying(150) NOT NULL,
    "ProductVersion" character varying(32) NOT NULL,
    CONSTRAINT "PK___EFMigrationsHistory" PRIMARY KEY ("MigrationId")
);
2025-10-22 17:54:39.454 +02:00 [INF] Acquiring an exclusive lock for migration application. See https://aka.ms/efcore-docs-migrations-lock for more information if this takes too long.
2025-10-22 17:54:39.649 +02:00 [INF] Executed DbCommand (189ms) [Parameters=[], CommandType='"Text"', CommandTimeout='120']
LOCK TABLE "__EFMigrationsHistory" IN ACCESS EXCLUSIVE MODE
2025-10-22 17:54:39.843 +02:00 [INF] Executed DbCommand (191ms) [Parameters=[], CommandType='"Text"', CommandTimeout='120']
SELECT "MigrationId", "ProductVersion"
FROM "__EFMigrationsHistory"
ORDER BY "MigrationId";
2025-10-22 17:54:39.852 +02:00 [INF] Applying migration '20251022155410_UpdateUserModel'.
2025-10-22 17:54:40.103 +02:00 [INF] Executed DbCommand (234ms) [Parameters=[], CommandType='"Text"', CommandTimeout='120']
ALTER TABLE "Users" DROP COLUMN "CreatedAt";
2025-10-22 17:54:40.293 +02:00 [INF] Executed DbCommand (188ms) [Parameters=[], CommandType='"Text"', CommandTimeout='120']
ALTER TABLE "Users" DROP COLUMN "IsActive";
2025-10-22 17:54:40.487 +02:00 [INF] Executed DbCommand (191ms) [Parameters=[], CommandType='"Text"', CommandTimeout='120']
ALTER TABLE "Users" DROP COLUMN "Role";
2025-10-22 17:54:40.718 +02:00 [INF] Executed DbCommand (228ms) [Parameters=[], CommandType='"Text"', CommandTimeout='120']
ALTER TABLE "Users" ALTER COLUMN "Username" TYPE character varying(50);
2025-10-22 17:54:40.912 +02:00 [INF] Executed DbCommand (191ms) [Parameters=[], CommandType='"Text"', CommandTimeout='120']
ALTER TABLE "Users" ALTER COLUMN "PasswordHash" TYPE character varying(255);
2025-10-22 17:54:41.116 +02:00 [INF] Executed DbCommand (202ms) [Parameters=[], CommandType='"Text"', CommandTimeout='120']
ALTER TABLE "Users" ADD "Email" character varying(100) NOT NULL DEFAULT '';
2025-10-22 17:54:41.310 +02:00 [INF] Executed DbCommand (191ms) [Parameters=[], CommandType='"Text"', CommandTimeout='120']
INSERT INTO "__EFMigrationsHistory" ("MigrationId", "ProductVersion")
VALUES ('20251022155410_UpdateUserModel', '9.0.10');
2025-10-22 17:56:03.816 +02:00 [INF] User profile is available. Using 'C:\Users\COUTINHO\AppData\Local\ASP.NET\DataProtection-Keys' as key repository and Windows DPAPI to encrypt keys at rest.
2025-10-22 17:56:03.879 +02:00 [INF] Creating key {24babe49-45bc-499e-98a1-3c451db2cbcc} with creation date 2025-10-22 15:56:03Z, activation date 2025-10-22 15:56:03Z, and expiration date 2026-01-20 15:56:03Z.
2025-10-22 17:56:03.899 +02:00 [INF] Writing data to file 'C:\Users\COUTINHO\AppData\Local\ASP.NET\DataProtection-Keys\key-24babe49-45bc-499e-98a1-3c451db2cbcc.xml'.
2025-10-22 17:56:04.035 +02:00 [INF] Now listening on: http://localhost:5087
2025-10-22 17:56:04.040 +02:00 [INF] Application started. Press Ctrl+C to shut down.
2025-10-22 17:56:04.041 +02:00 [INF] Hosting environment: Development
2025-10-22 17:56:04.043 +02:00 [INF] Content root path: D:\Work Spot\PROJECTS\Business\Xavissa\Backend\Xavissa.Backend
2025-10-22 17:56:27.273 +02:00 [INF] Request starting HTTP/1.1 GET http://localhost:5087/swagger - null null
2025-10-22 17:56:28.745 +02:00 [INF] Request finished HTTP/1.1 GET http://localhost:5087/swagger - 301 0 null 1474.3577ms
2025-10-22 17:56:28.764 +02:00 [INF] Request starting HTTP/1.1 GET http://localhost:5087/swagger/index.html - null null
2025-10-22 17:56:28.831 +02:00 [INF] Request finished HTTP/1.1 GET http://localhost:5087/swagger/index.html - 200 null text/html;charset=utf-8 67.4473ms
2025-10-22 17:56:28.869 +02:00 [INF] Request starting HTTP/1.1 GET http://localhost:5087/swagger/swagger-ui.css - null null
2025-10-22 17:56:28.870 +02:00 [INF] Request starting HTTP/1.1 GET http://localhost:5087/swagger/index.css - null null
2025-10-22 17:56:28.872 +02:00 [INF] Request starting HTTP/1.1 GET http://localhost:5087/swagger/swagger-ui-bundle.js - null null
2025-10-22 17:56:28.872 +02:00 [INF] Request starting HTTP/1.1 GET http://localhost:5087/swagger/swagger-ui-standalone-preset.js - null null
2025-10-22 17:56:28.872 +02:00 [INF] Request starting HTTP/1.1 GET http://localhost:5087/swagger/index.js - null null
2025-10-22 17:56:28.884 +02:00 [INF] Request finished HTTP/1.1 GET http://localhost:5087/swagger/index.js - 200 null application/javascript;charset=utf-8 12.3036ms
2025-10-22 17:56:28.891 +02:00 [INF] Request finished HTTP/1.1 GET http://localhost:5087/swagger/index.css - 200 152 text/css 20.6773ms
2025-10-22 17:56:28.891 +02:00 [INF] Request finished HTTP/1.1 GET http://localhost:5087/swagger/swagger-ui.css - 200 23647 text/css 21.9457ms
2025-10-22 17:56:28.900 +02:00 [INF] Request finished HTTP/1.1 GET http://localhost:5087/swagger/swagger-ui-bundle.js - 200 424767 text/javascript 28.366ms
2025-10-22 17:56:28.900 +02:00 [INF] Request finished HTTP/1.1 GET http://localhost:5087/swagger/swagger-ui-standalone-preset.js - 200 77352 text/javascript 28.3053ms
2025-10-22 17:56:29.175 +02:00 [INF] Request starting HTTP/1.1 GET http://localhost:5087/swagger/v1/swagger.json - null null
2025-10-22 17:56:29.202 +02:00 [INF] Request starting HTTP/1.1 GET http://localhost:5087/swagger/favicon-32x32.png - null null
2025-10-22 17:56:29.206 +02:00 [INF] Request finished HTTP/1.1 GET http://localhost:5087/swagger/favicon-32x32.png - 200 628 image/png 3.9158ms
2025-10-22 17:56:29.284 +02:00 [INF] Request finished HTTP/1.1 GET http://localhost:5087/swagger/v1/swagger.json - 200 null application/json;charset=utf-8 108.4337ms
2025-10-22 17:58:32.880 +02:00 [INF] Request starting HTTP/1.1 POST http://localhost:5087/api/Auth/register - text/json 84
2025-10-22 17:58:32.886 +02:00 [WRN] Failed to determine the https port for redirect.
2025-10-22 17:58:32.889 +02:00 [INF] Executing endpoint 'Xavissa.Backend.Controllers.AuthController.Register (Xavissa.Backend)'
2025-10-22 17:58:32.910 +02:00 [INF] Route matched with {action = "Register", controller = "Auth"}. Executing controller action with signature System.Threading.Tasks.Task`1[Microsoft.AspNetCore.Mvc.IActionResult] Register(Xavissa.Backend.Controllers.RegisterRequest) on controller Xavissa.Backend.Controllers.AuthController (Xavissa.Backend).
2025-10-22 17:58:36.273 +02:00 [INF] Executed DbCommand (236ms) [Parameters=[@__username_0='?', @__email_1='?'], CommandType='"Text"', CommandTimeout='120']
SELECT EXISTS (
    SELECT 1
    FROM "Users" AS u
    WHERE u."Username" = @__username_0 OR u."Email" = @__email_1)
2025-10-22 17:58:36.636 +02:00 [INF] Executed DbCommand (197ms) [Parameters=[@p0='?', @p1='?', @p2='?'], CommandType='"Text"', CommandTimeout='120']
INSERT INTO "Users" ("Email", "PasswordHash", "Username")
VALUES (@p0, @p1, @p2)
RETURNING "Id";
2025-10-22 17:58:36.663 +02:00 [INF] Executing OkObjectResult, writing value of type 'Xavissa.Database.Models.User'.
2025-10-22 17:58:36.671 +02:00 [INF] Executed action Xavissa.Backend.Controllers.AuthController.Register (Xavissa.Backend) in 3756.2957ms
2025-10-22 17:58:36.674 +02:00 [INF] Executed endpoint 'Xavissa.Backend.Controllers.AuthController.Register (Xavissa.Backend)'
2025-10-22 17:58:36.681 +02:00 [INF] Request finished HTTP/1.1 POST http://localhost:5087/api/Auth/register - 200 null application/json; charset=utf-8 3801.0518ms
2025-10-22 17:59:40.583 +02:00 [INF] Request starting HTTP/1.1 POST http://localhost:5087/api/Auth/login - application/json 49
2025-10-22 17:59:40.587 +02:00 [INF] Executing endpoint 'Xavissa.Backend.Controllers.AuthController.Login (Xavissa.Backend)'
2025-10-22 17:59:40.593 +02:00 [INF] Route matched with {action = "Login", controller = "Auth"}. Executing controller action with signature System.Threading.Tasks.Task`1[Microsoft.AspNetCore.Mvc.IActionResult] Login(Xavissa.Backend.Controllers.LoginRequest) on controller Xavissa.Backend.Controllers.AuthController (Xavissa.Backend).
2025-10-22 17:59:41.178 +02:00 [INF] Executed DbCommand (198ms) [Parameters=[@__username_0='?'], CommandType='"Text"', CommandTimeout='120']
SELECT u."Id", u."Email", u."PasswordHash", u."Username"
FROM "Users" AS u
WHERE u."Username" = @__username_0
LIMIT 1
2025-10-22 17:59:41.258 +02:00 [INF] Executed action Xavissa.Backend.Controllers.AuthController.Login (Xavissa.Backend) in 662.5715ms
2025-10-22 17:59:41.260 +02:00 [INF] Executed endpoint 'Xavissa.Backend.Controllers.AuthController.Login (Xavissa.Backend)'
2025-10-22 17:59:41.262 +02:00 [ERR] An unhandled exception has occurred while executing the request.
System.ArgumentOutOfRangeException: IDX10720: Unable to create KeyedHashAlgorithm for algorithm 'HS256', the key size must be greater than: '256' bits, key has '208' bits. (Parameter 'keyBytes')
   at Microsoft.IdentityModel.Tokens.CryptoProviderFactory.ValidateKeySize(Byte[] keyBytes, String algorithm, Int32 expectedNumberOfBytes)
   at Microsoft.IdentityModel.Tokens.CryptoProviderFactory.CreateKeyedHashAlgorithm(Byte[] keyBytes, String algorithm)
   at Microsoft.IdentityModel.Tokens.SymmetricSignatureProvider.CreateKeyedHashAlgorithm()
   at Microsoft.IdentityModel.Tokens.DisposableObjectPool`1.CreateInstance()
   at Microsoft.IdentityModel.Tokens.DisposableObjectPool`1.Allocate()
   at Microsoft.IdentityModel.Tokens.SymmetricSignatureProvider.GetKeyedHashAlgorithm(Byte[] keyBytes, String algorithm)
   at Microsoft.IdentityModel.Tokens.SymmetricSignatureProvider.Sign(Byte[] input)
   at Microsoft.IdentityModel.JsonWebTokens.JwtTokenUtilities.CreateEncodedSignature(String input, SigningCredentials signingCredentials)
   at System.IdentityModel.Tokens.Jwt.JwtSecurityTokenHandler.WriteToken(SecurityToken token)
   at Xavissa.Backend.Services.AuthService.GenerateJwtToken(User user) in D:\Work Spot\PROJECTS\Business\Xavissa\Backend\Xavissa.Backend\Services\AuthService.cs:line 83
   at Xavissa.Backend.Services.AuthService.Login(String username, String password) in D:\Work Spot\PROJECTS\Business\Xavissa\Backend\Xavissa.Backend\Services\AuthService.cs:line 49
   at Xavissa.Backend.Controllers.AuthController.Login(LoginRequest request) in D:\Work Spot\PROJECTS\Business\Xavissa\Backend\Xavissa.Backend\Controllers\AuthController.cs:line 29
   at Microsoft.AspNetCore.Mvc.Infrastructure.ActionMethodExecutor.TaskOfIActionResultExecutor.Execute(ActionContext actionContext, IActionResultTypeMapper mapper, ObjectMethodExecutor executor, Object controller, Object[] arguments)
   at Microsoft.AspNetCore.Mvc.Infrastructure.ControllerActionInvoker.<InvokeActionMethodAsync>g__Awaited|12_0(ControllerActionInvoker invoker, ValueTask`1 actionResultValueTask)
   at Microsoft.AspNetCore.Mvc.Infrastructure.ControllerActionInvoker.<InvokeNextActionFilterAsync>g__Awaited|10_0(ControllerActionInvoker invoker, Task lastTask, State next, Scope scope, Object state, Boolean isCompleted)
   at Microsoft.AspNetCore.Mvc.Infrastructure.ControllerActionInvoker.Rethrow(ActionExecutedContextSealed context)
   at Microsoft.AspNetCore.Mvc.Infrastructure.ControllerActionInvoker.Next(State& next, Scope& scope, Object& state, Boolean& isCompleted)
   at Microsoft.AspNetCore.Mvc.Infrastructure.ControllerActionInvoker.<InvokeInnerFilterAsync>g__Awaited|13_0(ControllerActionInvoker invoker, Task lastTask, State next, Scope scope, Object state, Boolean isCompleted)
   at Microsoft.AspNetCore.Mvc.Infrastructure.ResourceInvoker.<InvokeFilterPipelineAsync>g__Awaited|20_0(ResourceInvoker invoker, Task lastTask, State next, Scope scope, Object state, Boolean isCompleted)
   at Microsoft.AspNetCore.Mvc.Infrastructure.ResourceInvoker.<InvokeAsync>g__Logged|17_1(ResourceInvoker invoker)
   at Microsoft.AspNetCore.Mvc.Infrastructure.ResourceInvoker.<InvokeAsync>g__Logged|17_1(ResourceInvoker invoker)
   at Microsoft.AspNetCore.Routing.EndpointMiddleware.<Invoke>g__AwaitRequestTask|7_0(Endpoint endpoint, Task requestTask, ILogger logger)
   at Swashbuckle.AspNetCore.SwaggerUI.SwaggerUIMiddleware.Invoke(HttpContext httpContext)
   at Swashbuckle.AspNetCore.Swagger.SwaggerMiddleware.Invoke(HttpContext httpContext, ISwaggerProvider swaggerProvider)
   at Microsoft.AspNetCore.Authorization.AuthorizationMiddleware.Invoke(HttpContext context)
   at Microsoft.AspNetCore.Authentication.AuthenticationMiddleware.Invoke(HttpContext context)
   at Microsoft.AspNetCore.Diagnostics.DeveloperExceptionPageMiddlewareImpl.Invoke(HttpContext context)
2025-10-22 17:59:41.292 +02:00 [INF] Request finished HTTP/1.1 POST http://localhost:5087/api/Auth/login - 500 null text/plain; charset=utf-8 708.2851ms
2025-10-22 18:00:07.165 +02:00 [INF] Request starting HTTP/1.1 POST http://localhost:5087/api/Auth/login - text/json 49
2025-10-22 18:00:07.168 +02:00 [INF] Executing endpoint 'Xavissa.Backend.Controllers.AuthController.Login (Xavissa.Backend)'
2025-10-22 18:00:07.169 +02:00 [INF] Route matched with {action = "Login", controller = "Auth"}. Executing controller action with signature System.Threading.Tasks.Task`1[Microsoft.AspNetCore.Mvc.IActionResult] Login(Xavissa.Backend.Controllers.LoginRequest) on controller Xavissa.Backend.Controllers.AuthController (Xavissa.Backend).
2025-10-22 18:00:07.427 +02:00 [INF] Executed DbCommand (192ms) [Parameters=[@__username_0='?'], CommandType='"Text"', CommandTimeout='120']
SELECT u."Id", u."Email", u."PasswordHash", u."Username"
FROM "Users" AS u
WHERE u."Username" = @__username_0
LIMIT 1
2025-10-22 18:00:07.430 +02:00 [INF] Executed action Xavissa.Backend.Controllers.AuthController.Login (Xavissa.Backend) in 258.53ms
2025-10-22 18:00:07.432 +02:00 [INF] Executed endpoint 'Xavissa.Backend.Controllers.AuthController.Login (Xavissa.Backend)'
2025-10-22 18:00:07.433 +02:00 [ERR] An unhandled exception has occurred while executing the request.
System.ArgumentOutOfRangeException: IDX10720: Unable to create KeyedHashAlgorithm for algorithm 'HS256', the key size must be greater than: '256' bits, key has '208' bits. (Parameter 'keyBytes')
   at Microsoft.IdentityModel.Tokens.CryptoProviderFactory.ValidateKeySize(Byte[] keyBytes, String algorithm, Int32 expectedNumberOfBytes)
   at Microsoft.IdentityModel.Tokens.CryptoProviderFactory.CreateKeyedHashAlgorithm(Byte[] keyBytes, String algorithm)
   at Microsoft.IdentityModel.Tokens.SymmetricSignatureProvider.CreateKeyedHashAlgorithm()
   at Microsoft.IdentityModel.Tokens.DisposableObjectPool`1.CreateInstance()
   at Microsoft.IdentityModel.Tokens.DisposableObjectPool`1.Allocate()
   at Microsoft.IdentityModel.Tokens.SymmetricSignatureProvider.GetKeyedHashAlgorithm(Byte[] keyBytes, String algorithm)
   at Microsoft.IdentityModel.Tokens.SymmetricSignatureProvider.Sign(Byte[] input)
   at Microsoft.IdentityModel.JsonWebTokens.JwtTokenUtilities.CreateEncodedSignature(String input, SigningCredentials signingCredentials)
   at System.IdentityModel.Tokens.Jwt.JwtSecurityTokenHandler.WriteToken(SecurityToken token)
   at Xavissa.Backend.Services.AuthService.GenerateJwtToken(User user) in D:\Work Spot\PROJECTS\Business\Xavissa\Backend\Xavissa.Backend\Services\AuthService.cs:line 83
   at Xavissa.Backend.Services.AuthService.Login(String username, String password) in D:\Work Spot\PROJECTS\Business\Xavissa\Backend\Xavissa.Backend\Services\AuthService.cs:line 49
   at Xavissa.Backend.Controllers.AuthController.Login(LoginRequest request) in D:\Work Spot\PROJECTS\Business\Xavissa\Backend\Xavissa.Backend\Controllers\AuthController.cs:line 29
   at Microsoft.AspNetCore.Mvc.Infrastructure.ActionMethodExecutor.TaskOfIActionResultExecutor.Execute(ActionContext actionContext, IActionResultTypeMapper mapper, ObjectMethodExecutor executor, Object controller, Object[] arguments)
   at Microsoft.AspNetCore.Mvc.Infrastructure.ControllerActionInvoker.<InvokeActionMethodAsync>g__Awaited|12_0(ControllerActionInvoker invoker, ValueTask`1 actionResultValueTask)
   at Microsoft.AspNetCore.Mvc.Infrastructure.ControllerActionInvoker.<InvokeNextActionFilterAsync>g__Awaited|10_0(ControllerActionInvoker invoker, Task lastTask, State next, Scope scope, Object state, Boolean isCompleted)
   at Microsoft.AspNetCore.Mvc.Infrastructure.ControllerActionInvoker.Rethrow(ActionExecutedContextSealed context)
   at Microsoft.AspNetCore.Mvc.Infrastructure.ControllerActionInvoker.Next(State& next, Scope& scope, Object& state, Boolean& isCompleted)
   at Microsoft.AspNetCore.Mvc.Infrastructure.ControllerActionInvoker.<InvokeInnerFilterAsync>g__Awaited|13_0(ControllerActionInvoker invoker, Task lastTask, State next, Scope scope, Object state, Boolean isCompleted)
   at Microsoft.AspNetCore.Mvc.Infrastructure.ResourceInvoker.<InvokeFilterPipelineAsync>g__Awaited|20_0(ResourceInvoker invoker, Task lastTask, State next, Scope scope, Object state, Boolean isCompleted)
   at Microsoft.AspNetCore.Mvc.Infrastructure.ResourceInvoker.<InvokeAsync>g__Logged|17_1(ResourceInvoker invoker)
   at Microsoft.AspNetCore.Mvc.Infrastructure.ResourceInvoker.<InvokeAsync>g__Logged|17_1(ResourceInvoker invoker)
   at Microsoft.AspNetCore.Routing.EndpointMiddleware.<Invoke>g__AwaitRequestTask|7_0(Endpoint endpoint, Task requestTask, ILogger logger)
   at Swashbuckle.AspNetCore.SwaggerUI.SwaggerUIMiddleware.Invoke(HttpContext httpContext)
   at Swashbuckle.AspNetCore.Swagger.SwaggerMiddleware.Invoke(HttpContext httpContext, ISwaggerProvider swaggerProvider)
   at Microsoft.AspNetCore.Authorization.AuthorizationMiddleware.Invoke(HttpContext context)
   at Microsoft.AspNetCore.Authentication.AuthenticationMiddleware.Invoke(HttpContext context)
   at Microsoft.AspNetCore.Diagnostics.DeveloperExceptionPageMiddlewareImpl.Invoke(HttpContext context)
2025-10-22 18:00:07.443 +02:00 [INF] Request finished HTTP/1.1 POST http://localhost:5087/api/Auth/login - 500 null text/plain; charset=utf-8 278.628ms
2025-10-22 18:06:49.212 +02:00 [INF] Application is shutting down...
2025-10-22 18:06:54.973 +02:00 [INF] User profile is available. Using 'C:\Users\COUTINHO\AppData\Local\ASP.NET\DataProtection-Keys' as key repository and Windows DPAPI to encrypt keys at rest.
2025-10-22 18:06:55.174 +02:00 [INF] Now listening on: http://localhost:5087
2025-10-22 18:06:55.178 +02:00 [INF] Application started. Press Ctrl+C to shut down.
2025-10-22 18:06:55.179 +02:00 [INF] Hosting environment: Development
2025-10-22 18:06:55.179 +02:00 [INF] Content root path: D:\Work Spot\PROJECTS\Business\Xavissa\Backend\Xavissa.Backend
2025-10-22 18:07:13.293 +02:00 [INF] Request starting HTTP/1.1 POST http://localhost:5087/api/Auth/register - text/json 84
2025-10-22 18:07:13.345 +02:00 [WRN] Failed to determine the https port for redirect.
2025-10-22 18:07:13.350 +02:00 [INF] Executing endpoint 'Xavissa.Backend.Controllers.AuthController.Register (Xavissa.Backend)'
2025-10-22 18:07:13.367 +02:00 [INF] Route matched with {action = "Register", controller = "Auth"}. Executing controller action with signature System.Threading.Tasks.Task`1[Microsoft.AspNetCore.Mvc.IActionResult] Register(Xavissa.Backend.Controllers.RegisterRequest) on controller Xavissa.Backend.Controllers.AuthController (Xavissa.Backend).
2025-10-22 18:07:16.269 +02:00 [INF] Executed DbCommand (230ms) [Parameters=[@__username_0='?', @__email_1='?'], CommandType='"Text"', CommandTimeout='120']
SELECT EXISTS (
    SELECT 1
    FROM "Users" AS u
    WHERE u."Username" = @__username_0 OR u."Email" = @__email_1)
2025-10-22 18:07:16.609 +02:00 [INF] Executed DbCommand (195ms) [Parameters=[@p0='?', @p1='?', @p2='?'], CommandType='"Text"', CommandTimeout='120']
INSERT INTO "Users" ("Email", "PasswordHash", "Username")
VALUES (@p0, @p1, @p2)
RETURNING "Id";
2025-10-22 18:07:16.638 +02:00 [INF] Executing OkObjectResult, writing value of type 'Xavissa.Database.Models.User'.
2025-10-22 18:07:16.655 +02:00 [INF] Executed action Xavissa.Backend.Controllers.AuthController.Register (Xavissa.Backend) in 3282.8895ms
2025-10-22 18:07:16.661 +02:00 [INF] Executed endpoint 'Xavissa.Backend.Controllers.AuthController.Register (Xavissa.Backend)'
2025-10-22 18:07:16.672 +02:00 [INF] Request finished HTTP/1.1 POST http://localhost:5087/api/Auth/register - 200 null application/json; charset=utf-8 3380.2363ms
2025-10-22 18:07:45.673 +02:00 [INF] Request starting HTTP/1.1 POST http://localhost:5087/api/Auth/login - text/json 49
2025-10-22 18:07:45.679 +02:00 [INF] Executing endpoint 'Xavissa.Backend.Controllers.AuthController.Login (Xavissa.Backend)'
2025-10-22 18:07:45.684 +02:00 [INF] Route matched with {action = "Login", controller = "Auth"}. Executing controller action with signature System.Threading.Tasks.Task`1[Microsoft.AspNetCore.Mvc.IActionResult] Login(Xavissa.Backend.Controllers.LoginRequest) on controller Xavissa.Backend.Controllers.AuthController (Xavissa.Backend).
2025-10-22 18:07:45.930 +02:00 [INF] Executed DbCommand (188ms) [Parameters=[@__username_0='?'], CommandType='"Text"', CommandTimeout='120']
SELECT u."Id", u."Email", u."PasswordHash", u."Username"
FROM "Users" AS u
WHERE u."Username" = @__username_0
LIMIT 1
2025-10-22 18:07:45.954 +02:00 [INF] Executing OkObjectResult, writing value of type '<>f__AnonymousType0`1[[System.String, System.Private.CoreLib, Version=9.0.0.0, Culture=neutral, PublicKeyToken=7cec85d7bea7798e]]'.
2025-10-22 18:07:45.958 +02:00 [INF] Executed action Xavissa.Backend.Controllers.AuthController.Login (Xavissa.Backend) in 271.7913ms
2025-10-22 18:07:45.960 +02:00 [INF] Executed endpoint 'Xavissa.Backend.Controllers.AuthController.Login (Xavissa.Backend)'
2025-10-22 18:07:45.962 +02:00 [INF] Request finished HTTP/1.1 POST http://localhost:5087/api/Auth/login - 200 null application/json; charset=utf-8 289.0588ms
