2025-11-04 18:12:02.256 +02:00 [INF] Request starting HTTP/1.1 GET http://localhost:5087/swagger/index.html - null null
2025-11-04 18:12:02.381 +02:00 [INF] Request finished HTTP/1.1 GET http://localhost:5087/swagger/index.html - 200 null text/html;charset=utf-8 124.7219ms
2025-11-04 18:12:02.400 +02:00 [INF] Request starting HTTP/1.1 GET http://localhost:5087/swagger/swagger-ui.css - null null
2025-11-04 18:12:02.409 +02:00 [INF] Request starting HTTP/1.1 GET http://localhost:5087/swagger/index.css - null null
2025-11-04 18:12:02.412 +02:00 [INF] Request finished HTTP/1.1 GET http://localhost:5087/swagger/swagger-ui.css - 200 23647 text/css 11.7404ms
2025-11-04 18:12:02.412 +02:00 [INF] Request finished HTTP/1.1 GET http://localhost:5087/swagger/index.css - 200 152 text/css 3.6265ms
2025-11-04 18:12:02.413 +02:00 [INF] Request starting HTTP/1.1 GET http://localhost:5087/swagger/swagger-ui-bundle.js - null null
2025-11-04 18:12:02.440 +02:00 [INF] Request finished HTTP/1.1 GET http://localhost:5087/swagger/swagger-ui-bundle.js - 200 424767 text/javascript 27.3504ms
2025-11-04 18:12:02.490 +02:00 [INF] Request starting HTTP/1.1 GET http://localhost:5087/swagger/swagger-ui-standalone-preset.js - null null
2025-11-04 18:12:02.494 +02:00 [INF] Request starting HTTP/1.1 GET http://localhost:5087/swagger/index.js - null null
2025-11-04 18:12:02.497 +02:00 [INF] Request finished HTTP/1.1 GET http://localhost:5087/swagger/swagger-ui-standalone-preset.js - 200 77352 text/javascript 6.3308ms
2025-11-04 18:12:02.497 +02:00 [INF] Request finished HTTP/1.1 GET http://localhost:5087/swagger/index.js - 200 null application/javascript;charset=utf-8 3.1242ms
2025-11-04 18:12:02.707 +02:00 [INF] Request starting HTTP/1.1 GET http://localhost:5087/swagger/v1/swagger.json - null null
2025-11-04 18:12:02.913 +02:00 [INF] Request finished HTTP/1.1 GET http://localhost:5087/swagger/v1/swagger.json - 200 null application/json;charset=utf-8 206.1456ms
2025-11-04 18:29:57.424 +02:00 [INF] Request starting HTTP/1.1 POST http://localhost:5087/api/auth/login - application/json; charset=utf-8 null
2025-11-04 18:29:57.427 +02:00 [INF] Executing endpoint 'Xavissa.Backend.Controllers.AuthController.Login (Xavissa.Backend)'
2025-11-04 18:29:57.428 +02:00 [INF] Route matched with {action = "Login", controller = "Auth"}. Executing controller action with signature System.Threading.Tasks.Task`1[Microsoft.AspNetCore.Mvc.IActionResult] Login(Xavissa.Backend.Controllers.LoginRequest) on controller Xavissa.Backend.Controllers.AuthController (Xavissa.Backend).
2025-11-04 18:29:59.024 +02:00 [INF] Executed DbCommand (190ms) [Parameters=[@__username_0='?'], CommandType='"Text"', CommandTimeout='120']
SELECT u."Id", u."Code", u."Email", u."PasswordHash", u."Role", u."Username"
FROM "Users" AS u
WHERE u."Username" = @__username_0
LIMIT 1
2025-11-04 18:29:59.026 +02:00 [INF] Executing UnauthorizedObjectResult, writing value of type 'System.String'.
2025-11-04 18:29:59.028 +02:00 [INF] Executed action Xavissa.Backend.Controllers.AuthController.Login (Xavissa.Backend) in 1597.2627ms
2025-11-04 18:29:59.029 +02:00 [INF] Executed endpoint 'Xavissa.Backend.Controllers.AuthController.Login (Xavissa.Backend)'
2025-11-04 18:29:59.031 +02:00 [INF] Request finished HTTP/1.1 POST http://localhost:5087/api/auth/login - 401 null text/plain; charset=utf-8 1607.2159ms
2025-11-04 18:30:04.381 +02:00 [INF] Request starting HTTP/1.1 POST http://localhost:5087/api/auth/login - application/json; charset=utf-8 null
2025-11-04 18:30:04.385 +02:00 [INF] Executing endpoint 'Xavissa.Backend.Controllers.AuthController.Login (Xavissa.Backend)'
2025-11-04 18:30:04.386 +02:00 [INF] Route matched with {action = "Login", controller = "Auth"}. Executing controller action with signature System.Threading.Tasks.Task`1[Microsoft.AspNetCore.Mvc.IActionResult] Login(Xavissa.Backend.Controllers.LoginRequest) on controller Xavissa.Backend.Controllers.AuthController (Xavissa.Backend).
2025-11-04 18:30:04.583 +02:00 [INF] Executed DbCommand (193ms) [Parameters=[@__username_0='?'], CommandType='"Text"', CommandTimeout='120']
SELECT u."Id", u."Code", u."Email", u."PasswordHash", u."Role", u."Username"
FROM "Users" AS u
WHERE u."Username" = @__username_0
LIMIT 1
2025-11-04 18:30:04.586 +02:00 [INF] Executing UnauthorizedObjectResult, writing value of type 'System.String'.
2025-11-04 18:30:04.587 +02:00 [INF] Executed action Xavissa.Backend.Controllers.AuthController.Login (Xavissa.Backend) in 197.8879ms
2025-11-04 18:30:04.589 +02:00 [INF] Executed endpoint 'Xavissa.Backend.Controllers.AuthController.Login (Xavissa.Backend)'
2025-11-04 18:30:04.591 +02:00 [INF] Request finished HTTP/1.1 POST http://localhost:5087/api/auth/login - 401 null text/plain; charset=utf-8 210.138ms
2025-11-04 18:30:08.965 +02:00 [INF] Request starting HTTP/1.1 POST http://localhost:5087/api/auth/login - application/json; charset=utf-8 null
2025-11-04 18:30:08.968 +02:00 [INF] Executing endpoint 'Xavissa.Backend.Controllers.AuthController.Login (Xavissa.Backend)'
2025-11-04 18:30:08.969 +02:00 [INF] Route matched with {action = "Login", controller = "Auth"}. Executing controller action with signature System.Threading.Tasks.Task`1[Microsoft.AspNetCore.Mvc.IActionResult] Login(Xavissa.Backend.Controllers.LoginRequest) on controller Xavissa.Backend.Controllers.AuthController (Xavissa.Backend).
2025-11-04 18:30:09.159 +02:00 [INF] Executed DbCommand (186ms) [Parameters=[@__username_0='?'], CommandType='"Text"', CommandTimeout='120']
SELECT u."Id", u."Code", u."Email", u."PasswordHash", u."Role", u."Username"
FROM "Users" AS u
WHERE u."Username" = @__username_0
LIMIT 1
2025-11-04 18:30:09.161 +02:00 [INF] Executing UnauthorizedObjectResult, writing value of type 'System.String'.
2025-11-04 18:30:09.162 +02:00 [INF] Executed action Xavissa.Backend.Controllers.AuthController.Login (Xavissa.Backend) in 190.6227ms
2025-11-04 18:30:09.164 +02:00 [INF] Executed endpoint 'Xavissa.Backend.Controllers.AuthController.Login (Xavissa.Backend)'
2025-11-04 18:30:09.165 +02:00 [INF] Request finished HTTP/1.1 POST http://localhost:5087/api/auth/login - 401 null text/plain; charset=utf-8 200.9497ms
2025-11-04 18:30:24.588 +02:00 [INF] Request starting HTTP/1.1 POST http://localhost:5087/api/auth/login - application/json; charset=utf-8 null
2025-11-04 18:30:24.591 +02:00 [INF] Executing endpoint 'Xavissa.Backend.Controllers.AuthController.Login (Xavissa.Backend)'
2025-11-04 18:30:24.592 +02:00 [INF] Route matched with {action = "Login", controller = "Auth"}. Executing controller action with signature System.Threading.Tasks.Task`1[Microsoft.AspNetCore.Mvc.IActionResult] Login(Xavissa.Backend.Controllers.LoginRequest) on controller Xavissa.Backend.Controllers.AuthController (Xavissa.Backend).
2025-11-04 18:30:24.784 +02:00 [INF] Executed DbCommand (189ms) [Parameters=[@__username_0='?'], CommandType='"Text"', CommandTimeout='120']
SELECT u."Id", u."Code", u."Email", u."PasswordHash", u."Role", u."Username"
FROM "Users" AS u
WHERE u."Username" = @__username_0
LIMIT 1
2025-11-04 18:30:24.786 +02:00 [INF] Executing OkObjectResult, writing value of type '<>f__AnonymousType1`1[[System.String, System.Private.CoreLib, Version=9.0.0.0, Culture=neutral, PublicKeyToken=7cec85d7bea7798e]]'.
2025-11-04 18:30:24.788 +02:00 [INF] Executed action Xavissa.Backend.Controllers.AuthController.Login (Xavissa.Backend) in 193.8763ms
2025-11-04 18:30:24.790 +02:00 [INF] Executed endpoint 'Xavissa.Backend.Controllers.AuthController.Login (Xavissa.Backend)'
2025-11-04 18:30:24.791 +02:00 [INF] Request finished HTTP/1.1 POST http://localhost:5087/api/auth/login - 200 null application/json; charset=utf-8 203.0179ms
2025-11-04 18:30:24.794 +02:00 [INF] Request starting HTTP/1.1 GET http://localhost:5087/api/Product - null null
2025-11-04 18:30:24.794 +02:00 [INF] Request starting HTTP/1.1 GET http://localhost:5087/api/Product - null null
2025-11-04 18:30:24.798 +02:00 [INF] Executing endpoint 'Xavissa.Backend.Controllers.ProductController.GetAllProducts (Xavissa.Backend)'
2025-11-04 18:30:24.801 +02:00 [INF] Executing endpoint 'Xavissa.Backend.Controllers.ProductController.GetAllProducts (Xavissa.Backend)'
2025-11-04 18:30:24.802 +02:00 [INF] Route matched with {action = "GetAllProducts", controller = "Product"}. Executing controller action with signature Microsoft.AspNetCore.Mvc.IActionResult GetAllProducts() on controller Xavissa.Backend.Controllers.ProductController (Xavissa.Backend).
2025-11-04 18:30:24.803 +02:00 [INF] Request starting HTTP/1.1 GET http://localhost:5087/api/Product - null null
2025-11-04 18:30:24.804 +02:00 [INF] Route matched with {action = "GetAllProducts", controller = "Product"}. Executing controller action with signature Microsoft.AspNetCore.Mvc.IActionResult GetAllProducts() on controller Xavissa.Backend.Controllers.ProductController (Xavissa.Backend).
2025-11-04 18:30:24.809 +02:00 [INF] Executing endpoint 'Xavissa.Backend.Controllers.ProductController.GetAllProducts (Xavissa.Backend)'
2025-11-04 18:30:24.812 +02:00 [INF] Route matched with {action = "GetAllProducts", controller = "Product"}. Executing controller action with signature Microsoft.AspNetCore.Mvc.IActionResult GetAllProducts() on controller Xavissa.Backend.Controllers.ProductController (Xavissa.Backend).
2025-11-04 18:30:25.007 +02:00 [INF] Executed DbCommand (201ms) [Parameters=[], CommandType='"Text"', CommandTimeout='120']
SELECT p."Id", p."Barcode", p."Category", p."Code", p."Description", p."IsActive", p."LastModified", p."Name", p."Price", p."StockQuantity"
FROM "Products" AS p
2025-11-04 18:30:25.010 +02:00 [INF] Executing OkObjectResult, writing value of type 'System.Collections.Generic.List`1[[Xavissa.Database.Models.Product, Xavissa.Database, Version=1.0.0.0, Culture=neutral, PublicKeyToken=null]]'.
2025-11-04 18:30:25.012 +02:00 [INF] Executed action Xavissa.Backend.Controllers.ProductController.GetAllProducts (Xavissa.Backend) in 205.9594ms
2025-11-04 18:30:25.014 +02:00 [INF] Executed endpoint 'Xavissa.Backend.Controllers.ProductController.GetAllProducts (Xavissa.Backend)'
2025-11-04 18:30:25.015 +02:00 [INF] Request finished HTTP/1.1 GET http://localhost:5087/api/Product - 200 null application/json; charset=utf-8 221.4195ms
2025-11-04 18:30:26.149 +02:00 [INF] Executed DbCommand (191ms) [Parameters=[], CommandType='"Text"', CommandTimeout='120']
SELECT p."Id", p."Barcode", p."Category", p."Code", p."Description", p."IsActive", p."LastModified", p."Name", p."Price", p."StockQuantity"
FROM "Products" AS p
2025-11-04 18:30:26.152 +02:00 [INF] Executing OkObjectResult, writing value of type 'System.Collections.Generic.List`1[[Xavissa.Database.Models.Product, Xavissa.Database, Version=1.0.0.0, Culture=neutral, PublicKeyToken=null]]'.
2025-11-04 18:30:26.153 +02:00 [INF] Executed action Xavissa.Backend.Controllers.ProductController.GetAllProducts (Xavissa.Backend) in 1338.4997ms
2025-11-04 18:30:26.155 +02:00 [INF] Executed endpoint 'Xavissa.Backend.Controllers.ProductController.GetAllProducts (Xavissa.Backend)'
2025-11-04 18:30:26.156 +02:00 [INF] Request finished HTTP/1.1 GET http://localhost:5087/api/Product - 200 null application/json; charset=utf-8 1353.5061ms
2025-11-04 18:30:26.173 +02:00 [INF] Executed DbCommand (191ms) [Parameters=[], CommandType='"Text"', CommandTimeout='120']
SELECT p."Id", p."Barcode", p."Category", p."Code", p."Description", p."IsActive", p."LastModified", p."Name", p."Price", p."StockQuantity"
FROM "Products" AS p
2025-11-04 18:30:26.176 +02:00 [INF] Executing OkObjectResult, writing value of type 'System.Collections.Generic.List`1[[Xavissa.Database.Models.Product, Xavissa.Database, Version=1.0.0.0, Culture=neutral, PublicKeyToken=null]]'.
2025-11-04 18:30:26.177 +02:00 [INF] Executed action Xavissa.Backend.Controllers.ProductController.GetAllProducts (Xavissa.Backend) in 1366.5319ms
2025-11-04 18:30:26.179 +02:00 [INF] Executed endpoint 'Xavissa.Backend.Controllers.ProductController.GetAllProducts (Xavissa.Backend)'
2025-11-04 18:30:26.180 +02:00 [INF] Request finished HTTP/1.1 GET http://localhost:5087/api/Product - 200 null application/json; charset=utf-8 1386.1245ms
2025-11-04 18:30:58.349 +02:00 [INF] Request starting HTTP/1.1 POST http://localhost:5087/api/Sales - application/json; charset=utf-8 null
2025-11-04 18:30:58.353 +02:00 [INF] Executing endpoint 'Xavissa.Backend.Controllers.SalesController.Create (Xavissa.Backend)'
2025-11-04 18:30:58.354 +02:00 [INF] Route matched with {action = "Create", controller = "Sales"}. Executing controller action with signature System.Threading.Tasks.Task`1[Microsoft.AspNetCore.Mvc.ActionResult`1[Xavissa.Database.Models.Sale]] Create(Xavissa.Backend.DTOs.SaleCreateDto) on controller Xavissa.Backend.Controllers.SalesController (Xavissa.Backend).
2025-11-04 18:30:58.549 +02:00 [INF] Executed DbCommand (192ms) [Parameters=[@__productIds_0='?' (DbType = Object)], CommandType='"Text"', CommandTimeout='120']
SELECT p."Id", p."Barcode", p."Category", p."Code", p."Description", p."IsActive", p."LastModified", p."Name", p."Price", p."StockQuantity"
FROM "Products" AS p
WHERE p."Id" = ANY (@__productIds_0)
2025-11-04 18:30:58.765 +02:00 [INF] Executed DbCommand (211ms) [Parameters=[@p1='?' (DbType = Int32), @p0='?' (DbType = Int32), @p3='?' (DbType = Int32), @p2='?' (DbType = Int32), @p5='?' (DbType = Int32), @p4='?' (DbType = Int32), @p6='?' (DbType = Decimal), @p7='?', @p8='?' (DbType = Decimal), @p9='?' (DbType = Boolean), @p10='?' (DbType = DateTime), @p11='?', @p12='?', @p13='?', @p14='?' (DbType = DateTime), @p15='?' (DbType = Decimal), @p16='?' (DbType = Int32)], CommandType='"Text"', CommandTimeout='120']
UPDATE "Products" SET "StockQuantity" = @p0
WHERE "Id" = @p1;
UPDATE "Products" SET "StockQuantity" = @p2
WHERE "Id" = @p3;
UPDATE "Products" SET "StockQuantity" = @p4
WHERE "Id" = @p5;
INSERT INTO "Sales" ("AmountPaid", "Code", "Discount", "IsRefunded", "LastModified", "PaymentMethod", "ReceiptNumber", "RefundReason", "SaleDate", "TotalAmount", "UserId")
VALUES (@p6, @p7, @p8, @p9, @p10, @p11, @p12, @p13, @p14, @p15, @p16)
RETURNING "Id";
2025-11-04 18:30:59.005 +02:00 [INF] Executed DbCommand (237ms) [Parameters=[@p17='?' (DbType = DateTime), @p18='?' (DbType = Int32), @p19='?' (DbType = Int32), @p20='?' (DbType = Int32), @p21='?' (DbType = Int32), @p22='?' (DbType = Decimal), @p23='?' (DbType = DateTime), @p24='?' (DbType = Int32), @p25='?' (DbType = Int32), @p26='?' (DbType = Int32), @p27='?' (DbType = Int32), @p28='?' (DbType = Decimal), @p29='?' (DbType = DateTime), @p30='?' (DbType = Int32), @p31='?' (DbType = Int32), @p32='?' (DbType = Int32), @p33='?' (DbType = Int32), @p34='?' (DbType = Decimal)], CommandType='"Text"', CommandTimeout='120']
INSERT INTO "SaleItems" ("LastModified", "ProductCategory", "ProductId", "Quantity", "SaleId", "UnitPrice")
VALUES (@p17, @p18, @p19, @p20, @p21, @p22)
RETURNING "Id";
INSERT INTO "SaleItems" ("LastModified", "ProductCategory", "ProductId", "Quantity", "SaleId", "UnitPrice")
VALUES (@p23, @p24, @p25, @p26, @p27, @p28)
RETURNING "Id";
INSERT INTO "SaleItems" ("LastModified", "ProductCategory", "ProductId", "Quantity", "SaleId", "UnitPrice")
VALUES (@p29, @p30, @p31, @p32, @p33, @p34)
RETURNING "Id";
2025-11-04 18:30:59.201 +02:00 [INF] Executing CreatedAtActionResult, writing value of type 'Xavissa.Database.Models.Sale'.
2025-11-04 18:30:59.203 +02:00 [INF] Executed action Xavissa.Backend.Controllers.SalesController.Create (Xavissa.Backend) in 846.5895ms
2025-11-04 18:30:59.204 +02:00 [INF] Executed endpoint 'Xavissa.Backend.Controllers.SalesController.Create (Xavissa.Backend)'
2025-11-04 18:30:59.205 +02:00 [INF] Request finished HTTP/1.1 POST http://localhost:5087/api/Sales - 201 null application/json; charset=utf-8 855.7747ms
2025-11-04 18:35:49.883 +02:00 [INF] Request starting HTTP/1.1 GET http://localhost:5087/api/sales - null null
2025-11-04 18:35:49.884 +02:00 [INF] Request starting HTTP/1.1 GET http://localhost:5087/api/sales - null null
2025-11-04 18:35:49.887 +02:00 [INF] Executing endpoint 'Xavissa.Backend.Controllers.SalesController.GetAll (Xavissa.Backend)'
2025-11-04 18:35:49.889 +02:00 [INF] Executing endpoint 'Xavissa.Backend.Controllers.SalesController.GetAll (Xavissa.Backend)'
2025-11-04 18:35:49.891 +02:00 [INF] Route matched with {action = "GetAll", controller = "Sales"}. Executing controller action with signature System.Threading.Tasks.Task`1[Microsoft.AspNetCore.Mvc.ActionResult`1[System.Collections.Generic.List`1[Xavissa.Database.Models.Sale]]] GetAll() on controller Xavissa.Backend.Controllers.SalesController (Xavissa.Backend).
2025-11-04 18:35:49.893 +02:00 [INF] Route matched with {action = "GetAll", controller = "Sales"}. Executing controller action with signature System.Threading.Tasks.Task`1[Microsoft.AspNetCore.Mvc.ActionResult`1[System.Collections.Generic.List`1[Xavissa.Database.Models.Sale]]] GetAll() on controller Xavissa.Backend.Controllers.SalesController (Xavissa.Backend).
2025-11-04 18:35:51.289 +02:00 [INF] Executed DbCommand (194ms) [Parameters=[], CommandType='"Text"', CommandTimeout='120']
SELECT s."Id", s."AmountPaid", s."Code", s."Discount", s."IsRefunded", s."LastModified", s."PaymentMethod", s."ReceiptNumber", s."RefundReason", s."SaleDate", s."TotalAmount", s."UserId", u."Id", s1."Id", s1."LastModified", s1."ProductCategory", s1."ProductId", s1."Quantity", s1."SaleId", s1."UnitPrice", s1."Id0", s1."Barcode", s1."Category", s1."Code", s1."Description", s1."IsActive", s1."LastModified0", s1."Name", s1."Price", s1."StockQuantity", u."Code", u."Email", u."PasswordHash", u."Role", u."Username"
FROM "Sales" AS s
LEFT JOIN "Users" AS u ON s."UserId" = u."Id"
LEFT JOIN (
    SELECT s0."Id", s0."LastModified", s0."ProductCategory", s0."ProductId", s0."Quantity", s0."SaleId", s0."UnitPrice", p."Id" AS "Id0", p."Barcode", p."Category", p."Code", p."Description", p."IsActive", p."LastModified" AS "LastModified0", p."Name", p."Price", p."StockQuantity"
    FROM "SaleItems" AS s0
    INNER JOIN "Products" AS p ON s0."ProductId" = p."Id"
) AS s1 ON s."Id" = s1."SaleId"
ORDER BY s."SaleDate" DESC, s."Id", u."Id", s1."Id"
2025-11-04 18:35:51.289 +02:00 [INF] Executed DbCommand (194ms) [Parameters=[], CommandType='"Text"', CommandTimeout='120']
SELECT s."Id", s."AmountPaid", s."Code", s."Discount", s."IsRefunded", s."LastModified", s."PaymentMethod", s."ReceiptNumber", s."RefundReason", s."SaleDate", s."TotalAmount", s."UserId", u."Id", s1."Id", s1."LastModified", s1."ProductCategory", s1."ProductId", s1."Quantity", s1."SaleId", s1."UnitPrice", s1."Id0", s1."Barcode", s1."Category", s1."Code", s1."Description", s1."IsActive", s1."LastModified0", s1."Name", s1."Price", s1."StockQuantity", u."Code", u."Email", u."PasswordHash", u."Role", u."Username"
FROM "Sales" AS s
LEFT JOIN "Users" AS u ON s."UserId" = u."Id"
LEFT JOIN (
    SELECT s0."Id", s0."LastModified", s0."ProductCategory", s0."ProductId", s0."Quantity", s0."SaleId", s0."UnitPrice", p."Id" AS "Id0", p."Barcode", p."Category", p."Code", p."Description", p."IsActive", p."LastModified" AS "LastModified0", p."Name", p."Price", p."StockQuantity"
    FROM "SaleItems" AS s0
    INNER JOIN "Products" AS p ON s0."ProductId" = p."Id"
) AS s1 ON s."Id" = s1."SaleId"
ORDER BY s."SaleDate" DESC, s."Id", u."Id", s1."Id"
2025-11-04 18:35:51.479 +02:00 [INF] Executing OkObjectResult, writing value of type 'System.Collections.Generic.List`1[[Xavissa.Database.Models.Sale, Xavissa.Database, Version=1.0.0.0, Culture=neutral, PublicKeyToken=null]]'.
2025-11-04 18:35:51.479 +02:00 [INF] Executing OkObjectResult, writing value of type 'System.Collections.Generic.List`1[[Xavissa.Database.Models.Sale, Xavissa.Database, Version=1.0.0.0, Culture=neutral, PublicKeyToken=null]]'.
2025-11-04 18:35:51.485 +02:00 [INF] Executed action Xavissa.Backend.Controllers.SalesController.GetAll (Xavissa.Backend) in 1589.4566ms
2025-11-04 18:35:51.487 +02:00 [INF] Executed endpoint 'Xavissa.Backend.Controllers.SalesController.GetAll (Xavissa.Backend)'
2025-11-04 18:35:51.487 +02:00 [INF] Executed action Xavissa.Backend.Controllers.SalesController.GetAll (Xavissa.Backend) in 1588.8514ms
2025-11-04 18:35:51.489 +02:00 [INF] Request finished HTTP/1.1 GET http://localhost:5087/api/sales - 200 null application/json; charset=utf-8 1605.4274ms
2025-11-04 18:35:51.490 +02:00 [INF] Executed endpoint 'Xavissa.Backend.Controllers.SalesController.GetAll (Xavissa.Backend)'
2025-11-04 18:35:51.495 +02:00 [INF] Request finished HTTP/1.1 GET http://localhost:5087/api/sales - 200 null application/json; charset=utf-8 1611.7189ms
2025-11-04 18:36:19.354 +02:00 [INF] Request starting HTTP/1.1 GET http://localhost:5087/api/Product - null null
2025-11-04 18:36:19.354 +02:00 [INF] Request starting HTTP/1.1 GET http://localhost:5087/api/Product - null null
2025-11-04 18:36:19.357 +02:00 [INF] Executing endpoint 'Xavissa.Backend.Controllers.ProductController.GetAllProducts (Xavissa.Backend)'
2025-11-04 18:36:19.359 +02:00 [INF] Executing endpoint 'Xavissa.Backend.Controllers.ProductController.GetAllProducts (Xavissa.Backend)'
2025-11-04 18:36:19.360 +02:00 [INF] Route matched with {action = "GetAllProducts", controller = "Product"}. Executing controller action with signature Microsoft.AspNetCore.Mvc.IActionResult GetAllProducts() on controller Xavissa.Backend.Controllers.ProductController (Xavissa.Backend).
2025-11-04 18:36:19.362 +02:00 [INF] Route matched with {action = "GetAllProducts", controller = "Product"}. Executing controller action with signature Microsoft.AspNetCore.Mvc.IActionResult GetAllProducts() on controller Xavissa.Backend.Controllers.ProductController (Xavissa.Backend).
2025-11-04 18:36:19.552 +02:00 [INF] Executed DbCommand (186ms) [Parameters=[], CommandType='"Text"', CommandTimeout='120']
SELECT p."Id", p."Barcode", p."Category", p."Code", p."Description", p."IsActive", p."LastModified", p."Name", p."Price", p."StockQuantity"
FROM "Products" AS p
2025-11-04 18:36:19.554 +02:00 [INF] Executing OkObjectResult, writing value of type 'System.Collections.Generic.List`1[[Xavissa.Database.Models.Product, Xavissa.Database, Version=1.0.0.0, Culture=neutral, PublicKeyToken=null]]'.
2025-11-04 18:36:19.556 +02:00 [INF] Executed action Xavissa.Backend.Controllers.ProductController.GetAllProducts (Xavissa.Backend) in 190.8216ms
2025-11-04 18:36:19.556 +02:00 [INF] Executed DbCommand (188ms) [Parameters=[], CommandType='"Text"', CommandTimeout='120']
SELECT p."Id", p."Barcode", p."Category", p."Code", p."Description", p."IsActive", p."LastModified", p."Name", p."Price", p."StockQuantity"
FROM "Products" AS p
2025-11-04 18:36:19.557 +02:00 [INF] Executed endpoint 'Xavissa.Backend.Controllers.ProductController.GetAllProducts (Xavissa.Backend)'
2025-11-04 18:36:19.560 +02:00 [INF] Executing OkObjectResult, writing value of type 'System.Collections.Generic.List`1[[Xavissa.Database.Models.Product, Xavissa.Database, Version=1.0.0.0, Culture=neutral, PublicKeyToken=null]]'.
2025-11-04 18:36:19.562 +02:00 [INF] Request finished HTTP/1.1 GET http://localhost:5087/api/Product - 200 null application/json; charset=utf-8 207.9569ms
2025-11-04 18:36:19.564 +02:00 [INF] Executed action Xavissa.Backend.Controllers.ProductController.GetAllProducts (Xavissa.Backend) in 196.3436ms
2025-11-04 18:36:19.568 +02:00 [INF] Executed endpoint 'Xavissa.Backend.Controllers.ProductController.GetAllProducts (Xavissa.Backend)'
2025-11-04 18:36:19.570 +02:00 [INF] Request finished HTTP/1.1 GET http://localhost:5087/api/Product - 200 null application/json; charset=utf-8 215.5436ms
2025-11-04 19:47:24.123 +02:00 [INF] Request starting HTTP/1.1 POST http://localhost:5087/api/auth/login - application/json; charset=utf-8 null
2025-11-04 19:47:24.126 +02:00 [INF] Executing endpoint 'Xavissa.Backend.Controllers.AuthController.Login (Xavissa.Backend)'
2025-11-04 19:47:24.127 +02:00 [INF] Route matched with {action = "Login", controller = "Auth"}. Executing controller action with signature System.Threading.Tasks.Task`1[Microsoft.AspNetCore.Mvc.IActionResult] Login(Xavissa.Backend.Controllers.LoginRequest) on controller Xavissa.Backend.Controllers.AuthController (Xavissa.Backend).
2025-11-04 19:47:25.730 +02:00 [INF] Executed DbCommand (249ms) [Parameters=[@__username_0='?'], CommandType='"Text"', CommandTimeout='120']
SELECT u."Id", u."Code", u."Email", u."PasswordHash", u."Role", u."Username"
FROM "Users" AS u
WHERE u."Username" = @__username_0
LIMIT 1
2025-11-04 19:47:25.733 +02:00 [INF] Executing OkObjectResult, writing value of type '<>f__AnonymousType1`1[[System.String, System.Private.CoreLib, Version=9.0.0.0, Culture=neutral, PublicKeyToken=7cec85d7bea7798e]]'.
2025-11-04 19:47:25.734 +02:00 [INF] Executed action Xavissa.Backend.Controllers.AuthController.Login (Xavissa.Backend) in 1604.6793ms
2025-11-04 19:47:25.736 +02:00 [INF] Executed endpoint 'Xavissa.Backend.Controllers.AuthController.Login (Xavissa.Backend)'
2025-11-04 19:47:25.737 +02:00 [INF] Request finished HTTP/1.1 POST http://localhost:5087/api/auth/login - 200 null application/json; charset=utf-8 1614.5181ms
2025-11-04 19:47:25.781 +02:00 [INF] Request starting HTTP/1.1 GET http://localhost:5087/api/Product - null null
2025-11-04 19:47:25.784 +02:00 [INF] Executing endpoint 'Xavissa.Backend.Controllers.ProductController.GetAllProducts (Xavissa.Backend)'
2025-11-04 19:47:25.785 +02:00 [INF] Route matched with {action = "GetAllProducts", controller = "Product"}. Executing controller action with signature Microsoft.AspNetCore.Mvc.IActionResult GetAllProducts() on controller Xavissa.Backend.Controllers.ProductController (Xavissa.Backend).
2025-11-04 19:47:26.032 +02:00 [INF] Executed DbCommand (245ms) [Parameters=[], CommandType='"Text"', CommandTimeout='120']
SELECT p."Id", p."Barcode", p."Category", p."Code", p."Description", p."IsActive", p."LastModified", p."Name", p."Price", p."StockQuantity"
FROM "Products" AS p
2025-11-04 19:47:26.035 +02:00 [INF] Request starting HTTP/1.1 GET http://localhost:5087/api/Product - null null
2025-11-04 19:47:26.035 +02:00 [INF] Executing OkObjectResult, writing value of type 'System.Collections.Generic.List`1[[Xavissa.Database.Models.Product, Xavissa.Database, Version=1.0.0.0, Culture=neutral, PublicKeyToken=null]]'.
2025-11-04 19:47:26.038 +02:00 [INF] Executing endpoint 'Xavissa.Backend.Controllers.ProductController.GetAllProducts (Xavissa.Backend)'
2025-11-04 19:47:26.040 +02:00 [INF] Executed action Xavissa.Backend.Controllers.ProductController.GetAllProducts (Xavissa.Backend) in 253.0401ms
2025-11-04 19:47:26.041 +02:00 [INF] Route matched with {action = "GetAllProducts", controller = "Product"}. Executing controller action with signature Microsoft.AspNetCore.Mvc.IActionResult GetAllProducts() on controller Xavissa.Backend.Controllers.ProductController (Xavissa.Backend).
2025-11-04 19:47:26.042 +02:00 [INF] Executed endpoint 'Xavissa.Backend.Controllers.ProductController.GetAllProducts (Xavissa.Backend)'
2025-11-04 19:47:26.046 +02:00 [INF] Request finished HTTP/1.1 GET http://localhost:5087/api/Product - 200 null application/json; charset=utf-8 264.6322ms
2025-11-04 19:47:26.130 +02:00 [INF] Request starting HTTP/1.1 GET http://localhost:5087/api/Product - null null
2025-11-04 19:47:26.133 +02:00 [INF] Executing endpoint 'Xavissa.Backend.Controllers.ProductController.GetAllProducts (Xavissa.Backend)'
2025-11-04 19:47:26.135 +02:00 [INF] Route matched with {action = "GetAllProducts", controller = "Product"}. Executing controller action with signature Microsoft.AspNetCore.Mvc.IActionResult GetAllProducts() on controller Xavissa.Backend.Controllers.ProductController (Xavissa.Backend).
2025-11-04 19:47:26.257 +02:00 [INF] Executed DbCommand (212ms) [Parameters=[], CommandType='"Text"', CommandTimeout='120']
SELECT p."Id", p."Barcode", p."Category", p."Code", p."Description", p."IsActive", p."LastModified", p."Name", p."Price", p."StockQuantity"
FROM "Products" AS p
2025-11-04 19:47:26.260 +02:00 [INF] Executing OkObjectResult, writing value of type 'System.Collections.Generic.List`1[[Xavissa.Database.Models.Product, Xavissa.Database, Version=1.0.0.0, Culture=neutral, PublicKeyToken=null]]'.
2025-11-04 19:47:26.262 +02:00 [INF] Executed action Xavissa.Backend.Controllers.ProductController.GetAllProducts (Xavissa.Backend) in 217.1275ms
2025-11-04 19:47:26.263 +02:00 [INF] Executed endpoint 'Xavissa.Backend.Controllers.ProductController.GetAllProducts (Xavissa.Backend)'
2025-11-04 19:47:26.265 +02:00 [INF] Request finished HTTP/1.1 GET http://localhost:5087/api/Product - 200 null application/json; charset=utf-8 229.7281ms
2025-11-04 19:47:27.539 +02:00 [INF] Executed DbCommand (199ms) [Parameters=[], CommandType='"Text"', CommandTimeout='120']
SELECT p."Id", p."Barcode", p."Category", p."Code", p."Description", p."IsActive", p."LastModified", p."Name", p."Price", p."StockQuantity"
FROM "Products" AS p
2025-11-04 19:47:27.541 +02:00 [INF] Executing OkObjectResult, writing value of type 'System.Collections.Generic.List`1[[Xavissa.Database.Models.Product, Xavissa.Database, Version=1.0.0.0, Culture=neutral, PublicKeyToken=null]]'.
2025-11-04 19:47:27.543 +02:00 [INF] Executed action Xavissa.Backend.Controllers.ProductController.GetAllProducts (Xavissa.Backend) in 1405.8684ms
2025-11-04 19:47:27.544 +02:00 [INF] Executed endpoint 'Xavissa.Backend.Controllers.ProductController.GetAllProducts (Xavissa.Backend)'
2025-11-04 19:47:27.546 +02:00 [INF] Request finished HTTP/1.1 GET http://localhost:5087/api/Product - 200 null application/json; charset=utf-8 1415.2074ms
2025-11-04 19:54:42.469 +02:00 [INF] Request starting HTTP/1.1 POST http://localhost:5087/api/auth/login - application/json; charset=utf-8 null
2025-11-04 19:54:42.472 +02:00 [INF] Executing endpoint 'Xavissa.Backend.Controllers.AuthController.Login (Xavissa.Backend)'
2025-11-04 19:54:42.473 +02:00 [INF] Route matched with {action = "Login", controller = "Auth"}. Executing controller action with signature System.Threading.Tasks.Task`1[Microsoft.AspNetCore.Mvc.IActionResult] Login(Xavissa.Backend.Controllers.LoginRequest) on controller Xavissa.Backend.Controllers.AuthController (Xavissa.Backend).
2025-11-04 19:54:44.118 +02:00 [INF] Executed DbCommand (220ms) [Parameters=[@__username_0='?'], CommandType='"Text"', CommandTimeout='120']
SELECT u."Id", u."Code", u."Email", u."PasswordHash", u."Role", u."Username"
FROM "Users" AS u
WHERE u."Username" = @__username_0
LIMIT 1
2025-11-04 19:54:44.121 +02:00 [INF] Executing OkObjectResult, writing value of type '<>f__AnonymousType1`1[[System.String, System.Private.CoreLib, Version=9.0.0.0, Culture=neutral, PublicKeyToken=7cec85d7bea7798e]]'.
2025-11-04 19:54:44.123 +02:00 [INF] Executed action Xavissa.Backend.Controllers.AuthController.Login (Xavissa.Backend) in 1647.279ms
2025-11-04 19:54:44.124 +02:00 [INF] Executed endpoint 'Xavissa.Backend.Controllers.AuthController.Login (Xavissa.Backend)'
2025-11-04 19:54:44.126 +02:00 [INF] Request finished HTTP/1.1 POST http://localhost:5087/api/auth/login - 200 null application/json; charset=utf-8 1656.642ms
2025-11-04 19:54:44.168 +02:00 [INF] Request starting HTTP/1.1 GET http://localhost:5087/api/Product - null null
2025-11-04 19:54:44.172 +02:00 [INF] Executing endpoint 'Xavissa.Backend.Controllers.ProductController.GetAllProducts (Xavissa.Backend)'
2025-11-04 19:54:44.173 +02:00 [INF] Route matched with {action = "GetAllProducts", controller = "Product"}. Executing controller action with signature Microsoft.AspNetCore.Mvc.IActionResult GetAllProducts() on controller Xavissa.Backend.Controllers.ProductController (Xavissa.Backend).
2025-11-04 19:54:44.208 +02:00 [INF] Request starting HTTP/1.1 GET http://localhost:5087/api/Product - null null
2025-11-04 19:54:44.210 +02:00 [INF] Executing endpoint 'Xavissa.Backend.Controllers.ProductController.GetAllProducts (Xavissa.Backend)'
2025-11-04 19:54:44.211 +02:00 [INF] Route matched with {action = "GetAllProducts", controller = "Product"}. Executing controller action with signature Microsoft.AspNetCore.Mvc.IActionResult GetAllProducts() on controller Xavissa.Backend.Controllers.ProductController (Xavissa.Backend).
2025-11-04 19:54:44.233 +02:00 [INF] Request starting HTTP/1.1 GET http://localhost:5087/api/Product - null null
2025-11-04 19:54:44.236 +02:00 [INF] Executing endpoint 'Xavissa.Backend.Controllers.ProductController.GetAllProducts (Xavissa.Backend)'
2025-11-04 19:54:44.237 +02:00 [INF] Route matched with {action = "GetAllProducts", controller = "Product"}. Executing controller action with signature Microsoft.AspNetCore.Mvc.IActionResult GetAllProducts() on controller Xavissa.Backend.Controllers.ProductController (Xavissa.Backend).
2025-11-04 19:54:44.378 +02:00 [INF] Executed DbCommand (202ms) [Parameters=[], CommandType='"Text"', CommandTimeout='120']
SELECT p."Id", p."Barcode", p."Category", p."Code", p."Description", p."IsActive", p."LastModified", p."Name", p."Price", p."StockQuantity"
FROM "Products" AS p
2025-11-04 19:54:44.381 +02:00 [INF] Executing OkObjectResult, writing value of type 'System.Collections.Generic.List`1[[Xavissa.Database.Models.Product, Xavissa.Database, Version=1.0.0.0, Culture=neutral, PublicKeyToken=null]]'.
2025-11-04 19:54:44.382 +02:00 [INF] Executed action Xavissa.Backend.Controllers.ProductController.GetAllProducts (Xavissa.Backend) in 207.211ms
2025-11-04 19:54:44.384 +02:00 [INF] Executed endpoint 'Xavissa.Backend.Controllers.ProductController.GetAllProducts (Xavissa.Backend)'
2025-11-04 19:54:44.386 +02:00 [INF] Request finished HTTP/1.1 GET http://localhost:5087/api/Product - 200 null application/json; charset=utf-8 217.8272ms
2025-11-04 19:54:45.654 +02:00 [INF] Executed DbCommand (207ms) [Parameters=[], CommandType='"Text"', CommandTimeout='120']
SELECT p."Id", p."Barcode", p."Category", p."Code", p."Description", p."IsActive", p."LastModified", p."Name", p."Price", p."StockQuantity"
FROM "Products" AS p
2025-11-04 19:54:45.656 +02:00 [INF] Executing OkObjectResult, writing value of type 'System.Collections.Generic.List`1[[Xavissa.Database.Models.Product, Xavissa.Database, Version=1.0.0.0, Culture=neutral, PublicKeyToken=null]]'.
2025-11-04 19:54:45.657 +02:00 [INF] Executed action Xavissa.Backend.Controllers.ProductController.GetAllProducts (Xavissa.Backend) in 1443.7453ms
2025-11-04 19:54:45.659 +02:00 [INF] Executed endpoint 'Xavissa.Backend.Controllers.ProductController.GetAllProducts (Xavissa.Backend)'
2025-11-04 19:54:45.660 +02:00 [INF] Request finished HTTP/1.1 GET http://localhost:5087/api/Product - 200 null application/json; charset=utf-8 1452.6849ms
2025-11-04 19:54:45.681 +02:00 [INF] Executed DbCommand (206ms) [Parameters=[], CommandType='"Text"', CommandTimeout='120']
SELECT p."Id", p."Barcode", p."Category", p."Code", p."Description", p."IsActive", p."LastModified", p."Name", p."Price", p."StockQuantity"
FROM "Products" AS p
2025-11-04 19:54:45.683 +02:00 [INF] Executing OkObjectResult, writing value of type 'System.Collections.Generic.List`1[[Xavissa.Database.Models.Product, Xavissa.Database, Version=1.0.0.0, Culture=neutral, PublicKeyToken=null]]'.
2025-11-04 19:54:45.685 +02:00 [INF] Executed action Xavissa.Backend.Controllers.ProductController.GetAllProducts (Xavissa.Backend) in 1444.9807ms
2025-11-04 19:54:45.686 +02:00 [INF] Executed endpoint 'Xavissa.Backend.Controllers.ProductController.GetAllProducts (Xavissa.Backend)'
2025-11-04 19:54:45.687 +02:00 [INF] Request finished HTTP/1.1 GET http://localhost:5087/api/Product - 200 null application/json; charset=utf-8 1454.2383ms
2025-11-04 20:32:56.066 +02:00 [INF] Request starting HTTP/1.1 POST http://localhost:5087/api/auth/login - application/json; charset=utf-8 null
2025-11-04 20:32:56.070 +02:00 [INF] Executing endpoint 'Xavissa.Backend.Controllers.AuthController.Login (Xavissa.Backend)'
2025-11-04 20:32:56.071 +02:00 [INF] Route matched with {action = "Login", controller = "Auth"}. Executing controller action with signature System.Threading.Tasks.Task`1[Microsoft.AspNetCore.Mvc.IActionResult] Login(Xavissa.Backend.Controllers.LoginRequest) on controller Xavissa.Backend.Controllers.AuthController (Xavissa.Backend).
2025-11-04 20:32:57.472 +02:00 [INF] Executed DbCommand (191ms) [Parameters=[@__username_0='?'], CommandType='"Text"', CommandTimeout='120']
SELECT u."Id", u."Code", u."Email", u."PasswordHash", u."Role", u."Username"
FROM "Users" AS u
WHERE u."Username" = @__username_0
LIMIT 1
2025-11-04 20:32:57.476 +02:00 [INF] Executing OkObjectResult, writing value of type '<>f__AnonymousType1`1[[System.String, System.Private.CoreLib, Version=9.0.0.0, Culture=neutral, PublicKeyToken=7cec85d7bea7798e]]'.
2025-11-04 20:32:57.478 +02:00 [INF] Executed action Xavissa.Backend.Controllers.AuthController.Login (Xavissa.Backend) in 1404.2656ms
2025-11-04 20:32:57.480 +02:00 [INF] Executed endpoint 'Xavissa.Backend.Controllers.AuthController.Login (Xavissa.Backend)'
2025-11-04 20:32:57.481 +02:00 [INF] Request finished HTTP/1.1 POST http://localhost:5087/api/auth/login - 200 null application/json; charset=utf-8 1414.5915ms
2025-11-04 20:32:57.526 +02:00 [INF] Request starting HTTP/1.1 GET http://localhost:5087/api/Product - null null
2025-11-04 20:32:57.529 +02:00 [INF] Executing endpoint 'Xavissa.Backend.Controllers.ProductController.GetAllProducts (Xavissa.Backend)'
2025-11-04 20:32:57.530 +02:00 [INF] Route matched with {action = "GetAllProducts", controller = "Product"}. Executing controller action with signature Microsoft.AspNetCore.Mvc.IActionResult GetAllProducts() on controller Xavissa.Backend.Controllers.ProductController (Xavissa.Backend).
2025-11-04 20:32:57.571 +02:00 [INF] Request starting HTTP/1.1 GET http://localhost:5087/api/Product - null null
2025-11-04 20:32:57.574 +02:00 [INF] Executing endpoint 'Xavissa.Backend.Controllers.ProductController.GetAllProducts (Xavissa.Backend)'
2025-11-04 20:32:57.575 +02:00 [INF] Route matched with {action = "GetAllProducts", controller = "Product"}. Executing controller action with signature Microsoft.AspNetCore.Mvc.IActionResult GetAllProducts() on controller Xavissa.Backend.Controllers.ProductController (Xavissa.Backend).
2025-11-04 20:32:57.597 +02:00 [INF] Request starting HTTP/1.1 GET http://localhost:5087/api/Product - null null
2025-11-04 20:32:57.601 +02:00 [INF] Executing endpoint 'Xavissa.Backend.Controllers.ProductController.GetAllProducts (Xavissa.Backend)'
2025-11-04 20:32:57.602 +02:00 [INF] Route matched with {action = "GetAllProducts", controller = "Product"}. Executing controller action with signature Microsoft.AspNetCore.Mvc.IActionResult GetAllProducts() on controller Xavissa.Backend.Controllers.ProductController (Xavissa.Backend).
2025-11-04 20:32:57.726 +02:00 [INF] Executed DbCommand (193ms) [Parameters=[], CommandType='"Text"', CommandTimeout='120']
SELECT p."Id", p."Barcode", p."Category", p."Code", p."Description", p."IsActive", p."LastModified", p."Name", p."Price", p."StockQuantity"
FROM "Products" AS p
2025-11-04 20:32:57.729 +02:00 [INF] Executing OkObjectResult, writing value of type 'System.Collections.Generic.List`1[[Xavissa.Database.Models.Product, Xavissa.Database, Version=1.0.0.0, Culture=neutral, PublicKeyToken=null]]'.
2025-11-04 20:32:57.730 +02:00 [INF] Executed action Xavissa.Backend.Controllers.ProductController.GetAllProducts (Xavissa.Backend) in 198.4459ms
2025-11-04 20:32:57.732 +02:00 [INF] Executed endpoint 'Xavissa.Backend.Controllers.ProductController.GetAllProducts (Xavissa.Backend)'
2025-11-04 20:32:57.733 +02:00 [INF] Request finished HTTP/1.1 GET http://localhost:5087/api/Product - 200 null application/json; charset=utf-8 207.2063ms
2025-11-04 20:32:58.938 +02:00 [INF] Executed DbCommand (187ms) [Parameters=[], CommandType='"Text"', CommandTimeout='120']
SELECT p."Id", p."Barcode", p."Category", p."Code", p."Description", p."IsActive", p."LastModified", p."Name", p."Price", p."StockQuantity"
FROM "Products" AS p
2025-11-04 20:32:58.941 +02:00 [INF] Executing OkObjectResult, writing value of type 'System.Collections.Generic.List`1[[Xavissa.Database.Models.Product, Xavissa.Database, Version=1.0.0.0, Culture=neutral, PublicKeyToken=null]]'.
2025-11-04 20:32:58.942 +02:00 [INF] Executed action Xavissa.Backend.Controllers.ProductController.GetAllProducts (Xavissa.Backend) in 1364.531ms
2025-11-04 20:32:58.944 +02:00 [INF] Executed endpoint 'Xavissa.Backend.Controllers.ProductController.GetAllProducts (Xavissa.Backend)'
2025-11-04 20:32:58.945 +02:00 [INF] Request finished HTTP/1.1 GET http://localhost:5087/api/Product - 200 null application/json; charset=utf-8 1373.7774ms
2025-11-04 20:32:58.948 +02:00 [INF] Executed DbCommand (187ms) [Parameters=[], CommandType='"Text"', CommandTimeout='120']
SELECT p."Id", p."Barcode", p."Category", p."Code", p."Description", p."IsActive", p."LastModified", p."Name", p."Price", p."StockQuantity"
FROM "Products" AS p
2025-11-04 20:32:58.953 +02:00 [INF] Executing OkObjectResult, writing value of type 'System.Collections.Generic.List`1[[Xavissa.Database.Models.Product, Xavissa.Database, Version=1.0.0.0, Culture=neutral, PublicKeyToken=null]]'.
2025-11-04 20:32:58.954 +02:00 [INF] Executed action Xavissa.Backend.Controllers.ProductController.GetAllProducts (Xavissa.Backend) in 1350.1883ms
2025-11-04 20:32:58.956 +02:00 [INF] Executed endpoint 'Xavissa.Backend.Controllers.ProductController.GetAllProducts (Xavissa.Backend)'
2025-11-04 20:32:58.957 +02:00 [INF] Request finished HTTP/1.1 GET http://localhost:5087/api/Product - 200 null application/json; charset=utf-8 1360.2464ms
2025-11-04 22:00:23.436 +02:00 [INF] Request starting HTTP/1.1 POST http://localhost:5087/api/Sales - application/json; charset=utf-8 null
2025-11-04 22:00:23.439 +02:00 [INF] Executing endpoint 'Xavissa.Backend.Controllers.SalesController.Create (Xavissa.Backend)'
2025-11-04 22:00:23.441 +02:00 [INF] Route matched with {action = "Create", controller = "Sales"}. Executing controller action with signature System.Threading.Tasks.Task`1[Microsoft.AspNetCore.Mvc.ActionResult`1[Xavissa.Database.Models.Sale]] Create(Xavissa.Backend.DTOs.SaleCreateDto) on controller Xavissa.Backend.Controllers.SalesController (Xavissa.Backend).
2025-11-04 22:00:24.982 +02:00 [INF] Executed DbCommand (240ms) [Parameters=[@__productIds_0='?' (DbType = Object)], CommandType='"Text"', CommandTimeout='120']
SELECT p."Id", p."Barcode", p."Category", p."Code", p."Description", p."IsActive", p."LastModified", p."Name", p."Price", p."StockQuantity"
FROM "Products" AS p
WHERE p."Id" = ANY (@__productIds_0)
2025-11-04 22:00:25.295 +02:00 [INF] Executed DbCommand (308ms) [Parameters=[@p1='?' (DbType = Int32), @p0='?' (DbType = Int32), @p2='?' (DbType = Decimal), @p3='?', @p4='?' (DbType = Decimal), @p5='?' (DbType = Boolean), @p6='?' (DbType = DateTime), @p7='?', @p8='?', @p9='?', @p10='?' (DbType = DateTime), @p11='?' (DbType = Decimal), @p12='?' (DbType = Int32)], CommandType='"Text"', CommandTimeout='120']
UPDATE "Products" SET "StockQuantity" = @p0
WHERE "Id" = @p1;
INSERT INTO "Sales" ("AmountPaid", "Code", "Discount", "IsRefunded", "LastModified", "PaymentMethod", "ReceiptNumber", "RefundReason", "SaleDate", "TotalAmount", "UserId")
VALUES (@p2, @p3, @p4, @p5, @p6, @p7, @p8, @p9, @p10, @p11, @p12)
RETURNING "Id";
2025-11-04 22:00:25.550 +02:00 [INF] Executed DbCommand (251ms) [Parameters=[@p13='?' (DbType = DateTime), @p14='?' (DbType = Int32), @p15='?' (DbType = Int32), @p16='?' (DbType = Int32), @p17='?' (DbType = Int32), @p18='?' (DbType = Decimal)], CommandType='"Text"', CommandTimeout='120']
INSERT INTO "SaleItems" ("LastModified", "ProductCategory", "ProductId", "Quantity", "SaleId", "UnitPrice")
VALUES (@p13, @p14, @p15, @p16, @p17, @p18)
RETURNING "Id";
2025-11-04 22:00:25.796 +02:00 [INF] Executing CreatedAtActionResult, writing value of type 'Xavissa.Database.Models.Sale'.
2025-11-04 22:00:25.799 +02:00 [INF] Executed action Xavissa.Backend.Controllers.SalesController.Create (Xavissa.Backend) in 2355.6889ms
2025-11-04 22:00:25.800 +02:00 [INF] Executed endpoint 'Xavissa.Backend.Controllers.SalesController.Create (Xavissa.Backend)'
2025-11-04 22:00:25.801 +02:00 [INF] Request finished HTTP/1.1 POST http://localhost:5087/api/Sales - 201 null application/json; charset=utf-8 2365.153ms
2025-11-04 22:27:36.465 +02:00 [INF] Request starting HTTP/1.1 GET http://localhost:5087/api/Users/me - null null
2025-11-04 22:27:36.468 +02:00 [INF] Authorization failed. These requirements were not met:
DenyAnonymousAuthorizationRequirement: Requires an authenticated user.
2025-11-04 22:27:36.469 +02:00 [INF] AuthenticationScheme: Bearer was challenged.
2025-11-04 22:27:36.471 +02:00 [INF] Request finished HTTP/1.1 GET http://localhost:5087/api/Users/me - 401 0 null 5.7443ms
2025-11-04 22:27:48.427 +02:00 [INF] Request starting HTTP/1.1 POST http://localhost:5087/api/Auth/login - application/json 50
2025-11-04 22:27:48.430 +02:00 [INF] Executing endpoint 'Xavissa.Backend.Controllers.AuthController.Login (Xavissa.Backend)'
2025-11-04 22:27:48.432 +02:00 [INF] Route matched with {action = "Login", controller = "Auth"}. Executing controller action with signature System.Threading.Tasks.Task`1[Microsoft.AspNetCore.Mvc.IActionResult] Login(Xavissa.Backend.Controllers.LoginRequest) on controller Xavissa.Backend.Controllers.AuthController (Xavissa.Backend).
2025-11-04 22:27:50.306 +02:00 [INF] Executed DbCommand (190ms) [Parameters=[@__username_0='?'], CommandType='"Text"', CommandTimeout='120']
SELECT u."Id", u."Code", u."Email", u."PasswordHash", u."Role", u."Username"
FROM "Users" AS u
WHERE u."Username" = @__username_0
LIMIT 1
2025-11-04 22:27:50.309 +02:00 [INF] Executing OkObjectResult, writing value of type '<>f__AnonymousType1`1[[System.String, System.Private.CoreLib, Version=9.0.0.0, Culture=neutral, PublicKeyToken=7cec85d7bea7798e]]'.
2025-11-04 22:27:50.311 +02:00 [INF] Executed action Xavissa.Backend.Controllers.AuthController.Login (Xavissa.Backend) in 1876.7784ms
2025-11-04 22:27:50.313 +02:00 [INF] Executed endpoint 'Xavissa.Backend.Controllers.AuthController.Login (Xavissa.Backend)'
2025-11-04 22:27:50.314 +02:00 [INF] Request finished HTTP/1.1 POST http://localhost:5087/api/Auth/login - 200 null application/json; charset=utf-8 1886.9361ms
2025-11-04 22:28:12.689 +02:00 [INF] Request starting HTTP/1.1 GET http://localhost:5087/api/Users/me - null null
2025-11-04 22:28:12.694 +02:00 [INF] Executing endpoint 'Xavissa.Backend.Controllers.UsersController.Me (Xavissa.Backend)'
2025-11-04 22:28:12.697 +02:00 [INF] Route matched with {action = "Me", controller = "Users"}. Executing controller action with signature Microsoft.AspNetCore.Mvc.IActionResult Me() on controller Xavissa.Backend.Controllers.UsersController (Xavissa.Backend).
2025-11-04 22:28:12.700 +02:00 [INF] Executing OkObjectResult, writing value of type '<>f__AnonymousType3`4[[System.String, System.Private.CoreLib, Version=9.0.0.0, Culture=neutral, PublicKeyToken=7cec85d7bea7798e],[System.String, System.Private.CoreLib, Version=9.0.0.0, Culture=neutral, PublicKeyToken=7cec85d7bea7798e],[System.String, System.Private.CoreLib, Version=9.0.0.0, Culture=neutral, PublicKeyToken=7cec85d7bea7798e],[System.Collections.Generic.IEnumerable`1[[<>f__AnonymousType4`2[[System.String, System.Private.CoreLib, Version=9.0.0.0, Culture=neutral, PublicKeyToken=7cec85d7bea7798e],[System.String, System.Private.CoreLib, Version=9.0.0.0, Culture=neutral, PublicKeyToken=7cec85d7bea7798e]], Xavissa.Backend, Version=1.0.0.0, Culture=neutral, PublicKeyToken=null]], System.Private.CoreLib, Version=9.0.0.0, Culture=neutral, PublicKeyToken=7cec85d7bea7798e]]'.
2025-11-04 22:28:12.702 +02:00 [INF] Executed action Xavissa.Backend.Controllers.UsersController.Me (Xavissa.Backend) in 2.8311ms
2025-11-04 22:28:12.704 +02:00 [INF] Executed endpoint 'Xavissa.Backend.Controllers.UsersController.Me (Xavissa.Backend)'
2025-11-04 22:28:12.705 +02:00 [INF] Request finished HTTP/1.1 GET http://localhost:5087/api/Users/me - 200 null application/json; charset=utf-8 16.0761ms
2025-11-04 22:43:57.140 +02:00 [INF] Request starting HTTP/1.1 POST http://localhost:5087/api/auth/login - application/json; charset=utf-8 null
2025-11-04 22:43:57.143 +02:00 [INF] Executing endpoint 'Xavissa.Backend.Controllers.AuthController.Login (Xavissa.Backend)'
2025-11-04 22:43:57.144 +02:00 [INF] Route matched with {action = "Login", controller = "Auth"}. Executing controller action with signature System.Threading.Tasks.Task`1[Microsoft.AspNetCore.Mvc.IActionResult] Login(Xavissa.Backend.Controllers.LoginRequest) on controller Xavissa.Backend.Controllers.AuthController (Xavissa.Backend).
2025-11-04 22:43:58.558 +02:00 [INF] Executed DbCommand (196ms) [Parameters=[@__username_0='?'], CommandType='"Text"', CommandTimeout='120']
SELECT u."Id", u."Code", u."Email", u."PasswordHash", u."Role", u."Username"
FROM "Users" AS u
WHERE u."Username" = @__username_0
LIMIT 1
2025-11-04 22:43:58.562 +02:00 [INF] Executing OkObjectResult, writing value of type '<>f__AnonymousType1`1[[System.String, System.Private.CoreLib, Version=9.0.0.0, Culture=neutral, PublicKeyToken=7cec85d7bea7798e]]'.
2025-11-04 22:43:58.563 +02:00 [INF] Executed action Xavissa.Backend.Controllers.AuthController.Login (Xavissa.Backend) in 1416.5626ms
2025-11-04 22:43:58.565 +02:00 [INF] Executed endpoint 'Xavissa.Backend.Controllers.AuthController.Login (Xavissa.Backend)'
2025-11-04 22:43:58.566 +02:00 [INF] Request finished HTTP/1.1 POST http://localhost:5087/api/auth/login - 200 null application/json; charset=utf-8 1426.2984ms
2025-11-04 22:43:59.040 +02:00 [INF] Request starting HTTP/1.1 GET http://localhost:5087/api/UserManagement - null null
2025-11-04 22:43:59.043 +02:00 [INF] Request finished HTTP/1.1 GET http://localhost:5087/api/UserManagement - 404 0 null 3.1728ms
2025-11-04 22:43:59.048 +02:00 [INF] Request reached the end of the middleware pipeline without being handled by application code. Request path: GET http://localhost:5087/api/UserManagement, Response status code: 404
